#
# There is insufficient memory for the Java Runtime Environment to continue.
# Native memory allocation (malloc) failed to allocate 2940016 bytes for Chunk::new
# Possible reasons:
#   The system is out of physical RAM or swap space
#   The process is running with CompressedOops enabled, and the Java Heap may be blocking the growth of the native heap
# Possible solutions:
#   Reduce memory load on the system
#   Increase physical memory or swap space
#   Check if swap backing store is full
#   Decrease Java heap size (-Xmx/-Xms)
#   Decrease number of Java threads
#   Decrease Java thread stack sizes (-Xss)
#   Set larger code cache with -XX:ReservedCodeCacheSize=
#   JVM is running with Unscaled Compressed Oops mode in which the Java heap is
#     placed in the first 4GB address space. The Java Heap base address is the
#     maximum limit for the native heap growth. Please use -XX:HeapBaseMinAddress
#     to set the Java Heap base and to place the Java Heap above 4GB virtual address.
# This output file may be truncated or incomplete.
#
#  Out of Memory Error (./open/src/hotspot/share/memory/arena.cpp:197), pid=15888, tid=20208
#
# JRE version: Java(TM) SE Runtime Environment 18.9 (11.0.12+8) (build 11.0.12+8-LTS-237)
# Java VM: Java HotSpot(TM) 64-Bit Server VM 18.9 (11.0.12+8-LTS-237, mixed mode, tiered, compressed oops, g1 gc, windows-amd64)
# No core dump will be written. Minidumps are not enabled by default on client versions of Windows
#

---------------  S U M M A R Y ------------

Command Line: --add-opens=java.base/java.util=ALL-UNNAMED --add-opens=java.base/java.lang=ALL-UNNAMED --add-opens=java.base/java.lang.invoke=ALL-UNNAMED --add-opens=java.prefs/java.util.prefs=ALL-UNNAMED -XX:MaxMetaspaceSize=256m -XX:+HeapDumpOnOutOfMemoryError -Xms256m -Xmx512m -Dfile.encoding=windows-1252 -Duser.country=US -Duser.language=en -Duser.variant org.gradle.launcher.daemon.bootstrap.GradleDaemon 6.7.1

Host: Intel(R) Core(TM) i7-6600U CPU @ 2.60GHz, 4 cores, 7G,  Windows 10 , 64 bit Build 19041 (10.0.19041.1466)
Time: Thu Feb 10 10:21:55 2022 Pakistan Standard Time elapsed time: 1495.728616 seconds (0d 0h 24m 55s)

---------------  T H R E A D  ---------------

Current thread (0x000001c362844800):  JavaThread "C2 CompilerThread0" daemon [_thread_in_native, id=20208, stack(0x0000001607c00000,0x0000001607d00000)]


Current CompileTask:
C2:1495728 16058       4       org.gradle.api.internal.artifacts.transform.TransformingAsyncArtifactListener::artifactAvailable (98 bytes)

Stack: [0x0000001607c00000,0x0000001607d00000]
Native frames: (J=compiled Java code, j=interpreted, Vv=VM code, C=native code)
V  [jvm.dll+0x617d9a]
V  [jvm.dll+0x74eeef]
V  [jvm.dll+0x750599]
V  [jvm.dll+0x750c23]
V  [jvm.dll+0x2438d8]
V  [jvm.dll+0xba6dc]
V  [jvm.dll+0xbac9c]
V  [jvm.dll+0x3469b7]
V  [jvm.dll+0x194071]
V  [jvm.dll+0x1fd212]
V  [jvm.dll+0x1fc2ed]
V  [jvm.dll+0x17f18c]
V  [jvm.dll+0x20b87c]
V  [jvm.dll+0x20997b]
V  [jvm.dll+0x716359]
V  [jvm.dll+0x70f064]
V  [jvm.dll+0x616f66]
C  [ucrtbase.dll+0x21bb2]
C  [KERNEL32.DLL+0x17034]
C  [ntdll.dll+0x52651]


---------------  P R O C E S S  ---------------

Threads class SMR info:
_java_thread_list=0x000001c368183a40, length=140, elements={
0x000001c347b59000, 0x000001c36281a800, 0x000001c362824800, 0x000001c362839800,
0x000001c36283b800, 0x000001c36283e800, 0x000001c362844800, 0x000001c36284a800,
0x000001c36284c800, 0x000001c3632f4800, 0x000001c36447d000, 0x000001c36455f000,
0x000001c364b4f800, 0x000001c363552800, 0x000001c363555000, 0x000001c363553800,
0x000001c363557000, 0x000001c365035800, 0x000001c369022000, 0x000001c36503c800,
0x000001c36503d800, 0x000001c365037800, 0x000001c365038800, 0x000001c365037000,
0x000001c365036000, 0x000001c36503f000, 0x000001c36503e800, 0x000001c36503b000,
0x000001c365039800, 0x000001c365040000, 0x000001c365044000, 0x000001c365040800,
0x000001c365042800, 0x000001c365041800, 0x000001c365043000, 0x000001c369023800,
0x000001c369025000, 0x000001c369021000, 0x000001c369026000, 0x000001c369023000,
0x000001c369024800, 0x000001c369020800, 0x000001c369027000, 0x000001c369027800,
0x000001c36902d800, 0x000001c36902c800, 0x000001c36902a000, 0x000001c369029800,
0x000001c36902e000, 0x000001c36902b000, 0x000001c369028800, 0x000001c36902f000,
0x000001c363551000, 0x000001c363554800, 0x000001c363552000, 0x000001c363556000,
0x000001c363550800, 0x000001c36b150000, 0x000001c36b14f000, 0x000001c36b151800,
0x000001c36b151000, 0x000001c36b152800, 0x000001c36b14e800, 0x000001c36b153800,
0x000001c36b15a000, 0x000001c36b159000, 0x000001c36b154000, 0x000001c36b158000,
0x000001c36b15a800, 0x000001c36b155000, 0x000001c36b15b800, 0x000001c36b155800,
0x000001c36b15c800, 0x000001c36b156800, 0x000001c36b15d000, 0x000001c36b157800,
0x000001c3650bc000, 0x000001c3650bf000, 0x000001c3650be800, 0x000001c3650bd000,
0x000001c3650ba800, 0x000001c3650bb000, 0x000001c3650bd800, 0x000001c3650b9800,
0x000001c3650c1800, 0x000001c3650c6000, 0x000001c3650c2800, 0x000001c3650c0000,
0x000001c3650c6800, 0x000001c3650c1000, 0x000001c3650c3800, 0x000001c3650c8000,
0x000001c3650c5000, 0x000001c3650c7800, 0x000001c3650c4000, 0x000001c3655b4800,
0x000001c3655b9800, 0x000001c3655b3800, 0x000001c3655b6000, 0x000001c3655b7000,
0x000001c3655b8000, 0x000001c3655b8800, 0x000001c3655ba800, 0x000001c3655bb000,
0x000001c3655b5800, 0x000001c3655be800, 0x000001c3655bc000, 0x000001c3655bd800,
0x000001c3655c0000, 0x000001c3655bf000, 0x000001c3655c1000, 0x000001c3655c1800,
0x000001c3655c2800, 0x000001c3655bc800, 0x000001c365e08000, 0x000001c365e09000,
0x000001c365e07800, 0x000001c365e0a000, 0x000001c365e0a800, 0x000001c365e0b800,
0x000001c365e0c800, 0x000001c365e06800, 0x000001c365e11000, 0x000001c365e0e000,
0x000001c365e0d000, 0x000001c365e13800, 0x000001c365e0f800, 0x000001c365e0e800,
0x000001c365e10800, 0x000001c365e12000, 0x000001c365e13000, 0x000001c365e14800,
0x000001c365e15800, 0x000001c363723800, 0x000001c363724800, 0x000001c363722800,
0x000001c363726800, 0x000001c363721000, 0x000001c363726000, 0x000001c363727800
}

Java Threads: ( => current thread )
  0x000001c347b59000 JavaThread "main" [_thread_blocked, id=6708, stack(0x0000001607000000,0x0000001607100000)]
  0x000001c36281a800 JavaThread "Reference Handler" daemon [_thread_blocked, id=17988, stack(0x0000001607700000,0x0000001607800000)]
  0x000001c362824800 JavaThread "Finalizer" daemon [_thread_blocked, id=10524, stack(0x0000001607800000,0x0000001607900000)]
  0x000001c362839800 JavaThread "Signal Dispatcher" daemon [_thread_blocked, id=11184, stack(0x0000001607900000,0x0000001607a00000)]
  0x000001c36283b800 JavaThread "Attach Listener" daemon [_thread_blocked, id=20828, stack(0x0000001607a00000,0x0000001607b00000)]
  0x000001c36283e800 JavaThread "Service Thread" daemon [_thread_blocked, id=15684, stack(0x0000001607b00000,0x0000001607c00000)]
=>0x000001c362844800 JavaThread "C2 CompilerThread0" daemon [_thread_in_native, id=20208, stack(0x0000001607c00000,0x0000001607d00000)]
  0x000001c36284a800 JavaThread "C1 CompilerThread0" daemon [_thread_blocked, id=18112, stack(0x0000001607d00000,0x0000001607e00000)]
  0x000001c36284c800 JavaThread "Sweeper thread" daemon [_thread_blocked, id=19284, stack(0x0000001607e00000,0x0000001607f00000)]
  0x000001c3632f4800 JavaThread "Common-Cleaner" daemon [_thread_blocked, id=20052, stack(0x0000001607f00000,0x0000001608000000)]
  0x000001c36447d000 JavaThread "Daemon health stats" [_thread_blocked, id=17992, stack(0x0000001608400000,0x0000001608500000)]
  0x000001c36455f000 JavaThread "Incoming local TCP Connector on port 59117" [_thread_in_native, id=13952, stack(0x0000001608700000,0x0000001608800000)]
  0x000001c364b4f800 JavaThread "Daemon periodic checks" [_thread_blocked, id=8268, stack(0x0000001608800000,0x0000001608900000)]
  0x000001c363552800 JavaThread "Cache worker for file hash cache (C:\Users\mjazi\.gradle\caches\6.7.1\fileHashes)" [_thread_blocked, id=19952, stack(0x0000001609000000,0x0000001609100000)]
  0x000001c363555000 JavaThread "File lock request listener" [_thread_in_native, id=14960, stack(0x0000001609100000,0x0000001609200000)]
  0x000001c363553800 JavaThread "Cache worker for journal cache (C:\Users\mjazi\.gradle\caches\journal-1)" [_thread_blocked, id=10924, stack(0x0000001609200000,0x0000001609300000)]
  0x000001c363557000 JavaThread "Cache worker for execution history cache (C:\Users\mjazi\.gradle\caches\6.7.1\executionHistory)" [_thread_blocked, id=8708, stack(0x0000001609700000,0x0000001609800000)]
  0x000001c365035800 JavaThread "Cache worker for file content cache (C:\Users\mjazi\.gradle\caches\6.7.1\fileContent)" [_thread_blocked, id=21124, stack(0x0000001609900000,0x0000001609a00000)]
  0x000001c369022000 JavaThread "Memory manager" [_thread_blocked, id=9796, stack(0x0000001610000000,0x0000001610100000)]
  0x000001c36503c800 JavaThread "Monitor" [_thread_in_native, id=15340, stack(0x0000001609800000,0x0000001609900000)]
  0x000001c36503d800 JavaThread "JdwpProxyConnection" [_thread_in_native, id=21964, stack(0x000000160a000000,0x000000160a100000)]
  0x000001c365037800 JavaThread "Device List Monitor" [_thread_in_native, id=19660, stack(0x000000160a100000,0x000000160a200000)]
  0x000001c365038800 JavaThread "Daemon Thread 2" [_thread_blocked, id=13144, stack(0x0000001606d00000,0x0000001606e00000)]
  0x000001c365037000 JavaThread "Handler for socket connection from /127.0.0.1:59117 to /127.0.0.1:53633" [_thread_in_native, id=20676, stack(0x0000001606e00000,0x0000001606f00000)]
  0x000001c365036000 JavaThread "Cancel handler" [_thread_blocked, id=18828, stack(0x0000001606f00000,0x0000001607000000)]
  0x000001c36503f000 JavaThread "Daemon worker Thread 2" [_thread_blocked, id=260, stack(0x0000001608500000,0x0000001608600000)]
  0x000001c36503e800 JavaThread "Asynchronous log dispatcher for DefaultDaemonConnection: socket connection from /127.0.0.1:59117 to /127.0.0.1:53633" [_thread_blocked, id=7104, stack(0x0000001608600000,0x0000001608700000)]
  0x000001c36503b000 JavaThread "Stdin handler" [_thread_blocked, id=18200, stack(0x0000001608900000,0x0000001608a00000)]
  0x000001c365039800 JavaThread "Thread-132" [_thread_blocked, id=21452, stack(0x0000001608a00000,0x0000001608b00000)]
  0x000001c365040000 JavaThread "Cache worker for file hash cache (C:\Users\mjazi\GharbarMobileApp1\android\.gradle\6.7.1\fileHashes)" [_thread_blocked, id=20908, stack(0x0000001608b00000,0x0000001608c00000)]
  0x000001c365044000 JavaThread "Cache worker for checksums cache (C:\Users\mjazi\GharbarMobileApp1\android\.gradle\checksums)" [_thread_blocked, id=2984, stack(0x0000001608c00000,0x0000001608d00000)]
  0x000001c365040800 JavaThread "Cache worker for cache directory md-supplier (C:\Users\mjazi\.gradle\caches\6.7.1\md-supplier)" [_thread_blocked, id=18732, stack(0x0000001608d00000,0x0000001608e00000)]
  0x000001c365042800 JavaThread "Cache worker for cache directory md-rule (C:\Users\mjazi\.gradle\caches\6.7.1\md-rule)" [_thread_blocked, id=20292, stack(0x0000001608e00000,0x0000001608f00000)]
  0x000001c365041800 JavaThread "Cache worker for Build Output Cleanup Cache (C:\Users\mjazi\GharbarMobileApp1\android\.gradle\buildOutputCleanup)" [_thread_blocked, id=900, stack(0x0000001608f00000,0x0000001609000000)]
  0x000001c365043000 JavaThread "Build operations" [_thread_blocked, id=17184, stack(0x0000001609300000,0x0000001609400000)]
  0x000001c369023800 JavaThread "Build operations Thread 2" [_thread_blocked, id=1312, stack(0x0000001609400000,0x0000001609500000)]
  0x000001c369025000 JavaThread "Build operations Thread 3" [_thread_blocked, id=2404, stack(0x0000001609500000,0x0000001609600000)]
  0x000001c369021000 JavaThread "Build operations Thread 4" [_thread_blocked, id=14092, stack(0x0000001609600000,0x0000001609700000)]
  0x000001c369026000 JavaThread "jar transforms Thread 98" [_thread_blocked, id=19356, stack(0x0000001609a00000,0x0000001609b00000)]
  0x000001c369023000 JavaThread "jar transforms Thread 99" [_thread_blocked, id=19820, stack(0x0000001609b00000,0x0000001609c00000)]
  0x000001c369024800 JavaThread "jar transforms Thread 100" [_thread_blocked, id=3168, stack(0x0000001609c00000,0x0000001609d00000)]
  0x000001c369020800 JavaThread "jar transforms Thread 101" [_thread_blocked, id=20452, stack(0x0000001609d00000,0x0000001609e00000)]
  0x000001c369027000 JavaThread "jar transforms Thread 102" [_thread_blocked, id=1004, stack(0x0000001609e00000,0x0000001609f00000)]
  0x000001c369027800 JavaThread "jar transforms Thread 103" [_thread_blocked, id=18536, stack(0x0000001609f00000,0x000000160a000000)]
  0x000001c36902d800 JavaThread "jar transforms Thread 104" [_thread_blocked, id=5792, stack(0x000000160a200000,0x000000160a300000)]
  0x000001c36902c800 JavaThread "jar transforms Thread 105" [_thread_blocked, id=1388, stack(0x000000160a300000,0x000000160a400000)]
  0x000001c36902a000 JavaThread "jar transforms Thread 106" [_thread_blocked, id=22480, stack(0x000000160a400000,0x000000160a500000)]
  0x000001c369029800 JavaThread "jar transforms Thread 107" [_thread_blocked, id=18188, stack(0x000000160a500000,0x000000160a600000)]
  0x000001c36902e000 JavaThread "jar transforms Thread 108" [_thread_blocked, id=16836, stack(0x000000160a600000,0x000000160a700000)]
  0x000001c36902b000 JavaThread "jar transforms Thread 109" [_thread_blocked, id=5084, stack(0x000000160a700000,0x000000160a800000)]
  0x000001c369028800 JavaThread "jar transforms Thread 110" [_thread_blocked, id=15276, stack(0x000000160a800000,0x000000160a900000)]
  0x000001c36902f000 JavaThread "jar transforms Thread 111" [_thread_blocked, id=10876, stack(0x000000160a900000,0x000000160aa00000)]
  0x000001c363551000 JavaThread "jar transforms Thread 112" [_thread_blocked, id=19924, stack(0x000000160aa00000,0x000000160ab00000)]
  0x000001c363554800 JavaThread "jar transforms Thread 113" [_thread_blocked, id=15184, stack(0x000000160ab00000,0x000000160ac00000)]
  0x000001c363552000 JavaThread "jar transforms Thread 114" [_thread_blocked, id=11276, stack(0x000000160ac00000,0x000000160ad00000)]
  0x000001c363556000 JavaThread "jar transforms Thread 115" [_thread_blocked, id=18288, stack(0x000000160ad00000,0x000000160ae00000)]
  0x000001c363550800 JavaThread "jar transforms Thread 116" [_thread_blocked, id=9912, stack(0x000000160ae00000,0x000000160af00000)]
  0x000001c36b150000 JavaThread "jar transforms Thread 117" [_thread_blocked, id=9828, stack(0x000000160af00000,0x000000160b000000)]
  0x000001c36b14f000 JavaThread "jar transforms Thread 118" [_thread_blocked, id=1912, stack(0x000000160b000000,0x000000160b100000)]
  0x000001c36b151800 JavaThread "jar transforms Thread 119" [_thread_blocked, id=15692, stack(0x000000160b100000,0x000000160b200000)]
  0x000001c36b151000 JavaThread "jar transforms Thread 120" [_thread_blocked, id=1900, stack(0x000000160b200000,0x000000160b300000)]
  0x000001c36b152800 JavaThread "jar transforms Thread 121" [_thread_blocked, id=9492, stack(0x000000160b300000,0x000000160b400000)]
  0x000001c36b14e800 JavaThread "jar transforms Thread 122" [_thread_blocked, id=3876, stack(0x000000160b400000,0x000000160b500000)]
  0x000001c36b153800 JavaThread "jar transforms Thread 123" [_thread_blocked, id=20764, stack(0x000000160b500000,0x000000160b600000)]
  0x000001c36b15a000 JavaThread "jar transforms Thread 124" [_thread_blocked, id=16956, stack(0x000000160b600000,0x000000160b700000)]
  0x000001c36b159000 JavaThread "jar transforms Thread 125" [_thread_blocked, id=2220, stack(0x000000160b700000,0x000000160b800000)]
  0x000001c36b154000 JavaThread "jar transforms Thread 126" [_thread_blocked, id=6740, stack(0x000000160b800000,0x000000160b900000)]
  0x000001c36b158000 JavaThread "jar transforms Thread 127" [_thread_blocked, id=13672, stack(0x000000160b900000,0x000000160ba00000)]
  0x000001c36b15a800 JavaThread "jar transforms Thread 128" [_thread_blocked, id=5568, stack(0x000000160ba00000,0x000000160bb00000)]
  0x000001c36b155000 JavaThread "jar transforms Thread 129" [_thread_blocked, id=10916, stack(0x000000160bb00000,0x000000160bc00000)]
  0x000001c36b15b800 JavaThread "jar transforms Thread 130" [_thread_blocked, id=22072, stack(0x000000160bc00000,0x000000160bd00000)]
  0x000001c36b155800 JavaThread "jar transforms Thread 131" [_thread_blocked, id=17772, stack(0x000000160bd00000,0x000000160be00000)]
  0x000001c36b15c800 JavaThread "jar transforms Thread 132" [_thread_blocked, id=4532, stack(0x000000160be00000,0x000000160bf00000)]
  0x000001c36b156800 JavaThread "jar transforms Thread 133" [_thread_blocked, id=21532, stack(0x000000160bf00000,0x000000160c000000)]
  0x000001c36b15d000 JavaThread "jar transforms Thread 134" [_thread_blocked, id=18152, stack(0x000000160c000000,0x000000160c100000)]
  0x000001c36b157800 JavaThread "jar transforms Thread 135" [_thread_blocked, id=20796, stack(0x000000160c100000,0x000000160c200000)]
  0x000001c3650bc000 JavaThread "jar transforms Thread 136" [_thread_blocked, id=10092, stack(0x000000160c200000,0x000000160c300000)]
  0x000001c3650bf000 JavaThread "jar transforms Thread 137" [_thread_blocked, id=4664, stack(0x000000160c300000,0x000000160c400000)]
  0x000001c3650be800 JavaThread "jar transforms Thread 138" [_thread_blocked, id=21448, stack(0x000000160c400000,0x000000160c500000)]
  0x000001c3650bd000 JavaThread "jar transforms Thread 139" [_thread_blocked, id=21236, stack(0x000000160c500000,0x000000160c600000)]
  0x000001c3650ba800 JavaThread "jar transforms Thread 140" [_thread_blocked, id=9240, stack(0x000000160c600000,0x000000160c700000)]
  0x000001c3650bb000 JavaThread "jar transforms Thread 141" [_thread_blocked, id=8660, stack(0x000000160c700000,0x000000160c800000)]
  0x000001c3650bd800 JavaThread "jar transforms Thread 142" [_thread_blocked, id=21892, stack(0x000000160c800000,0x000000160c900000)]
  0x000001c3650b9800 JavaThread "jar transforms Thread 143" [_thread_blocked, id=3992, stack(0x000000160c900000,0x000000160ca00000)]
  0x000001c3650c1800 JavaThread "jar transforms Thread 144" [_thread_blocked, id=18268, stack(0x000000160ca00000,0x000000160cb00000)]
  0x000001c3650c6000 JavaThread "jar transforms Thread 145" [_thread_blocked, id=2464, stack(0x000000160cb00000,0x000000160cc00000)]
  0x000001c3650c2800 JavaThread "jar transforms Thread 146" [_thread_blocked, id=15756, stack(0x000000160cc00000,0x000000160cd00000)]
  0x000001c3650c0000 JavaThread "jar transforms Thread 147" [_thread_blocked, id=19528, stack(0x000000160cd00000,0x000000160ce00000)]
  0x000001c3650c6800 JavaThread "jar transforms Thread 148" [_thread_blocked, id=4056, stack(0x000000160ce00000,0x000000160cf00000)]
  0x000001c3650c1000 JavaThread "jar transforms Thread 149" [_thread_blocked, id=12556, stack(0x000000160cf00000,0x000000160d000000)]
  0x000001c3650c3800 JavaThread "jar transforms Thread 150" [_thread_blocked, id=12528, stack(0x000000160d000000,0x000000160d100000)]
  0x000001c3650c8000 JavaThread "jar transforms Thread 151" [_thread_blocked, id=19244, stack(0x000000160d100000,0x000000160d200000)]
  0x000001c3650c5000 JavaThread "jar transforms Thread 152" [_thread_blocked, id=1452, stack(0x000000160d200000,0x000000160d300000)]
  0x000001c3650c7800 JavaThread "jar transforms Thread 153" [_thread_blocked, id=1256, stack(0x000000160d300000,0x000000160d400000)]
  0x000001c3650c4000 JavaThread "jar transforms Thread 154" [_thread_blocked, id=15608, stack(0x000000160d400000,0x000000160d500000)]
  0x000001c3655b4800 JavaThread "jar transforms Thread 155" [_thread_blocked, id=11496, stack(0x000000160d500000,0x000000160d600000)]
  0x000001c3655b9800 JavaThread "jar transforms Thread 156" [_thread_blocked, id=5932, stack(0x000000160d600000,0x000000160d700000)]
  0x000001c3655b3800 JavaThread "jar transforms Thread 157" [_thread_blocked, id=2748, stack(0x000000160d700000,0x000000160d800000)]
  0x000001c3655b6000 JavaThread "jar transforms Thread 158" [_thread_blocked, id=11296, stack(0x000000160d800000,0x000000160d900000)]
  0x000001c3655b7000 JavaThread "jar transforms Thread 159" [_thread_blocked, id=14656, stack(0x000000160d900000,0x000000160da00000)]
  0x000001c3655b8000 JavaThread "jar transforms Thread 160" [_thread_blocked, id=21480, stack(0x000000160da00000,0x000000160db00000)]
  0x000001c3655b8800 JavaThread "jar transforms Thread 161" [_thread_blocked, id=17464, stack(0x000000160db00000,0x000000160dc00000)]
  0x000001c3655ba800 JavaThread "jar transforms Thread 162" [_thread_blocked, id=5832, stack(0x000000160dc00000,0x000000160dd00000)]
  0x000001c3655bb000 JavaThread "jar transforms Thread 163" [_thread_blocked, id=19536, stack(0x000000160dd00000,0x000000160de00000)]
  0x000001c3655b5800 JavaThread "jar transforms Thread 164" [_thread_blocked, id=22196, stack(0x000000160de00000,0x000000160df00000)]
  0x000001c3655be800 JavaThread "jar transforms Thread 165" [_thread_blocked, id=22244, stack(0x000000160df00000,0x000000160e000000)]
  0x000001c3655bc000 JavaThread "jar transforms Thread 166" [_thread_blocked, id=21192, stack(0x000000160e000000,0x000000160e100000)]
  0x000001c3655bd800 JavaThread "jar transforms Thread 167" [_thread_blocked, id=14864, stack(0x000000160e100000,0x000000160e200000)]
  0x000001c3655c0000 JavaThread "jar transforms Thread 168" [_thread_blocked, id=19568, stack(0x000000160e200000,0x000000160e300000)]
  0x000001c3655bf000 JavaThread "jar transforms Thread 169" [_thread_blocked, id=20784, stack(0x000000160e300000,0x000000160e400000)]
  0x000001c3655c1000 JavaThread "jar transforms Thread 170" [_thread_blocked, id=17808, stack(0x000000160e400000,0x000000160e500000)]
  0x000001c3655c1800 JavaThread "jar transforms Thread 171" [_thread_blocked, id=5512, stack(0x000000160e500000,0x000000160e600000)]
  0x000001c3655c2800 JavaThread "jar transforms Thread 172" [_thread_blocked, id=13236, stack(0x000000160e600000,0x000000160e700000)]
  0x000001c3655bc800 JavaThread "jar transforms Thread 173" [_thread_blocked, id=5056, stack(0x000000160e700000,0x000000160e800000)]
  0x000001c365e08000 JavaThread "jar transforms Thread 174" [_thread_blocked, id=7412, stack(0x000000160e800000,0x000000160e900000)]
  0x000001c365e09000 JavaThread "jar transforms Thread 175" [_thread_blocked, id=6000, stack(0x000000160e900000,0x000000160ea00000)]
  0x000001c365e07800 JavaThread "jar transforms Thread 176" [_thread_blocked, id=17840, stack(0x000000160ea00000,0x000000160eb00000)]
  0x000001c365e0a000 JavaThread "jar transforms Thread 177" [_thread_blocked, id=11440, stack(0x000000160eb00000,0x000000160ec00000)]
  0x000001c365e0a800 JavaThread "jar transforms Thread 178" [_thread_blocked, id=13232, stack(0x000000160ec00000,0x000000160ed00000)]
  0x000001c365e0b800 JavaThread "jar transforms Thread 179" [_thread_blocked, id=21900, stack(0x000000160ed00000,0x000000160ee00000)]
  0x000001c365e0c800 JavaThread "jar transforms Thread 180" [_thread_blocked, id=18664, stack(0x000000160ee00000,0x000000160ef00000)]
  0x000001c365e06800 JavaThread "jar transforms Thread 181" [_thread_blocked, id=6628, stack(0x000000160ef00000,0x000000160f000000)]
  0x000001c365e11000 JavaThread "jar transforms Thread 182" [_thread_blocked, id=14404, stack(0x000000160f000000,0x000000160f100000)]
  0x000001c365e0e000 JavaThread "jar transforms Thread 183" [_thread_blocked, id=18048, stack(0x000000160f100000,0x000000160f200000)]
  0x000001c365e0d000 JavaThread "jar transforms Thread 184" [_thread_blocked, id=2616, stack(0x000000160f200000,0x000000160f300000)]
  0x000001c365e13800 JavaThread "jar transforms Thread 185" [_thread_blocked, id=15540, stack(0x000000160f300000,0x000000160f400000)]
  0x000001c365e0f800 JavaThread "jar transforms Thread 186" [_thread_blocked, id=20704, stack(0x000000160f400000,0x000000160f500000)]
  0x000001c365e0e800 JavaThread "jar transforms Thread 187" [_thread_blocked, id=20464, stack(0x000000160f500000,0x000000160f600000)]
  0x000001c365e10800 JavaThread "jar transforms Thread 188" [_thread_blocked, id=6640, stack(0x000000160f600000,0x000000160f700000)]
  0x000001c365e12000 JavaThread "jar transforms Thread 189" [_thread_blocked, id=16604, stack(0x000000160f700000,0x000000160f800000)]
  0x000001c365e13000 JavaThread "jar transforms Thread 190" [_thread_blocked, id=21648, stack(0x000000160f800000,0x000000160f900000)]
  0x000001c365e14800 JavaThread "jar transforms Thread 191" [_thread_blocked, id=15088, stack(0x000000160f900000,0x000000160fa00000)]
  0x000001c365e15800 JavaThread "jar transforms Thread 192" [_thread_blocked, id=13180, stack(0x000000160fa00000,0x000000160fb00000)]
  0x000001c363723800 JavaThread "jar transforms Thread 193" [_thread_blocked, id=7324, stack(0x000000160fb00000,0x000000160fc00000)]
  0x000001c363724800 JavaThread "jar transforms Thread 194" [_thread_blocked, id=20792, stack(0x000000160fc00000,0x000000160fd00000)]
  0x000001c363722800 JavaThread "build event listener" [_thread_blocked, id=6312, stack(0x000000160fd00000,0x000000160fe00000)]
  0x000001c363726800 JavaThread "Execution worker for ':'" [_thread_in_vm, id=5176, stack(0x000000160fe00000,0x000000160ff00000)]
  0x000001c363721000 JavaThread "Execution worker for ':' Thread 2" [_thread_blocked, id=13360, stack(0x000000160ff00000,0x0000001610000000)]
  0x000001c363726000 JavaThread "Execution worker for ':' Thread 3" [_thread_blocked, id=1588, stack(0x0000001610100000,0x0000001610200000)]
  0x000001c363727800 JavaThread "Cache worker for execution history cache (C:\Users\mjazi\GharbarMobileApp1\android\.gradle\6.7.1\executionHistory)" [_thread_blocked, id=20600, stack(0x0000001610200000,0x0000001610300000)]

Other Threads:
  0x000001c3627f4800 VMThread "VM Thread" [stack: 0x0000001607600000,0x0000001607700000] [id=12660]
  0x000001c36331b800 WatcherThread [stack: 0x0000001608000000,0x0000001608100000] [id=1476]
  0x000001c347b6f000 GCTaskThread "GC Thread#0" [stack: 0x0000001607100000,0x0000001607200000] [id=10068]
  0x000001c3635f2800 GCTaskThread "GC Thread#1" [stack: 0x0000001608100000,0x0000001608200000] [id=5072]
  0x000001c363658000 GCTaskThread "GC Thread#2" [stack: 0x0000001608200000,0x0000001608300000] [id=17672]
  0x000001c3635c1800 GCTaskThread "GC Thread#3" [stack: 0x0000001608300000,0x0000001608400000] [id=9400]
  0x000001c347b7f000 ConcurrentGCThread "G1 Main Marker" [stack: 0x0000001607200000,0x0000001607300000] [id=20636]
  0x000001c347b80000 ConcurrentGCThread "G1 Conc#0" [stack: 0x0000001607300000,0x0000001607400000] [id=17488]
  0x000001c347c2e000 ConcurrentGCThread "G1 Refine#0" [stack: 0x0000001607400000,0x0000001607500000] [id=11488]
  0x000001c3678df800 ConcurrentGCThread "G1 Refine#1" [stack: 0x0000001610300000,0x0000001610400000] [id=16496]
  0x000001c364aba800 ConcurrentGCThread "G1 Refine#2" [stack: 0x0000001610400000,0x0000001610500000] [id=10384]
  0x000001c363baf000 ConcurrentGCThread "G1 Refine#3" [stack: 0x0000001610500000,0x0000001610600000] [id=8888]
  0x000001c362690800 ConcurrentGCThread "G1 Young RemSet Sampling" [stack: 0x0000001607500000,0x0000001607600000] [id=8788]

Threads with active compile tasks:
C2 CompilerThread01495804 16058       4       org.gradle.api.internal.artifacts.transform.TransformingAsyncArtifactListener::artifactAvailable (98 bytes)

VM state:not at safepoint (normal execution)

VM Mutex/Monitor currently owned by a thread: None

Heap address: 0x00000000e0000000, size: 512 MB, Compressed Oops mode: 32-bit
Narrow klass base: 0x0000000000000000, Narrow klass shift: 3
Compressed class space size: 260046848 Address: 0x0000000100000000

Heap:
 garbage-first heap   total 262144K, used 164307K [0x00000000e0000000, 0x0000000100000000)
  region size 1024K, 54 young (55296K), 1 survivors (1024K)
 Metaspace       used 93478K, capacity 97073K, committed 97792K, reserved 339968K
  class space    used 11678K, capacity 13029K, committed 13312K, reserved 253952K
Heap Regions: E=young(eden), S=young(survivor), O=old, HS=humongous(starts), HC=humongous(continues), CS=collection set, F=free, A=archive, TAMS=top-at-mark-start (previous, next)
|   0|0x00000000e0000000, 0x00000000e0100000, 0x00000000e0100000|100%| O|  |TAMS 0x00000000e0100000, 0x00000000e0000000| Untracked 
|   1|0x00000000e0100000, 0x00000000e0200000, 0x00000000e0200000|100%| O|  |TAMS 0x00000000e0200000, 0x00000000e0100000| Untracked 
|   2|0x00000000e0200000, 0x00000000e0300000, 0x00000000e0300000|100%| O|  |TAMS 0x00000000e0300000, 0x00000000e0200000| Untracked 
|   3|0x00000000e0300000, 0x00000000e0400000, 0x00000000e0400000|100%|HS|  |TAMS 0x00000000e0400000, 0x00000000e0300000| Complete 
|   4|0x00000000e0400000, 0x00000000e0500000, 0x00000000e0500000|100%|HC|  |TAMS 0x00000000e0500000, 0x00000000e0400000| Complete 
|   5|0x00000000e0500000, 0x00000000e0600000, 0x00000000e0600000|100%|HC|  |TAMS 0x00000000e0600000, 0x00000000e0500000| Complete 
|   6|0x00000000e0600000, 0x00000000e0700000, 0x00000000e0700000|100%| O|  |TAMS 0x00000000e0700000, 0x00000000e0600000| Untracked 
|   7|0x00000000e0700000, 0x00000000e0800000, 0x00000000e0800000|100%| O|  |TAMS 0x00000000e0800000, 0x00000000e0700000| Untracked 
|   8|0x00000000e0800000, 0x00000000e0900000, 0x00000000e0900000|100%| O|  |TAMS 0x00000000e0900000, 0x00000000e0800000| Untracked 
|   9|0x00000000e0900000, 0x00000000e0a00000, 0x00000000e0a00000|100%| O|  |TAMS 0x00000000e0a00000, 0x00000000e0900000| Untracked 
|  10|0x00000000e0a00000, 0x00000000e0b00000, 0x00000000e0b00000|100%| O|  |TAMS 0x00000000e0b00000, 0x00000000e0a00000| Untracked 
|  11|0x00000000e0b00000, 0x00000000e0c00000, 0x00000000e0c00000|100%| O|  |TAMS 0x00000000e0c00000, 0x00000000e0b00000| Untracked 
|  12|0x00000000e0c00000, 0x00000000e0d00000, 0x00000000e0d00000|100%| O|  |TAMS 0x00000000e0d00000, 0x00000000e0c00000| Untracked 
|  13|0x00000000e0d00000, 0x00000000e0e00000, 0x00000000e0e00000|100%|HS|  |TAMS 0x00000000e0e00000, 0x00000000e0d00000| Complete 
|  14|0x00000000e0e00000, 0x00000000e0f00000, 0x00000000e0f00000|100%|HS|  |TAMS 0x00000000e0f00000, 0x00000000e0e00000| Complete 
|  15|0x00000000e0f00000, 0x00000000e1000000, 0x00000000e1000000|100%|HC|  |TAMS 0x00000000e1000000, 0x00000000e0f00000| Complete 
|  16|0x00000000e1000000, 0x00000000e1100000, 0x00000000e1100000|100%| O|  |TAMS 0x00000000e1100000, 0x00000000e1000000| Untracked 
|  17|0x00000000e1100000, 0x00000000e1200000, 0x00000000e1200000|100%| O|  |TAMS 0x00000000e1200000, 0x00000000e1100000| Untracked 
|  18|0x00000000e1200000, 0x00000000e1300000, 0x00000000e1300000|100%| O|  |TAMS 0x00000000e1300000, 0x00000000e1200000| Untracked 
|  19|0x00000000e1300000, 0x00000000e1400000, 0x00000000e1400000|100%| O|  |TAMS 0x00000000e1400000, 0x00000000e1300000| Untracked 
|  20|0x00000000e1400000, 0x00000000e1500000, 0x00000000e1500000|100%| O|  |TAMS 0x00000000e1500000, 0x00000000e1400000| Untracked 
|  21|0x00000000e1500000, 0x00000000e1600000, 0x00000000e1600000|100%| O|  |TAMS 0x00000000e1600000, 0x00000000e1500000| Untracked 
|  22|0x00000000e1600000, 0x00000000e1700000, 0x00000000e1700000|100%| O|  |TAMS 0x00000000e1700000, 0x00000000e1600000| Untracked 
|  23|0x00000000e1700000, 0x00000000e1800000, 0x00000000e1800000|100%| O|  |TAMS 0x00000000e1800000, 0x00000000e1700000| Untracked 
|  24|0x00000000e1800000, 0x00000000e1900000, 0x00000000e1900000|100%| O|  |TAMS 0x00000000e1900000, 0x00000000e1800000| Untracked 
|  25|0x00000000e1900000, 0x00000000e1a00000, 0x00000000e1a00000|100%| O|  |TAMS 0x00000000e1900000, 0x00000000e1900000| Untracked 
|  26|0x00000000e1a00000, 0x00000000e1b00000, 0x00000000e1b00000|100%| O|  |TAMS 0x00000000e1b00000, 0x00000000e1a00000| Untracked 
|  27|0x00000000e1b00000, 0x00000000e1c00000, 0x00000000e1c00000|100%| O|  |TAMS 0x00000000e1c00000, 0x00000000e1b00000| Untracked 
|  28|0x00000000e1c00000, 0x00000000e1d00000, 0x00000000e1d00000|100%| O|  |TAMS 0x00000000e1d00000, 0x00000000e1c00000| Untracked 
|  29|0x00000000e1d00000, 0x00000000e1e00000, 0x00000000e1e00000|100%| O|  |TAMS 0x00000000e1e00000, 0x00000000e1d00000| Untracked 
|  30|0x00000000e1e00000, 0x00000000e1f00000, 0x00000000e1f00000|100%| O|  |TAMS 0x00000000e1f00000, 0x00000000e1e00000| Untracked 
|  31|0x00000000e1f00000, 0x00000000e2000000, 0x00000000e2000000|100%| O|  |TAMS 0x00000000e2000000, 0x00000000e1f00000| Untracked 
|  32|0x00000000e2000000, 0x00000000e2100000, 0x00000000e2100000|100%| O|  |TAMS 0x00000000e2100000, 0x00000000e2000000| Untracked 
|  33|0x00000000e2100000, 0x00000000e2200000, 0x00000000e2200000|100%| O|  |TAMS 0x00000000e2200000, 0x00000000e2100000| Untracked 
|  34|0x00000000e2200000, 0x00000000e2300000, 0x00000000e2300000|100%| O|  |TAMS 0x00000000e2300000, 0x00000000e2200000| Untracked 
|  35|0x00000000e2300000, 0x00000000e2400000, 0x00000000e2400000|100%| O|  |TAMS 0x00000000e2400000, 0x00000000e2300000| Untracked 
|  36|0x00000000e2400000, 0x00000000e2500000, 0x00000000e2500000|100%| O|  |TAMS 0x00000000e2500000, 0x00000000e2400000| Untracked 
|  37|0x00000000e2500000, 0x00000000e2500000, 0x00000000e2600000|  0%| F|  |TAMS 0x00000000e2500000, 0x00000000e2500000| Untracked 
|  38|0x00000000e2600000, 0x00000000e2700000, 0x00000000e2700000|100%| O|  |TAMS 0x00000000e2700000, 0x00000000e2600000| Untracked 
|  39|0x00000000e2700000, 0x00000000e2700000, 0x00000000e2800000|  0%| F|  |TAMS 0x00000000e2700000, 0x00000000e2700000| Untracked 
|  40|0x00000000e2800000, 0x00000000e2900000, 0x00000000e2900000|100%| O|  |TAMS 0x00000000e2800000, 0x00000000e2800000| Untracked 
|  41|0x00000000e2900000, 0x00000000e2900000, 0x00000000e2a00000|  0%| F|  |TAMS 0x00000000e2900000, 0x00000000e2900000| Untracked 
|  42|0x00000000e2a00000, 0x00000000e2b00000, 0x00000000e2b00000|100%| O|  |TAMS 0x00000000e2b00000, 0x00000000e2a00000| Untracked 
|  43|0x00000000e2b00000, 0x00000000e2b00000, 0x00000000e2c00000|  0%| F|  |TAMS 0x00000000e2b00000, 0x00000000e2b00000| Untracked 
|  44|0x00000000e2c00000, 0x00000000e2c00000, 0x00000000e2d00000|  0%| F|  |TAMS 0x00000000e2c00000, 0x00000000e2c00000| Untracked 
|  45|0x00000000e2d00000, 0x00000000e2d00000, 0x00000000e2e00000|  0%| F|  |TAMS 0x00000000e2d00000, 0x00000000e2d00000| Untracked 
|  46|0x00000000e2e00000, 0x00000000e2f00000, 0x00000000e2f00000|100%| O|  |TAMS 0x00000000e2f00000, 0x00000000e2e00000| Untracked 
|  47|0x00000000e2f00000, 0x00000000e3000000, 0x00000000e3000000|100%| O|  |TAMS 0x00000000e3000000, 0x00000000e2f00000| Untracked 
|  48|0x00000000e3000000, 0x00000000e3100000, 0x00000000e3100000|100%| O|  |TAMS 0x00000000e3100000, 0x00000000e3000000| Untracked 
|  49|0x00000000e3100000, 0x00000000e3200000, 0x00000000e3200000|100%| O|  |TAMS 0x00000000e3200000, 0x00000000e3100000| Untracked 
|  50|0x00000000e3200000, 0x00000000e3300000, 0x00000000e3300000|100%| O|  |TAMS 0x00000000e3300000, 0x00000000e3200000| Untracked 
|  51|0x00000000e3300000, 0x00000000e3400000, 0x00000000e3400000|100%| O|  |TAMS 0x00000000e3400000, 0x00000000e3300000| Untracked 
|  52|0x00000000e3400000, 0x00000000e3400000, 0x00000000e3500000|  0%| F|  |TAMS 0x00000000e3400000, 0x00000000e3400000| Untracked 
|  53|0x00000000e3500000, 0x00000000e3600000, 0x00000000e3600000|100%| O|  |TAMS 0x00000000e3600000, 0x00000000e3500000| Untracked 
|  54|0x00000000e3600000, 0x00000000e3600000, 0x00000000e3700000|  0%| F|  |TAMS 0x00000000e3600000, 0x00000000e3600000| Untracked 
|  55|0x00000000e3700000, 0x00000000e3800000, 0x00000000e3800000|100%| O|  |TAMS 0x00000000e3800000, 0x00000000e3700000| Untracked 
|  56|0x00000000e3800000, 0x00000000e3900000, 0x00000000e3900000|100%| O|  |TAMS 0x00000000e3800000, 0x00000000e3800000| Untracked 
|  57|0x00000000e3900000, 0x00000000e3a00000, 0x00000000e3a00000|100%| O|  |TAMS 0x00000000e3900000, 0x00000000e3900000| Untracked 
|  58|0x00000000e3a00000, 0x00000000e3b00000, 0x00000000e3b00000|100%| O|  |TAMS 0x00000000e3a00000, 0x00000000e3a00000| Untracked 
|  59|0x00000000e3b00000, 0x00000000e3b00000, 0x00000000e3c00000|  0%| F|  |TAMS 0x00000000e3b00000, 0x00000000e3b00000| Untracked 
|  60|0x00000000e3c00000, 0x00000000e3c00000, 0x00000000e3d00000|  0%| F|  |TAMS 0x00000000e3c00000, 0x00000000e3c00000| Untracked 
|  61|0x00000000e3d00000, 0x00000000e3e00000, 0x00000000e3e00000|100%| O|  |TAMS 0x00000000e3e00000, 0x00000000e3d00000| Untracked 
|  62|0x00000000e3e00000, 0x00000000e3f00000, 0x00000000e3f00000|100%| O|  |TAMS 0x00000000e3f00000, 0x00000000e3e00000| Untracked 
|  63|0x00000000e3f00000, 0x00000000e3f00000, 0x00000000e4000000|  0%| F|  |TAMS 0x00000000e3f00000, 0x00000000e3f00000| Untracked 
|  64|0x00000000e4000000, 0x00000000e4100000, 0x00000000e4100000|100%| O|  |TAMS 0x00000000e4000000, 0x00000000e4000000| Untracked 
|  65|0x00000000e4100000, 0x00000000e4100000, 0x00000000e4200000|  0%| F|  |TAMS 0x00000000e4100000, 0x00000000e4100000| Untracked 
|  66|0x00000000e4200000, 0x00000000e4200000, 0x00000000e4300000|  0%| F|  |TAMS 0x00000000e4200000, 0x00000000e4200000| Untracked 
|  67|0x00000000e4300000, 0x00000000e4400000, 0x00000000e4400000|100%| O|  |TAMS 0x00000000e4300000, 0x00000000e4300000| Untracked 
|  68|0x00000000e4400000, 0x00000000e4500000, 0x00000000e4500000|100%| O|  |TAMS 0x00000000e4400000, 0x00000000e4400000| Untracked 
|  69|0x00000000e4500000, 0x00000000e4600000, 0x00000000e4600000|100%| O|  |TAMS 0x00000000e4500000, 0x00000000e4500000| Untracked 
|  70|0x00000000e4600000, 0x00000000e4700000, 0x00000000e4700000|100%| O|  |TAMS 0x00000000e4600000, 0x00000000e4600000| Untracked 
|  71|0x00000000e4700000, 0x00000000e4800000, 0x00000000e4800000|100%| O|  |TAMS 0x00000000e4700000, 0x00000000e4700000| Untracked 
|  72|0x00000000e4800000, 0x00000000e4900000, 0x00000000e4900000|100%| O|  |TAMS 0x00000000e4800000, 0x00000000e4800000| Untracked 
|  73|0x00000000e4900000, 0x00000000e4900000, 0x00000000e4a00000|  0%| F|  |TAMS 0x00000000e4900000, 0x00000000e4900000| Untracked 
|  74|0x00000000e4a00000, 0x00000000e4a00000, 0x00000000e4b00000|  0%| F|  |TAMS 0x00000000e4a00000, 0x00000000e4a00000| Untracked 
|  75|0x00000000e4b00000, 0x00000000e4b00000, 0x00000000e4c00000|  0%| F|  |TAMS 0x00000000e4b00000, 0x00000000e4b00000| Untracked 
|  76|0x00000000e4c00000, 0x00000000e4c00000, 0x00000000e4d00000|  0%| F|  |TAMS 0x00000000e4c00000, 0x00000000e4c00000| Untracked 
|  77|0x00000000e4d00000, 0x00000000e4d00000, 0x00000000e4e00000|  0%| F|  |TAMS 0x00000000e4d00000, 0x00000000e4d00000| Untracked 
|  78|0x00000000e4e00000, 0x00000000e4e00000, 0x00000000e4f00000|  0%| F|  |TAMS 0x00000000e4e00000, 0x00000000e4e00000| Untracked 
|  79|0x00000000e4f00000, 0x00000000e5000000, 0x00000000e5000000|100%| O|  |TAMS 0x00000000e5000000, 0x00000000e4f00000| Untracked 
|  80|0x00000000e5000000, 0x00000000e5100000, 0x00000000e5100000|100%| O|  |TAMS 0x00000000e5100000, 0x00000000e5000000| Untracked 
|  81|0x00000000e5100000, 0x00000000e5100000, 0x00000000e5200000|  0%| F|  |TAMS 0x00000000e5100000, 0x00000000e5100000| Untracked 
|  82|0x00000000e5200000, 0x00000000e5200000, 0x00000000e5300000|  0%| F|  |TAMS 0x00000000e5200000, 0x00000000e5200000| Untracked 
|  83|0x00000000e5300000, 0x00000000e5300000, 0x00000000e5400000|  0%| F|  |TAMS 0x00000000e5300000, 0x00000000e5300000| Untracked 
|  84|0x00000000e5400000, 0x00000000e5500000, 0x00000000e5500000|100%| O|  |TAMS 0x00000000e5500000, 0x00000000e5400000| Untracked 
|  85|0x00000000e5500000, 0x00000000e5600000, 0x00000000e5600000|100%| O|  |TAMS 0x00000000e5600000, 0x00000000e5500000| Untracked 
|  86|0x00000000e5600000, 0x00000000e5600000, 0x00000000e5700000|  0%| F|  |TAMS 0x00000000e5600000, 0x00000000e5600000| Untracked 
|  87|0x00000000e5700000, 0x00000000e5700000, 0x00000000e5800000|  0%| F|  |TAMS 0x00000000e5700000, 0x00000000e5700000| Untracked 
|  88|0x00000000e5800000, 0x00000000e5800000, 0x00000000e5900000|  0%| F|  |TAMS 0x00000000e5800000, 0x00000000e5800000| Untracked 
|  89|0x00000000e5900000, 0x00000000e5900000, 0x00000000e5a00000|  0%| F|  |TAMS 0x00000000e5900000, 0x00000000e5900000| Untracked 
|  90|0x00000000e5a00000, 0x00000000e5a00000, 0x00000000e5b00000|  0%| F|  |TAMS 0x00000000e5a00000, 0x00000000e5a00000| Untracked 
|  91|0x00000000e5b00000, 0x00000000e5c00000, 0x00000000e5c00000|100%| O|  |TAMS 0x00000000e5c00000, 0x00000000e5b00000| Untracked 
|  92|0x00000000e5c00000, 0x00000000e5d00000, 0x00000000e5d00000|100%| O|  |TAMS 0x00000000e5d00000, 0x00000000e5c00000| Untracked 
|  93|0x00000000e5d00000, 0x00000000e5d00000, 0x00000000e5e00000|  0%| F|  |TAMS 0x00000000e5d00000, 0x00000000e5d00000| Untracked 
|  94|0x00000000e5e00000, 0x00000000e5f00000, 0x00000000e5f00000|100%| O|  |TAMS 0x00000000e5f00000, 0x00000000e5e00000| Untracked 
|  95|0x00000000e5f00000, 0x00000000e5f00000, 0x00000000e6000000|  0%| F|  |TAMS 0x00000000e5f00000, 0x00000000e5f00000| Untracked 
|  96|0x00000000e6000000, 0x00000000e6100000, 0x00000000e6100000|100%| O|  |TAMS 0x00000000e6100000, 0x00000000e6000000| Untracked 
|  97|0x00000000e6100000, 0x00000000e6100000, 0x00000000e6200000|  0%| F|  |TAMS 0x00000000e6100000, 0x00000000e6100000| Untracked 
|  98|0x00000000e6200000, 0x00000000e6300000, 0x00000000e6300000|100%| O|  |TAMS 0x00000000e6300000, 0x00000000e6200000| Untracked 
|  99|0x00000000e6300000, 0x00000000e6300000, 0x00000000e6400000|  0%| F|  |TAMS 0x00000000e6300000, 0x00000000e6300000| Untracked 
| 100|0x00000000e6400000, 0x00000000e6400000, 0x00000000e6500000|  0%| F|  |TAMS 0x00000000e6400000, 0x00000000e6400000| Untracked 
| 101|0x00000000e6500000, 0x00000000e6500000, 0x00000000e6600000|  0%| F|  |TAMS 0x00000000e6500000, 0x00000000e6500000| Untracked 
| 102|0x00000000e6600000, 0x00000000e6600000, 0x00000000e6700000|  0%| F|  |TAMS 0x00000000e6600000, 0x00000000e6600000| Untracked 
| 103|0x00000000e6700000, 0x00000000e6700000, 0x00000000e6800000|  0%| F|  |TAMS 0x00000000e6700000, 0x00000000e6700000| Untracked 
| 104|0x00000000e6800000, 0x00000000e6800000, 0x00000000e6900000|  0%| F|  |TAMS 0x00000000e6800000, 0x00000000e6800000| Untracked 
| 105|0x00000000e6900000, 0x00000000e6900000, 0x00000000e6a00000|  0%| F|  |TAMS 0x00000000e6900000, 0x00000000e6900000| Untracked 
| 106|0x00000000e6a00000, 0x00000000e6b00000, 0x00000000e6b00000|100%| O|  |TAMS 0x00000000e6b00000, 0x00000000e6a00000| Untracked 
| 107|0x00000000e6b00000, 0x00000000e6c00000, 0x00000000e6c00000|100%| O|  |TAMS 0x00000000e6c00000, 0x00000000e6b00000| Untracked 
| 108|0x00000000e6c00000, 0x00000000e6d00000, 0x00000000e6d00000|100%| O|  |TAMS 0x00000000e6d00000, 0x00000000e6c00000| Untracked 
| 109|0x00000000e6d00000, 0x00000000e6d00000, 0x00000000e6e00000|  0%| F|  |TAMS 0x00000000e6d00000, 0x00000000e6d00000| Untracked 
| 110|0x00000000e6e00000, 0x00000000e6f00000, 0x00000000e6f00000|100%| O|  |TAMS 0x00000000e6f00000, 0x00000000e6e00000| Untracked 
| 111|0x00000000e6f00000, 0x00000000e6f00000, 0x00000000e7000000|  0%| F|  |TAMS 0x00000000e6f00000, 0x00000000e6f00000| Untracked 
| 112|0x00000000e7000000, 0x00000000e7100000, 0x00000000e7100000|100%| O|  |TAMS 0x00000000e7100000, 0x00000000e7000000| Untracked 
| 113|0x00000000e7100000, 0x00000000e7200000, 0x00000000e7200000|100%| O|  |TAMS 0x00000000e7200000, 0x00000000e7100000| Untracked 
| 114|0x00000000e7200000, 0x00000000e7300000, 0x00000000e7300000|100%| O|  |TAMS 0x00000000e7300000, 0x00000000e7200000| Untracked 
| 115|0x00000000e7300000, 0x00000000e7400000, 0x00000000e7400000|100%| O|  |TAMS 0x00000000e7400000, 0x00000000e7300000| Untracked 
| 116|0x00000000e7400000, 0x00000000e7500000, 0x00000000e7500000|100%| O|  |TAMS 0x00000000e7500000, 0x00000000e7400000| Untracked 
| 117|0x00000000e7500000, 0x00000000e7600000, 0x00000000e7600000|100%| O|  |TAMS 0x00000000e7600000, 0x00000000e7500000| Untracked 
| 118|0x00000000e7600000, 0x00000000e7700000, 0x00000000e7700000|100%| O|  |TAMS 0x00000000e7700000, 0x00000000e7600000| Untracked 
| 119|0x00000000e7700000, 0x00000000e7800000, 0x00000000e7800000|100%| O|  |TAMS 0x00000000e7800000, 0x00000000e7700000| Untracked 
| 120|0x00000000e7800000, 0x00000000e7900000, 0x00000000e7900000|100%| O|  |TAMS 0x00000000e7900000, 0x00000000e7800000| Untracked 
| 121|0x00000000e7900000, 0x00000000e7a00000, 0x00000000e7a00000|100%| O|  |TAMS 0x00000000e7a00000, 0x00000000e7900000| Untracked 
| 122|0x00000000e7a00000, 0x00000000e7a00000, 0x00000000e7b00000|  0%| F|  |TAMS 0x00000000e7a00000, 0x00000000e7a00000| Untracked 
| 123|0x00000000e7b00000, 0x00000000e7c00000, 0x00000000e7c00000|100%| O|  |TAMS 0x00000000e7c00000, 0x00000000e7b00000| Untracked 
| 124|0x00000000e7c00000, 0x00000000e7d00000, 0x00000000e7d00000|100%| O|  |TAMS 0x00000000e7d00000, 0x00000000e7c00000| Untracked 
| 125|0x00000000e7d00000, 0x00000000e7e00000, 0x00000000e7e00000|100%| O|  |TAMS 0x00000000e7e00000, 0x00000000e7d00000| Untracked 
| 126|0x00000000e7e00000, 0x00000000e7f00000, 0x00000000e7f00000|100%| O|  |TAMS 0x00000000e7f00000, 0x00000000e7e00000| Untracked 
| 127|0x00000000e7f00000, 0x00000000e8000000, 0x00000000e8000000|100%| O|  |TAMS 0x00000000e8000000, 0x00000000e7f00000| Untracked 
| 128|0x00000000e8000000, 0x00000000e8100000, 0x00000000e8100000|100%| O|  |TAMS 0x00000000e8100000, 0x00000000e8000000| Untracked 
| 129|0x00000000e8100000, 0x00000000e8200000, 0x00000000e8200000|100%| O|  |TAMS 0x00000000e8200000, 0x00000000e8100000| Untracked 
| 130|0x00000000e8200000, 0x00000000e8300000, 0x00000000e8300000|100%| O|  |TAMS 0x00000000e8300000, 0x00000000e8200000| Untracked 
| 131|0x00000000e8300000, 0x00000000e8400000, 0x00000000e8400000|100%| O|  |TAMS 0x00000000e8400000, 0x00000000e8300000| Untracked 
| 132|0x00000000e8400000, 0x00000000e8500000, 0x00000000e8500000|100%| O|  |TAMS 0x00000000e8500000, 0x00000000e8400000| Untracked 
| 133|0x00000000e8500000, 0x00000000e8600000, 0x00000000e8600000|100%| O|  |TAMS 0x00000000e8600000, 0x00000000e8500000| Untracked 
| 134|0x00000000e8600000, 0x00000000e8700000, 0x00000000e8700000|100%| O|  |TAMS 0x00000000e8700000, 0x00000000e8600000| Untracked 
| 135|0x00000000e8700000, 0x00000000e8800000, 0x00000000e8800000|100%| O|  |TAMS 0x00000000e8800000, 0x00000000e8700000| Untracked 
| 136|0x00000000e8800000, 0x00000000e8900000, 0x00000000e8900000|100%| O|  |TAMS 0x00000000e8900000, 0x00000000e8800000| Untracked 
| 137|0x00000000e8900000, 0x00000000e8a00000, 0x00000000e8a00000|100%| O|  |TAMS 0x00000000e8900000, 0x00000000e8900000| Untracked 
| 138|0x00000000e8a00000, 0x00000000e8b00000, 0x00000000e8b00000|100%| O|  |TAMS 0x00000000e8a00000, 0x00000000e8a00000| Untracked 
| 139|0x00000000e8b00000, 0x00000000e8c00000, 0x00000000e8c00000|100%| O|  |TAMS 0x00000000e8b00000, 0x00000000e8b00000| Untracked 
| 140|0x00000000e8c00000, 0x00000000e8d00000, 0x00000000e8d00000|100%| O|  |TAMS 0x00000000e8c00000, 0x00000000e8c00000| Untracked 
| 141|0x00000000e8d00000, 0x00000000e8e00000, 0x00000000e8e00000|100%| O|  |TAMS 0x00000000e8d00000, 0x00000000e8d00000| Untracked 
| 142|0x00000000e8e00000, 0x00000000e8f00000, 0x00000000e8f00000|100%| O|  |TAMS 0x00000000e8e00000, 0x00000000e8e00000| Untracked 
| 143|0x00000000e8f00000, 0x00000000e9000000, 0x00000000e9000000|100%| O|  |TAMS 0x00000000e8f00000, 0x00000000e8f00000| Untracked 
| 144|0x00000000e9000000, 0x00000000e9100000, 0x00000000e9100000|100%| O|  |TAMS 0x00000000e9000000, 0x00000000e9000000| Untracked 
| 145|0x00000000e9100000, 0x00000000e9200000, 0x00000000e9200000|100%| O|  |TAMS 0x00000000e9100000, 0x00000000e9100000| Untracked 
| 146|0x00000000e9200000, 0x00000000e9300000, 0x00000000e9300000|100%| O|  |TAMS 0x00000000e9200000, 0x00000000e9200000| Untracked 
| 147|0x00000000e9300000, 0x00000000e9400000, 0x00000000e9400000|100%| O|  |TAMS 0x00000000e9300000, 0x00000000e9300000| Untracked 
| 148|0x00000000e9400000, 0x00000000e9500000, 0x00000000e9500000|100%| O|  |TAMS 0x00000000e9400000, 0x00000000e9400000| Untracked 
| 149|0x00000000e9500000, 0x00000000e9500000, 0x00000000e9600000|  0%| F|  |TAMS 0x00000000e9500000, 0x00000000e9500000| Untracked 
| 150|0x00000000e9600000, 0x00000000e9600000, 0x00000000e9700000|  0%| F|  |TAMS 0x00000000e9600000, 0x00000000e9600000| Untracked 
| 151|0x00000000e9700000, 0x00000000e9700000, 0x00000000e9800000|  0%| F|  |TAMS 0x00000000e9700000, 0x00000000e9700000| Untracked 
| 152|0x00000000e9800000, 0x00000000e9800000, 0x00000000e9900000|  0%| F|  |TAMS 0x00000000e9800000, 0x00000000e9800000| Untracked 
| 153|0x00000000e9900000, 0x00000000e9900000, 0x00000000e9a00000|  0%| F|  |TAMS 0x00000000e9900000, 0x00000000e9900000| Untracked 
| 154|0x00000000e9a00000, 0x00000000e9a00000, 0x00000000e9b00000|  0%| F|  |TAMS 0x00000000e9a00000, 0x00000000e9a00000| Untracked 
| 155|0x00000000e9b00000, 0x00000000e9b00000, 0x00000000e9c00000|  0%| F|  |TAMS 0x00000000e9b00000, 0x00000000e9b00000| Untracked 
| 156|0x00000000e9c00000, 0x00000000e9c00000, 0x00000000e9d00000|  0%| F|  |TAMS 0x00000000e9c00000, 0x00000000e9c00000| Untracked 
| 157|0x00000000e9d00000, 0x00000000e9d00000, 0x00000000e9e00000|  0%| F|  |TAMS 0x00000000e9d00000, 0x00000000e9d00000| Untracked 
| 158|0x00000000e9e00000, 0x00000000e9e00000, 0x00000000e9f00000|  0%| F|  |TAMS 0x00000000e9e00000, 0x00000000e9e00000| Untracked 
| 159|0x00000000e9f00000, 0x00000000e9f00000, 0x00000000ea000000|  0%| F|  |TAMS 0x00000000e9f00000, 0x00000000e9f00000| Untracked 
| 160|0x00000000ea000000, 0x00000000ea000000, 0x00000000ea100000|  0%| F|  |TAMS 0x00000000ea000000, 0x00000000ea000000| Untracked 
| 161|0x00000000ea100000, 0x00000000ea100000, 0x00000000ea200000|  0%| F|  |TAMS 0x00000000ea100000, 0x00000000ea100000| Untracked 
| 162|0x00000000ea200000, 0x00000000ea200000, 0x00000000ea300000|  0%| F|  |TAMS 0x00000000ea200000, 0x00000000ea200000| Untracked 
| 163|0x00000000ea300000, 0x00000000ea300000, 0x00000000ea400000|  0%| F|  |TAMS 0x00000000ea300000, 0x00000000ea300000| Untracked 
| 164|0x00000000ea400000, 0x00000000ea400000, 0x00000000ea500000|  0%| F|  |TAMS 0x00000000ea400000, 0x00000000ea400000| Untracked 
| 165|0x00000000ea500000, 0x00000000ea500000, 0x00000000ea600000|  0%| F|  |TAMS 0x00000000ea500000, 0x00000000ea500000| Untracked 
| 166|0x00000000ea600000, 0x00000000ea600000, 0x00000000ea700000|  0%| F|  |TAMS 0x00000000ea600000, 0x00000000ea600000| Untracked 
| 167|0x00000000ea700000, 0x00000000ea700000, 0x00000000ea800000|  0%| F|  |TAMS 0x00000000ea700000, 0x00000000ea700000| Untracked 
| 168|0x00000000ea800000, 0x00000000ea800000, 0x00000000ea900000|  0%| F|  |TAMS 0x00000000ea800000, 0x00000000ea800000| Untracked 
| 169|0x00000000ea900000, 0x00000000ea900000, 0x00000000eaa00000|  0%| F|  |TAMS 0x00000000ea900000, 0x00000000ea900000| Untracked 
| 170|0x00000000eaa00000, 0x00000000eaa00000, 0x00000000eab00000|  0%| F|  |TAMS 0x00000000eaa00000, 0x00000000eaa00000| Untracked 
| 171|0x00000000eab00000, 0x00000000eab00000, 0x00000000eac00000|  0%| F|  |TAMS 0x00000000eab00000, 0x00000000eab00000| Untracked 
| 172|0x00000000eac00000, 0x00000000eac00000, 0x00000000ead00000|  0%| F|  |TAMS 0x00000000eac00000, 0x00000000eac00000| Untracked 
| 173|0x00000000ead00000, 0x00000000ead00000, 0x00000000eae00000|  0%| F|  |TAMS 0x00000000ead00000, 0x00000000ead00000| Untracked 
| 174|0x00000000eae00000, 0x00000000eae00000, 0x00000000eaf00000|  0%| F|  |TAMS 0x00000000eae00000, 0x00000000eae00000| Untracked 
| 175|0x00000000eaf00000, 0x00000000eaf00000, 0x00000000eb000000|  0%| F|  |TAMS 0x00000000eaf00000, 0x00000000eaf00000| Untracked 
| 176|0x00000000eb000000, 0x00000000eb000000, 0x00000000eb100000|  0%| F|  |TAMS 0x00000000eb000000, 0x00000000eb000000| Untracked 
| 177|0x00000000eb100000, 0x00000000eb100000, 0x00000000eb200000|  0%| F|  |TAMS 0x00000000eb100000, 0x00000000eb100000| Untracked 
| 178|0x00000000eb200000, 0x00000000eb200000, 0x00000000eb300000|  0%| F|  |TAMS 0x00000000eb200000, 0x00000000eb200000| Untracked 
| 179|0x00000000eb300000, 0x00000000eb300000, 0x00000000eb400000|  0%| F|  |TAMS 0x00000000eb300000, 0x00000000eb300000| Untracked 
| 180|0x00000000eb400000, 0x00000000eb400000, 0x00000000eb500000|  0%| F|  |TAMS 0x00000000eb400000, 0x00000000eb400000| Untracked 
| 181|0x00000000eb500000, 0x00000000eb500000, 0x00000000eb600000|  0%| F|  |TAMS 0x00000000eb500000, 0x00000000eb500000| Untracked 
| 182|0x00000000eb600000, 0x00000000eb600000, 0x00000000eb700000|  0%| F|  |TAMS 0x00000000eb600000, 0x00000000eb600000| Untracked 
| 183|0x00000000eb700000, 0x00000000eb700000, 0x00000000eb800000|  0%| F|  |TAMS 0x00000000eb700000, 0x00000000eb700000| Untracked 
| 184|0x00000000eb800000, 0x00000000eb800000, 0x00000000eb900000|  0%| F|  |TAMS 0x00000000eb800000, 0x00000000eb800000| Untracked 
| 185|0x00000000eb900000, 0x00000000eb900000, 0x00000000eba00000|  0%| F|  |TAMS 0x00000000eb900000, 0x00000000eb900000| Untracked 
| 186|0x00000000eba00000, 0x00000000eba00000, 0x00000000ebb00000|  0%| F|  |TAMS 0x00000000eba00000, 0x00000000eba00000| Untracked 
| 187|0x00000000ebb00000, 0x00000000ebb00000, 0x00000000ebc00000|  0%| F|  |TAMS 0x00000000ebb00000, 0x00000000ebb00000| Untracked 
| 188|0x00000000ebc00000, 0x00000000ebc00000, 0x00000000ebd00000|  0%| F|  |TAMS 0x00000000ebc00000, 0x00000000ebc00000| Untracked 
| 189|0x00000000ebd00000, 0x00000000ebd00000, 0x00000000ebe00000|  0%| F|  |TAMS 0x00000000ebd00000, 0x00000000ebd00000| Untracked 
| 190|0x00000000ebe00000, 0x00000000ebe00000, 0x00000000ebf00000|  0%| F|  |TAMS 0x00000000ebe00000, 0x00000000ebe00000| Untracked 
| 191|0x00000000ebf00000, 0x00000000ebf00000, 0x00000000ec000000|  0%| F|  |TAMS 0x00000000ebf00000, 0x00000000ebf00000| Untracked 
| 192|0x00000000ec000000, 0x00000000ec000000, 0x00000000ec100000|  0%| F|  |TAMS 0x00000000ec000000, 0x00000000ec000000| Untracked 
| 193|0x00000000ec100000, 0x00000000ec100000, 0x00000000ec200000|  0%| F|  |TAMS 0x00000000ec100000, 0x00000000ec100000| Untracked 
| 194|0x00000000ec200000, 0x00000000ec200000, 0x00000000ec300000|  0%| F|  |TAMS 0x00000000ec200000, 0x00000000ec200000| Untracked 
| 195|0x00000000ec300000, 0x00000000ec300000, 0x00000000ec400000|  0%| F|  |TAMS 0x00000000ec300000, 0x00000000ec300000| Untracked 
| 196|0x00000000ec400000, 0x00000000ec400000, 0x00000000ec500000|  0%| F|  |TAMS 0x00000000ec400000, 0x00000000ec400000| Untracked 
| 197|0x00000000ec500000, 0x00000000ec500000, 0x00000000ec600000|  0%| F|  |TAMS 0x00000000ec500000, 0x00000000ec500000| Untracked 
| 198|0x00000000ec600000, 0x00000000ec600000, 0x00000000ec700000|  0%| F|  |TAMS 0x00000000ec600000, 0x00000000ec600000| Untracked 
| 199|0x00000000ec700000, 0x00000000ec700000, 0x00000000ec800000|  0%| F|  |TAMS 0x00000000ec700000, 0x00000000ec700000| Untracked 
| 200|0x00000000ec800000, 0x00000000ec800000, 0x00000000ec900000|  0%| F|  |TAMS 0x00000000ec800000, 0x00000000ec800000| Untracked 
| 201|0x00000000ec900000, 0x00000000ec900000, 0x00000000eca00000|  0%| F|  |TAMS 0x00000000ec900000, 0x00000000ec900000| Untracked 
| 202|0x00000000eca00000, 0x00000000eca8f3c8, 0x00000000ecb00000| 55%| E|  |TAMS 0x00000000eca00000, 0x00000000eca00000| Complete 
| 203|0x00000000ecb00000, 0x00000000ecc00000, 0x00000000ecc00000|100%| E|CS|TAMS 0x00000000ecb00000, 0x00000000ecb00000| Complete 
| 204|0x00000000ecc00000, 0x00000000ecd00000, 0x00000000ecd00000|100%| E|CS|TAMS 0x00000000ecc00000, 0x00000000ecc00000| Complete 
| 205|0x00000000ecd00000, 0x00000000ece00000, 0x00000000ece00000|100%| E|CS|TAMS 0x00000000ecd00000, 0x00000000ecd00000| Complete 
| 206|0x00000000ece00000, 0x00000000ecf00000, 0x00000000ecf00000|100%| E|CS|TAMS 0x00000000ece00000, 0x00000000ece00000| Complete 
| 207|0x00000000ecf00000, 0x00000000ed000000, 0x00000000ed000000|100%| E|CS|TAMS 0x00000000ecf00000, 0x00000000ecf00000| Complete 
| 208|0x00000000ed000000, 0x00000000ed100000, 0x00000000ed100000|100%| E|CS|TAMS 0x00000000ed000000, 0x00000000ed000000| Complete 
| 209|0x00000000ed100000, 0x00000000ed200000, 0x00000000ed200000|100%| E|CS|TAMS 0x00000000ed100000, 0x00000000ed100000| Complete 
| 210|0x00000000ed200000, 0x00000000ed300000, 0x00000000ed300000|100%| E|CS|TAMS 0x00000000ed200000, 0x00000000ed200000| Complete 
| 211|0x00000000ed300000, 0x00000000ed400000, 0x00000000ed400000|100%| E|CS|TAMS 0x00000000ed300000, 0x00000000ed300000| Complete 
| 212|0x00000000ed400000, 0x00000000ed500000, 0x00000000ed500000|100%| E|CS|TAMS 0x00000000ed400000, 0x00000000ed400000| Complete 
| 213|0x00000000ed500000, 0x00000000ed600000, 0x00000000ed600000|100%| E|CS|TAMS 0x00000000ed500000, 0x00000000ed500000| Complete 
| 214|0x00000000ed600000, 0x00000000ed700000, 0x00000000ed700000|100%| E|CS|TAMS 0x00000000ed600000, 0x00000000ed600000| Complete 
| 215|0x00000000ed700000, 0x00000000ed800000, 0x00000000ed800000|100%| E|CS|TAMS 0x00000000ed700000, 0x00000000ed700000| Complete 
| 216|0x00000000ed800000, 0x00000000ed900000, 0x00000000ed900000|100%| E|CS|TAMS 0x00000000ed800000, 0x00000000ed800000| Complete 
| 217|0x00000000ed900000, 0x00000000eda00000, 0x00000000eda00000|100%| E|CS|TAMS 0x00000000ed900000, 0x00000000ed900000| Complete 
| 218|0x00000000eda00000, 0x00000000edb00000, 0x00000000edb00000|100%| E|CS|TAMS 0x00000000eda00000, 0x00000000eda00000| Complete 
| 219|0x00000000edb00000, 0x00000000edc00000, 0x00000000edc00000|100%| E|CS|TAMS 0x00000000edb00000, 0x00000000edb00000| Complete 
| 220|0x00000000edc00000, 0x00000000edd00000, 0x00000000edd00000|100%| E|CS|TAMS 0x00000000edc00000, 0x00000000edc00000| Complete 
| 221|0x00000000edd00000, 0x00000000ede00000, 0x00000000ede00000|100%| E|CS|TAMS 0x00000000edd00000, 0x00000000edd00000| Complete 
| 222|0x00000000ede00000, 0x00000000edf00000, 0x00000000edf00000|100%| E|CS|TAMS 0x00000000ede00000, 0x00000000ede00000| Complete 
| 223|0x00000000edf00000, 0x00000000ee000000, 0x00000000ee000000|100%| E|CS|TAMS 0x00000000edf00000, 0x00000000edf00000| Complete 
| 224|0x00000000ee000000, 0x00000000ee100000, 0x00000000ee100000|100%| E|CS|TAMS 0x00000000ee000000, 0x00000000ee000000| Complete 
| 225|0x00000000ee100000, 0x00000000ee200000, 0x00000000ee200000|100%| E|CS|TAMS 0x00000000ee100000, 0x00000000ee100000| Complete 
| 226|0x00000000ee200000, 0x00000000ee300000, 0x00000000ee300000|100%| E|CS|TAMS 0x00000000ee200000, 0x00000000ee200000| Complete 
| 227|0x00000000ee300000, 0x00000000ee400000, 0x00000000ee400000|100%| E|CS|TAMS 0x00000000ee300000, 0x00000000ee300000| Complete 
| 228|0x00000000ee400000, 0x00000000ee500000, 0x00000000ee500000|100%| E|CS|TAMS 0x00000000ee400000, 0x00000000ee400000| Complete 
| 229|0x00000000ee500000, 0x00000000ee600000, 0x00000000ee600000|100%| E|CS|TAMS 0x00000000ee500000, 0x00000000ee500000| Complete 
| 230|0x00000000ee600000, 0x00000000ee700000, 0x00000000ee700000|100%| E|CS|TAMS 0x00000000ee600000, 0x00000000ee600000| Complete 
| 231|0x00000000ee700000, 0x00000000ee800000, 0x00000000ee800000|100%| E|  |TAMS 0x00000000ee700000, 0x00000000ee700000| Complete 
| 232|0x00000000ee800000, 0x00000000ee900000, 0x00000000ee900000|100%| E|CS|TAMS 0x00000000ee800000, 0x00000000ee800000| Complete 
| 233|0x00000000ee900000, 0x00000000eea00000, 0x00000000eea00000|100%| E|CS|TAMS 0x00000000ee900000, 0x00000000ee900000| Complete 
| 234|0x00000000eea00000, 0x00000000eeb00000, 0x00000000eeb00000|100%| E|CS|TAMS 0x00000000eea00000, 0x00000000eea00000| Complete 
| 235|0x00000000eeb00000, 0x00000000eec00000, 0x00000000eec00000|100%| E|CS|TAMS 0x00000000eeb00000, 0x00000000eeb00000| Complete 
| 236|0x00000000eec00000, 0x00000000eed00000, 0x00000000eed00000|100%| E|CS|TAMS 0x00000000eec00000, 0x00000000eec00000| Complete 
| 237|0x00000000eed00000, 0x00000000eee00000, 0x00000000eee00000|100%| E|CS|TAMS 0x00000000eed00000, 0x00000000eed00000| Complete 
| 238|0x00000000eee00000, 0x00000000eef00000, 0x00000000eef00000|100%| E|CS|TAMS 0x00000000eee00000, 0x00000000eee00000| Complete 
| 239|0x00000000eef00000, 0x00000000ef000000, 0x00000000ef000000|100%| E|CS|TAMS 0x00000000eef00000, 0x00000000eef00000| Complete 
| 240|0x00000000ef000000, 0x00000000ef100000, 0x00000000ef100000|100%| E|CS|TAMS 0x00000000ef000000, 0x00000000ef000000| Complete 
| 241|0x00000000ef100000, 0x00000000ef200000, 0x00000000ef200000|100%| E|CS|TAMS 0x00000000ef100000, 0x00000000ef100000| Complete 
| 242|0x00000000ef200000, 0x00000000ef300000, 0x00000000ef300000|100%| E|CS|TAMS 0x00000000ef200000, 0x00000000ef200000| Complete 
| 243|0x00000000ef300000, 0x00000000ef374ce8, 0x00000000ef400000| 45%| S|CS|TAMS 0x00000000ef300000, 0x00000000ef300000| Complete 
| 244|0x00000000ef400000, 0x00000000ef500000, 0x00000000ef500000|100%| E|CS|TAMS 0x00000000ef400000, 0x00000000ef400000| Complete 
| 245|0x00000000ef500000, 0x00000000ef600000, 0x00000000ef600000|100%| E|CS|TAMS 0x00000000ef500000, 0x00000000ef500000| Complete 
| 246|0x00000000ef600000, 0x00000000ef700000, 0x00000000ef700000|100%| E|CS|TAMS 0x00000000ef600000, 0x00000000ef600000| Complete 
| 247|0x00000000ef700000, 0x00000000ef800000, 0x00000000ef800000|100%| E|CS|TAMS 0x00000000ef700000, 0x00000000ef700000| Complete 
| 248|0x00000000ef800000, 0x00000000ef900000, 0x00000000ef900000|100%| E|CS|TAMS 0x00000000ef800000, 0x00000000ef800000| Complete 
| 249|0x00000000ef900000, 0x00000000efa00000, 0x00000000efa00000|100%| E|CS|TAMS 0x00000000ef900000, 0x00000000ef900000| Complete 
| 250|0x00000000efa00000, 0x00000000efb00000, 0x00000000efb00000|100%| E|CS|TAMS 0x00000000efa00000, 0x00000000efa00000| Complete 
| 251|0x00000000efb00000, 0x00000000efc00000, 0x00000000efc00000|100%| E|CS|TAMS 0x00000000efb00000, 0x00000000efb00000| Complete 
| 252|0x00000000efc00000, 0x00000000efd00000, 0x00000000efd00000|100%| E|CS|TAMS 0x00000000efc00000, 0x00000000efc00000| Complete 
| 253|0x00000000efd00000, 0x00000000efe00000, 0x00000000efe00000|100%| E|CS|TAMS 0x00000000efd00000, 0x00000000efd00000| Complete 
| 254|0x00000000efe00000, 0x00000000eff00000, 0x00000000eff00000|100%| E|CS|TAMS 0x00000000efe00000, 0x00000000efe00000| Complete 
| 255|0x00000000eff00000, 0x00000000f0000000, 0x00000000f0000000|100%| E|CS|TAMS 0x00000000eff00000, 0x00000000eff00000| Complete 

Card table byte_map: [0x000001c35f010000,0x000001c35f110000] _byte_map_base: 0x000001c35e910000

Marking Bits (Prev, Next): (CMBitMap*) 0x000001c347b7bfa8, (CMBitMap*) 0x000001c347b7bfe0
 Prev Bits: [0x000001c35f210000, 0x000001c35fa10000)
 Next Bits: [0x000001c35fa10000, 0x000001c360210000)

Polling page: 0x000001c345a30000

Metaspace:

Usage:
  Non-class:     82.07 MB capacity,    79.88 MB ( 97%) used,     1.92 MB (  2%) free+waste,   280.06 KB ( <1%) overhead. 
      Class:     12.72 MB capacity,    11.41 MB ( 90%) used,     1.20 MB (  9%) free+waste,   124.75 KB ( <1%) overhead. 
       Both:     94.80 MB capacity,    91.29 MB ( 96%) used,     3.12 MB (  3%) free+waste,   404.81 KB ( <1%) overhead. 

Virtual space:
  Non-class space:       84.00 MB reserved,      82.50 MB ( 98%) committed 
      Class space:      248.00 MB reserved,      13.00 MB (  5%) committed 
             Both:      332.00 MB reserved,      95.50 MB ( 29%) committed 

Chunk freelists:
   Non-Class:  46.50 KB
       Class:  23.13 KB
        Both:  69.63 KB

CodeHeap 'non-profiled nmethods': size=120064Kb used=9624Kb max_used=9624Kb free=110439Kb
 bounds [0x000001c357ad0000, 0x000001c358440000, 0x000001c35f010000]
CodeHeap 'profiled nmethods': size=120000Kb used=32940Kb max_used=32940Kb free=87059Kb
 bounds [0x000001c3505a0000, 0x000001c3525e0000, 0x000001c357ad0000]
CodeHeap 'non-nmethods': size=5696Kb used=2279Kb max_used=2330Kb free=3416Kb
 bounds [0x000001c350010000, 0x000001c350280000, 0x000001c3505a0000]
 total_blobs=16028 nmethods=15157 adapters=781
 compilation: enabled
              stopped_count=0, restarted_count=0
 full_count=0

Compilation events (10 events):
Event: 1495.502 Thread 0x000001c36284a800 16136       2       org.gradle.internal.operations.DefaultBuildOperationQueue::<init> (92 bytes)
Event: 1495.503 Thread 0x000001c36284a800 nmethod 16136 0x000001c3525cec90 code [0x000001c3525cee80, 0x000001c3525cf6e8]
Event: 1495.510 Thread 0x000001c36284a800 16137       2       org.gradle.api.internal.artifacts.result.DefaultResolutionResult::getAllComponents (25 bytes)
Event: 1495.510 Thread 0x000001c36284a800 nmethod 16137 0x000001c3525cf910 code [0x000001c3525cfb00, 0x000001c3525cfe28]
Event: 1495.606 Thread 0x000001c36284a800 16138       2       com.google.common.collect.RegularImmutableBiMap::<init> (31 bytes)
Event: 1495.606 Thread 0x000001c36284a800 nmethod 16138 0x000001c3525d0010 code [0x000001c3525d01c0, 0x000001c3525d03d8]
Event: 1495.657 Thread 0x000001c36284a800 16139       2       org.gradle.api.internal.artifacts.configurations.DefaultConfiguration$$Lambda$309/0x00000001005d2840::resultsMatching (10 bytes)
Event: 1495.657 Thread 0x000001c36284a800 nmethod 16139 0x000001c3525d0490 code [0x000001c3525d0640, 0x000001c3525d07e8]
Event: 1495.657 Thread 0x000001c36284a800 16140       2       org.gradle.api.internal.artifacts.configurations.DefaultConfiguration::lambda$getDependenciesResolver$5 (17 bytes)
Event: 1495.657 Thread 0x000001c36284a800 nmethod 16140 0x000001c3525d0910 code [0x000001c3525d0ac0, 0x000001c3525d0c68]

GC Heap History (10 events):
Event: 1490.401 GC heap before
{Heap before GC invocations=20 (full 0):
 garbage-first heap   total 262144K, used 213743K [0x00000000e0000000, 0x0000000100000000)
  region size 1024K, 100 young (102400K), 11 survivors (11264K)
 Metaspace       used 93502K, capacity 97320K, committed 97536K, reserved 339968K
  class space    used 11772K, capacity 13204K, committed 13312K, reserved 253952K
}
Event: 1490.465 GC heap after
{Heap after GC invocations=21 (full 0):
 garbage-first heap   total 262144K, used 139456K [0x00000000e0000000, 0x0000000100000000)
  region size 1024K, 13 young (13312K), 13 survivors (13312K)
 Metaspace       used 93502K, capacity 97320K, committed 97536K, reserved 339968K
  class space    used 11772K, capacity 13204K, committed 13312K, reserved 253952K
}
Event: 1492.109 GC heap before
{Heap before GC invocations=21 (full 0):
 garbage-first heap   total 262144K, used 211136K [0x00000000e0000000, 0x0000000100000000)
  region size 1024K, 84 young (86016K), 13 survivors (13312K)
 Metaspace       used 93721K, capacity 97447K, committed 97792K, reserved 339968K
  class space    used 11777K, capacity 13214K, committed 13312K, reserved 253952K
}
Event: 1492.166 GC heap after
{Heap after GC invocations=22 (full 0):
 garbage-first heap   total 262144K, used 145920K [0x00000000e0000000, 0x0000000100000000)
  region size 1024K, 6 young (6144K), 6 survivors (6144K)
 Metaspace       used 93721K, capacity 97447K, committed 97792K, reserved 339968K
  class space    used 11777K, capacity 13214K, committed 13312K, reserved 253952K
}
Event: 1494.259 GC heap before
{Heap before GC invocations=23 (full 0):
 garbage-first heap   total 262144K, used 214528K [0x00000000e0000000, 0x0000000100000000)
  region size 1024K, 74 young (75776K), 6 survivors (6144K)
 Metaspace       used 93450K, capacity 97069K, committed 97792K, reserved 339968K
  class space    used 11678K, capacity 13028K, committed 13312K, reserved 253952K
}
Event: 1494.285 GC heap after
{Heap after GC invocations=24 (full 0):
 garbage-first heap   total 262144K, used 148083K [0x00000000e0000000, 0x0000000100000000)
  region size 1024K, 8 young (8192K), 8 survivors (8192K)
 Metaspace       used 93450K, capacity 97069K, committed 97792K, reserved 339968K
  class space    used 11678K, capacity 13028K, committed 13312K, reserved 253952K
}
Event: 1494.341 GC heap before
{Heap before GC invocations=24 (full 0):
 garbage-first heap   total 262144K, used 151155K [0x00000000e0000000, 0x0000000100000000)
  region size 1024K, 12 young (12288K), 8 survivors (8192K)
 Metaspace       used 93450K, capacity 97069K, committed 97792K, reserved 339968K
  class space    used 11678K, capacity 13028K, committed 13312K, reserved 253952K
}
Event: 1494.394 GC heap after
{Heap after GC invocations=25 (full 0):
 garbage-first heap   total 262144K, used 126926K [0x00000000e0000000, 0x0000000100000000)
  region size 1024K, 2 young (2048K), 2 survivors (2048K)
 Metaspace       used 93450K, capacity 97069K, committed 97792K, reserved 339968K
  class space    used 11678K, capacity 13028K, committed 13312K, reserved 253952K
}
Event: 1494.499 GC heap before
{Heap before GC invocations=25 (full 0):
 garbage-first heap   total 262144K, used 137166K [0x00000000e0000000, 0x0000000100000000)
  region size 1024K, 12 young (12288K), 2 survivors (2048K)
 Metaspace       used 93459K, capacity 97072K, committed 97792K, reserved 339968K
  class space    used 11678K, capacity 13029K, committed 13312K, reserved 253952K
}
Event: 1494.579 GC heap after
{Heap after GC invocations=26 (full 0):
 garbage-first heap   total 262144K, used 112083K [0x00000000e0000000, 0x0000000100000000)
  region size 1024K, 1 young (1024K), 1 survivors (1024K)
 Metaspace       used 93459K, capacity 97072K, committed 97792K, reserved 339968K
  class space    used 11678K, capacity 13029K, committed 13312K, reserved 253952K
}

Deoptimization events (10 events):
Event: 1492.989 Thread 0x000001c369023800 Uncommon trap: reason=unstable_if action=reinterpret pc=0x000001c358257d68 method=com.google.common.collect.MapMakerInternalMap$Segment.getEntry(Ljava/lang/Object;I)Lcom/google/common/collect/MapMakerInternalMap$InternalEntry; @ 40 c2
Event: 1492.989 Thread 0x000001c369023800 Uncommon trap: reason=unstable_if action=reinterpret pc=0x000001c3580ef5c4 method=com.google.common.collect.MapMakerInternalMap$Segment.drainKeyReferenceQueue(Ljava/lang/ref/ReferenceQueue;)V @ 8 c2
Event: 1493.527 Thread 0x000001c363726800 Uncommon trap: reason=unstable_if action=reinterpret pc=0x000001c357be01d4 method=java.lang.ref.SoftReference.get()Ljava/lang/Object; @ 6 c2
Event: 1493.527 Thread 0x000001c363726800 Uncommon trap: reason=unstable_if action=reinterpret pc=0x000001c358423250 method=java.util.concurrent.ConcurrentHashMap.replaceNode(Ljava/lang/Object;Ljava/lang/Object;Ljava/lang/Object;)Ljava/lang/Object; @ 136 c2
Event: 1493.528 Thread 0x000001c363726800 Uncommon trap: reason=unstable_if action=reinterpret pc=0x000001c357c2919c method=java.lang.ref.SoftReference.get()Ljava/lang/Object; @ 6 c2
Event: 1493.554 Thread 0x000001c363726800 Uncommon trap: reason=unstable_if action=reinterpret pc=0x000001c3583df65c method=java.lang.ref.SoftReference.get()Ljava/lang/Object; @ 6 c2
Event: 1493.554 Thread 0x000001c363726800 Uncommon trap: reason=unstable_if action=reinterpret pc=0x000001c35831c870 method=java.lang.ref.SoftReference.get()Ljava/lang/Object; @ 6 c2
Event: 1494.158 Thread 0x000001c369021000 Uncommon trap: reason=unstable_if action=reinterpret pc=0x000001c357b1b3ac method=java.util.concurrent.ConcurrentLinkedQueue.offer(Ljava/lang/Object;)Z @ 77 c2
Event: 1494.252 Thread 0x000001c363726800 Uncommon trap: reason=class_check action=maybe_recompile pc=0x000001c3581942b0 method=org.gradle.internal.snapshot.SnapshotUtil.getMetadataFromChildren(Ljava/util/List;Lorg/gradle/internal/snapshot/VfsRelativePath;Lorg/gradle/internal/snapshot/CaseSensiti
Event: 1494.423 Thread 0x000001c363726800 Uncommon trap: reason=unstable_if action=reinterpret pc=0x000001c3582edfc0 method=org.gradle.api.internal.artifacts.transform.DefaultTransformerInvocationFactory.determineWorkspaceProvider(Lorg/gradle/api/internal/project/ProjectInternal;)Lorg/gradle/api/

Classes redefined (0 events):
No events

Internal exceptions (10 events):
Event: 1494.007 Thread 0x000001c363726800 Exception <a 'sun/nio/fs/WindowsException'{0x00000000ec9996e0}> (0x00000000ec9996e0) thrown at [./open/src/hotspot/share/prims/jni.cpp, line 611]
Event: 1494.007 Thread 0x000001c363726800 Exception <a 'sun/nio/fs/WindowsException'{0x00000000ec99a608}> (0x00000000ec99a608) thrown at [./open/src/hotspot/share/prims/jni.cpp, line 611]
Event: 1494.007 Thread 0x000001c363726800 Exception <a 'sun/nio/fs/WindowsException'{0x00000000ec99ec20}> (0x00000000ec99ec20) thrown at [./open/src/hotspot/share/prims/jni.cpp, line 611]
Event: 1494.008 Thread 0x000001c363726800 Exception <a 'sun/nio/fs/WindowsException'{0x00000000ec99fb88}> (0x00000000ec99fb88) thrown at [./open/src/hotspot/share/prims/jni.cpp, line 611]
Event: 1494.008 Thread 0x000001c363726800 Exception <a 'sun/nio/fs/WindowsException'{0x00000000ec9a2000}> (0x00000000ec9a2000) thrown at [./open/src/hotspot/share/prims/jni.cpp, line 611]
Event: 1494.008 Thread 0x000001c363726800 Exception <a 'sun/nio/fs/WindowsException'{0x00000000ec9a2f78}> (0x00000000ec9a2f78) thrown at [./open/src/hotspot/share/prims/jni.cpp, line 611]
Event: 1494.053 Thread 0x000001c363726800 Exception <a 'sun/nio/fs/WindowsException'{0x00000000ec6e9440}> (0x00000000ec6e9440) thrown at [./open/src/hotspot/share/prims/jni.cpp, line 611]
Event: 1494.053 Thread 0x000001c363726800 Exception <a 'sun/nio/fs/WindowsException'{0x00000000ec6ea368}> (0x00000000ec6ea368) thrown at [./open/src/hotspot/share/prims/jni.cpp, line 611]
Event: 1494.053 Thread 0x000001c363726800 Exception <a 'sun/nio/fs/WindowsException'{0x00000000ec6ec668}> (0x00000000ec6ec668) thrown at [./open/src/hotspot/share/prims/jni.cpp, line 611]
Event: 1494.054 Thread 0x000001c363726800 Exception <a 'sun/nio/fs/WindowsException'{0x00000000ec6ed5a0}> (0x00000000ec6ed5a0) thrown at [./open/src/hotspot/share/prims/jni.cpp, line 611]

Events (10 events):
Event: 1494.394 Executing VM operation: G1CollectForAllocation done
Event: 1494.423 Thread 0x000001c363726800 Uncommon trap: trap_request=0xffffff4d fr.pc=0x000001c3582edfc0 relative=0x0000000000002900
Event: 1494.423 Thread 0x000001c363726800 DEOPT PACKING pc=0x000001c3582edfc0 sp=0x000000160fefdcc0
Event: 1494.423 Thread 0x000001c363726800 DEOPT UNPACKING pc=0x000001c35003662f sp=0x000000160fefdc50 mode 2
Event: 1494.490 Thread 0x000001c36503f000 DEOPT PACKING pc=0x000001c35219db7f sp=0x00000016085fa400
Event: 1494.490 Thread 0x000001c36503f000 DEOPT UNPACKING pc=0x000001c350036dde sp=0x00000016085f9980 mode 0
Event: 1494.499 Executing VM operation: G1CollectForAllocation
Event: 1494.579 Executing VM operation: G1CollectForAllocation done
Event: 1495.108 Executing VM operation: RevokeBias
Event: 1495.109 Executing VM operation: RevokeBias done


Dynamic libraries:
0x00007ff74ada0000 - 0x00007ff74adaf000 	C:\Program Files\Java\jdk-11.0.12\bin\java.exe
0x00007ffd3daf0000 - 0x00007ffd3dce5000 	C:\Windows\SYSTEM32\ntdll.dll
0x00007ffd3bcc0000 - 0x00007ffd3bd7e000 	C:\Windows\System32\KERNEL32.DLL
0x00007ffd3b6f0000 - 0x00007ffd3b9b8000 	C:\Windows\System32\KERNELBASE.dll
0x00007ffd38570000 - 0x00007ffd38600000 	C:\Windows\SYSTEM32\apphelp.dll
0x00007ffd3b3a0000 - 0x00007ffd3b4a0000 	C:\Windows\System32\ucrtbase.dll
0x00007ffd35ce0000 - 0x00007ffd35cf5000 	C:\Program Files\Java\jdk-11.0.12\bin\VCRUNTIME140.dll
0x00007ffd35b10000 - 0x00007ffd35b28000 	C:\Program Files\Java\jdk-11.0.12\bin\jli.dll
0x00007ffd3bb90000 - 0x00007ffd3bc3e000 	C:\Windows\System32\ADVAPI32.dll
0x00007ffd3cb80000 - 0x00007ffd3cc1e000 	C:\Windows\System32\msvcrt.dll
0x00007ffd3bd80000 - 0x00007ffd3be1c000 	C:\Windows\System32\sechost.dll
0x00007ffd3bed0000 - 0x00007ffd3bff5000 	C:\Windows\System32\RPCRT4.dll
0x00007ffd3d8f0000 - 0x00007ffd3da91000 	C:\Windows\System32\USER32.dll
0x00007ffd3bb00000 - 0x00007ffd3bb22000 	C:\Windows\System32\win32u.dll
0x00007ffd2b6d0000 - 0x00007ffd2b96a000 	C:\Windows\WinSxS\amd64_microsoft.windows.common-controls_6595b64144ccf1df_6.0.19041.1110_none_60b5254171f9507e\COMCTL32.dll
0x00007ffd3c0e0000 - 0x00007ffd3c10b000 	C:\Windows\System32\GDI32.dll
0x00007ffd3b200000 - 0x00007ffd3b30d000 	C:\Windows\System32\gdi32full.dll
0x00007ffd3b600000 - 0x00007ffd3b69d000 	C:\Windows\System32\msvcp_win.dll
0x00007ffd354e0000 - 0x00007ffd354ea000 	C:\Windows\SYSTEM32\VERSION.dll
0x00007ffd3c3f0000 - 0x00007ffd3c420000 	C:\Windows\System32\IMM32.DLL
0x00007ffcfce00000 - 0x00007ffcfce9b000 	C:\Program Files\Java\jdk-11.0.12\bin\msvcp140.dll
0x00007ffcdd8b0000 - 0x00007ffcde3af000 	C:\Program Files\Java\jdk-11.0.12\bin\server\jvm.dll
0x00007ffd3d880000 - 0x00007ffd3d888000 	C:\Windows\System32\PSAPI.DLL
0x00007ffd26760000 - 0x00007ffd26769000 	C:\Windows\SYSTEM32\WSOCK32.dll
0x00007ffd2f030000 - 0x00007ffd2f057000 	C:\Windows\SYSTEM32\WINMM.dll
0x00007ffd3d810000 - 0x00007ffd3d87b000 	C:\Windows\System32\WS2_32.dll
0x00007ffd39a90000 - 0x00007ffd39aa2000 	C:\Windows\SYSTEM32\kernel.appcore.dll
0x00007ffd35800000 - 0x00007ffd35810000 	C:\Program Files\Java\jdk-11.0.12\bin\verify.dll
0x00007ffd39740000 - 0x00007ffd39924000 	C:\Windows\SYSTEM32\DBGHELP.DLL
0x00007ffd329c0000 - 0x00007ffd329ec000 	C:\Windows\SYSTEM32\dbgcore.DLL
0x00007ffd3b310000 - 0x00007ffd3b392000 	C:\Windows\System32\bcryptPrimitives.dll
0x00007ffd25df0000 - 0x00007ffd25e18000 	C:\Program Files\Java\jdk-11.0.12\bin\java.dll
0x00007ffd357c0000 - 0x00007ffd357ca000 	C:\Program Files\Java\jdk-11.0.12\bin\jimage.dll
0x00007ffd25dd0000 - 0x00007ffd25de6000 	C:\Program Files\Java\jdk-11.0.12\bin\zip.dll
0x00007ffd3cc30000 - 0x00007ffd3d374000 	C:\Windows\System32\SHELL32.dll
0x00007ffd38fa0000 - 0x00007ffd39735000 	C:\Windows\SYSTEM32\windows.storage.dll
0x00007ffd3d4b0000 - 0x00007ffd3d805000 	C:\Windows\System32\combase.dll
0x00007ffd3aaa0000 - 0x00007ffd3aace000 	C:\Windows\SYSTEM32\Wldp.dll
0x00007ffd3d380000 - 0x00007ffd3d42d000 	C:\Windows\System32\SHCORE.dll
0x00007ffd3bb30000 - 0x00007ffd3bb85000 	C:\Windows\System32\shlwapi.dll
0x00007ffd3b140000 - 0x00007ffd3b15f000 	C:\Windows\SYSTEM32\profapi.dll
0x00007ffd25be0000 - 0x00007ffd25bf9000 	C:\Program Files\Java\jdk-11.0.12\bin\net.dll
0x00007ffd2b270000 - 0x00007ffd2b37c000 	C:\Windows\SYSTEM32\WINHTTP.dll
0x00007ffd3a880000 - 0x00007ffd3a8ea000 	C:\Windows\system32\mswsock.dll
0x00007ffd25bc0000 - 0x00007ffd25bd2000 	C:\Program Files\Java\jdk-11.0.12\bin\nio.dll
0x00007ffd25b90000 - 0x00007ffd25bb7000 	C:\Users\mjazi\.gradle\native\fdc75f09e3144964f2cf3f50f0aa648679c211496f362492102eb8c894070792\windows-amd64\native-platform.dll
0x00007ffcf5430000 - 0x00007ffcf55c6000 	C:\Users\mjazi\.gradle\native\12488b8bf47d2d4c9fbf2f6322a914ad602e24e48041cd04a747c6da556b65c4\windows-amd64\native-platform-file-events.dll
0x00007ffd33c20000 - 0x00007ffd33c29000 	C:\Program Files\Java\jdk-11.0.12\bin\management.dll
0x00007ffd33670000 - 0x00007ffd3367b000 	C:\Program Files\Java\jdk-11.0.12\bin\management_ext.dll
0x00007ffd3ade0000 - 0x00007ffd3adf8000 	C:\Windows\SYSTEM32\CRYPTSP.dll
0x00007ffd3a220000 - 0x00007ffd3a254000 	C:\Windows\system32\rsaenh.dll
0x00007ffd3ba20000 - 0x00007ffd3ba47000 	C:\Windows\System32\bcrypt.dll
0x00007ffd3b0c0000 - 0x00007ffd3b0ee000 	C:\Windows\SYSTEM32\USERENV.dll
0x00007ffd3aa10000 - 0x00007ffd3aa1c000 	C:\Windows\SYSTEM32\CRYPTBASE.dll
0x00007ffd3a590000 - 0x00007ffd3a5cb000 	C:\Windows\SYSTEM32\IPHLPAPI.DLL
0x00007ffd3daa0000 - 0x00007ffd3daa8000 	C:\Windows\System32\NSI.dll
0x00007ffd32890000 - 0x00007ffd328a7000 	C:\Windows\SYSTEM32\dhcpcsvc6.DLL
0x00007ffd32980000 - 0x00007ffd3299d000 	C:\Windows\SYSTEM32\dhcpcsvc.DLL
0x00007ffd3a5d0000 - 0x00007ffd3a69b000 	C:\Windows\SYSTEM32\DNSAPI.dll
0x00007ffd33b20000 - 0x00007ffd33b2b000 	C:\Windows\SYSTEM32\WINNSI.DLL
0x00007ffd2a3f0000 - 0x00007ffd2a3fa000 	C:\Windows\System32\rasadhlp.dll
0x00007ffd2ae20000 - 0x00007ffd2ae9f000 	C:\Windows\System32\fwpuclnt.dll

dbghelp: loaded successfully - version: 4.0.5 - missing functions: none
symbol engine: initialized successfully - sym options: 0x614 - pdb path: .;C:\Program Files\Java\jdk-11.0.12\bin;C:\Windows\SYSTEM32;C:\Windows\WinSxS\amd64_microsoft.windows.common-controls_6595b64144ccf1df_6.0.19041.1110_none_60b5254171f9507e;C:\Program Files\Java\jdk-11.0.12\bin\server;C:\Users\mjazi\.gradle\native\fdc75f09e3144964f2cf3f50f0aa648679c211496f362492102eb8c894070792\windows-amd64;C:\Users\mjazi\.gradle\native\12488b8bf47d2d4c9fbf2f6322a914ad602e24e48041cd04a747c6da556b65c4\windows-amd64

VM Arguments:
jvm_args: --add-opens=java.base/java.util=ALL-UNNAMED --add-opens=java.base/java.lang=ALL-UNNAMED --add-opens=java.base/java.lang.invoke=ALL-UNNAMED --add-opens=java.prefs/java.util.prefs=ALL-UNNAMED -XX:MaxMetaspaceSize=256m -XX:+HeapDumpOnOutOfMemoryError -Xms256m -Xmx512m -Dfile.encoding=windows-1252 -Duser.country=US -Duser.language=en -Duser.variant 
java_command: org.gradle.launcher.daemon.bootstrap.GradleDaemon 6.7.1
java_class_path (initial): C:\Users\mjazi\.gradle\wrapper\dists\gradle-6.7.1-bin\bwlcbys1h7rz3272sye1xwiv6\gradle-6.7.1\lib\gradle-launcher-6.7.1.jar
Launcher Type: SUN_STANDARD

[Global flags]
     intx CICompilerCount                          = 3                                         {product} {ergonomic}
   size_t CompressedClassSpaceSize                 = 260046848                                 {product} {ergonomic}
     uint ConcGCThreads                            = 1                                         {product} {ergonomic}
     uint G1ConcRefinementThreads                  = 4                                         {product} {ergonomic}
   size_t G1HeapRegionSize                         = 1048576                                   {product} {ergonomic}
    uintx GCDrainStackTargetSize                   = 64                                        {product} {ergonomic}
     bool HeapDumpOnOutOfMemoryError               = true                                   {manageable} {command line}
   size_t InitialHeapSize                          = 268435456                                 {product} {command line}
   size_t MarkStackSize                            = 4194304                                   {product} {ergonomic}
   size_t MaxHeapSize                              = 536870912                                 {product} {command line}
   size_t MaxMetaspaceSize                         = 268435456                                 {product} {command line}
   size_t MaxNewSize                               = 321912832                                 {product} {ergonomic}
   size_t MinHeapDeltaBytes                        = 1048576                                   {product} {ergonomic}
    uintx NonNMethodCodeHeapSize                   = 5830732                                {pd product} {ergonomic}
    uintx NonProfiledCodeHeapSize                  = 122913754                              {pd product} {ergonomic}
    uintx ProfiledCodeHeapSize                     = 122913754                              {pd product} {ergonomic}
    uintx ReservedCodeCacheSize                    = 251658240                              {pd product} {ergonomic}
     bool SegmentedCodeCache                       = true                                      {product} {ergonomic}
     bool UseCompressedClassPointers               = true                                 {lp64_product} {ergonomic}
     bool UseCompressedOops                        = true                                 {lp64_product} {ergonomic}
     bool UseG1GC                                  = true                                      {product} {ergonomic}
     bool UseLargePagesIndividualAllocation        = false                                  {pd product} {ergonomic}

Logging:
Log output configuration:
 #0: stdout all=warning uptime,level,tags
 #1: stderr all=off uptime,level,tags

Environment Variables:
JAVA_HOME=C:\Program Files\Java\jdk-11.0.12
CLASSPATH=C:\Users\mjazi\GharbarMobileApp1\android\\gradle\wrapper\gradle-wrapper.jar
PATH=C:\Users\mjazi\GharbarMobileApp1\android\node_modules\.bin;C:\Users\mjazi\GharbarMobileApp1\node_modules\.bin;C:\Users\mjazi\node_modules\.bin;C:\Users\node_modules\.bin;C:\node_modules\.bin;C:\Program Files\nodejs;C:\Users\mjazi\GharbarMobileApp1\node_modules\.bin;C:\Program Files\Git\mingw64\bin;C:\Program Files\Git\usr\bin;C:\Users\mjazi\bin;C:\Python39\Scripts;C:\Python39;C:\Program Files\Common Files\Oracle\Java\javapath;C:\Windows\system32;C:\Windows;C:\Windows\System32\Wbem;C:\Windows\System32\WindowsPowerShell\v1.0;C:\Windows\System32\OpenSSH;C:\Program Files\nodejs;C:\ProgramData\chocolatey\bin;C:\Program Files\Java\jdk-11.0.12\bin;C:\Users\mjazi\AppData\Local\Android\Sdk\platform-tools;C:\Program Files (x86)\dotnet;C:\Program Files\Git\cmd;C:\Users\mjazi\AppData\Local\Microsoft\WindowsApps;D:\Microsoft VS Code\bin;C:\Users\mjazi\AppData\Roaming\npm;C:\Users\mjazi\AppData\Local\GitHubDesktop\bin
USERNAME=jazib
OS=Windows_NT
PROCESSOR_IDENTIFIER=Intel64 Family 6 Model 78 Stepping 3, GenuineIntel



---------------  S Y S T E M  ---------------

OS: Windows 10 , 64 bit Build 19041 (10.0.19041.1466)
Hyper-V role detected

CPU:total 4 (initial active 4) (2 cores per cpu, 2 threads per core) family 6 model 78 stepping 3 microcode 0xe2, cmov, cx8, fxsr, mmx, sse, sse2, sse3, ssse3, sse4.1, sse4.2, popcnt, avx, avx2, aes, clmul, erms, rtm, 3dnowpref, lzcnt, ht, tsc, tscinvbit, bmi1, bmi2, adx, fma

Memory: 4k page, system-wide physical 8013M (155M free)
TotalPageFile size 26038M (AvailPageFile size 4M)
current process WorkingSet (physical memory assigned to process): 396M, peak: 478M
current process commit charge ("private bytes"): 591M, peak: 595M

vm_info: Java HotSpot(TM) 64-Bit Server VM (11.0.12+8-LTS-237) for windows-amd64 JRE (11.0.12+8-LTS-237), built on Jun  8 2021 11:25:59 by "mach5one" with MS VC++ 15.9 (VS2017)

END.
