#
# There is insufficient memory for the Java Runtime Environment to continue.
# Native memory allocation (malloc) failed to allocate 1020496 bytes for Chunk::new
# Possible reasons:
#   The system is out of physical RAM or swap space
#   The process is running with CompressedOops enabled, and the Java Heap may be blocking the growth of the native heap
# Possible solutions:
#   Reduce memory load on the system
#   Increase physical memory or swap space
#   Check if swap backing store is full
#   Decrease Java heap size (-Xmx/-Xms)
#   Decrease number of Java threads
#   Decrease Java thread stack sizes (-Xss)
#   Set larger code cache with -XX:ReservedCodeCacheSize=
#   JVM is running with Unscaled Compressed Oops mode in which the Java heap is
#     placed in the first 4GB address space. The Java Heap base address is the
#     maximum limit for the native heap growth. Please use -XX:HeapBaseMinAddress
#     to set the Java Heap base and to place the Java Heap above 4GB virtual address.
# This output file may be truncated or incomplete.
#
#  Out of Memory Error (./open/src/hotspot/share/memory/arena.cpp:197), pid=11160, tid=10012
#
# JRE version: Java(TM) SE Runtime Environment 18.9 (11.0.12+8) (build 11.0.12+8-LTS-237)
# Java VM: Java HotSpot(TM) 64-Bit Server VM 18.9 (11.0.12+8-LTS-237, mixed mode, tiered, compressed oops, g1 gc, windows-amd64)
# No core dump will be written. Minidumps are not enabled by default on client versions of Windows
#

---------------  S U M M A R Y ------------

Command Line: --add-opens=java.base/java.util=ALL-UNNAMED --add-opens=java.base/java.lang=ALL-UNNAMED --add-opens=java.base/java.lang.invoke=ALL-UNNAMED --add-opens=java.prefs/java.util.prefs=ALL-UNNAMED -XX:MaxMetaspaceSize=256m -XX:+HeapDumpOnOutOfMemoryError -Xms256m -Xmx512m -Dfile.encoding=windows-1252 -Duser.country=US -Duser.language=en -Duser.variant org.gradle.launcher.daemon.bootstrap.GradleDaemon 6.7.1

Host: Intel(R) Core(TM) i7-6600U CPU @ 2.60GHz, 4 cores, 7G,  Windows 10 , 64 bit Build 19041 (10.0.19041.1466)
Time: Thu Feb 10 10:57:35 2022 Pakistan Standard Time elapsed time: 1940.720438 seconds (0d 0h 32m 20s)

---------------  T H R E A D  ---------------

Current thread (0x0000025ac45b1000):  JavaThread "C2 CompilerThread0" daemon [_thread_in_native, id=10012, stack(0x0000006654000000,0x0000006654100000)]


Current CompileTask:
C2:1940721 18001       4       org.gradle.internal.logging.sink.OutputEventTransformer::onOutput (399 bytes)

Stack: [0x0000006654000000,0x0000006654100000]
Native frames: (J=compiled Java code, j=interpreted, Vv=VM code, C=native code)
V  [jvm.dll+0x617d9a]
V  [jvm.dll+0x74eeef]
V  [jvm.dll+0x750599]
V  [jvm.dll+0x750c23]
V  [jvm.dll+0x2438d8]
V  [jvm.dll+0xba6dc]
V  [jvm.dll+0xbac9c]
V  [jvm.dll+0x2b4564]
V  [jvm.dll+0x52cc86]
V  [jvm.dll+0x20515d]
V  [jvm.dll+0x1ff15a]
V  [jvm.dll+0x1fc1ca]
V  [jvm.dll+0x17f18c]
V  [jvm.dll+0x20b87c]
V  [jvm.dll+0x20997b]
V  [jvm.dll+0x716359]
V  [jvm.dll+0x70f064]
V  [jvm.dll+0x616f66]
C  [ucrtbase.dll+0x21bb2]
C  [KERNEL32.DLL+0x17034]
C  [ntdll.dll+0x52651]


---------------  P R O C E S S  ---------------

Threads class SMR info:
_java_thread_list=0x0000025acbf19eb0, length=50, elements={
0x0000025aa98c8000, 0x0000025ac458b000, 0x0000025ac458c800, 0x0000025ac45a9800,
0x0000025ac45ab000, 0x0000025ac45ae000, 0x0000025ac45b1000, 0x0000025ac45b2800,
0x0000025ac45b4000, 0x0000025ac5068800, 0x0000025ac64ae800, 0x0000025ac592d000,
0x0000025ac5d36800, 0x0000025ac69b2000, 0x0000025ac69b7800, 0x0000025ac69b8800,
0x0000025ac69b4800, 0x0000025ac9311000, 0x0000025ac731d800, 0x0000025ac7321000,
0x0000025acd94d800, 0x0000025acd94b800, 0x0000025ac78db800, 0x0000025ac78dd000,
0x0000025ac78dc000, 0x0000025ac78e2000, 0x0000025ac78e2800, 0x0000025ac78dd800,
0x0000025ac78e3800, 0x0000025ac78de800, 0x0000025ac78df800, 0x0000025ac78e0000,
0x0000025ac78ea000, 0x0000025ac78e4800, 0x0000025ac78e6000, 0x0000025ac78e9000,
0x0000025ac78e5000, 0x0000025ac78e6800, 0x0000025acf973000, 0x0000025acf970000,
0x0000025acf974000, 0x0000025acbb6c000, 0x0000025acbb6a000, 0x0000025acbb69800,
0x0000025acbb6b000, 0x0000025acbb6c800, 0x0000025acbb6d800, 0x0000025acd948800,
0x0000025acd94f000, 0x0000025acd949800
}

Java Threads: ( => current thread )
  0x0000025aa98c8000 JavaThread "main" [_thread_blocked, id=11736, stack(0x0000006653400000,0x0000006653500000)]
  0x0000025ac458b000 JavaThread "Reference Handler" daemon [_thread_blocked, id=14908, stack(0x0000006653b00000,0x0000006653c00000)]
  0x0000025ac458c800 JavaThread "Finalizer" daemon [_thread_blocked, id=16764, stack(0x0000006653c00000,0x0000006653d00000)]
  0x0000025ac45a9800 JavaThread "Signal Dispatcher" daemon [_thread_blocked, id=15248, stack(0x0000006653d00000,0x0000006653e00000)]
  0x0000025ac45ab000 JavaThread "Attach Listener" daemon [_thread_blocked, id=20564, stack(0x0000006653e00000,0x0000006653f00000)]
  0x0000025ac45ae000 JavaThread "Service Thread" daemon [_thread_blocked, id=3188, stack(0x0000006653f00000,0x0000006654000000)]
=>0x0000025ac45b1000 JavaThread "C2 CompilerThread0" daemon [_thread_in_native, id=10012, stack(0x0000006654000000,0x0000006654100000)]
  0x0000025ac45b2800 JavaThread "C1 CompilerThread0" daemon [_thread_blocked, id=11836, stack(0x0000006654100000,0x0000006654200000)]
  0x0000025ac45b4000 JavaThread "Sweeper thread" daemon [_thread_blocked, id=8004, stack(0x0000006654200000,0x0000006654300000)]
  0x0000025ac5068800 JavaThread "Common-Cleaner" daemon [_thread_blocked, id=5980, stack(0x0000006654300000,0x0000006654400000)]
  0x0000025ac64ae800 JavaThread "Daemon health stats" [_thread_blocked, id=12836, stack(0x0000006654800000,0x0000006654900000)]
  0x0000025ac592d000 JavaThread "Incoming local TCP Connector on port 57784" [_thread_in_native, id=22248, stack(0x0000006654b00000,0x0000006654c00000)]
  0x0000025ac5d36800 JavaThread "Daemon periodic checks" [_thread_blocked, id=15068, stack(0x0000006654c00000,0x0000006654d00000)]
  0x0000025ac69b2000 JavaThread "Cache worker for file hash cache (C:\Users\mjazi\.gradle\caches\6.7.1\fileHashes)" [_thread_blocked, id=6900, stack(0x0000006655400000,0x0000006655500000)]
  0x0000025ac69b7800 JavaThread "File lock request listener" [_thread_in_native, id=21032, stack(0x0000006655500000,0x0000006655600000)]
  0x0000025ac69b8800 JavaThread "Cache worker for journal cache (C:\Users\mjazi\.gradle\caches\journal-1)" [_thread_blocked, id=128, stack(0x0000006655600000,0x0000006655700000)]
  0x0000025ac69b4800 JavaThread "Cache worker for execution history cache (C:\Users\mjazi\.gradle\caches\6.7.1\executionHistory)" [_thread_blocked, id=10448, stack(0x0000006655b00000,0x0000006655c00000)]
  0x0000025ac9311000 JavaThread "Cache worker for file content cache (C:\Users\mjazi\.gradle\caches\6.7.1\fileContent)" [_thread_blocked, id=13572, stack(0x0000006655d00000,0x0000006655e00000)]
  0x0000025ac731d800 JavaThread "Memory manager" [_thread_blocked, id=7848, stack(0x000000665c300000,0x000000665c400000)]
  0x0000025ac7321000 JavaThread "Monitor" [_thread_in_native, id=8440, stack(0x0000006653300000,0x0000006653400000)]
  0x0000025acd94d800 JavaThread "JdwpProxyConnection" [_thread_in_native, id=20244, stack(0x0000006653200000,0x0000006653300000)]
  0x0000025acd94b800 JavaThread "Device List Monitor" [_thread_in_native, id=11372, stack(0x000000665c900000,0x000000665ca00000)]
  0x0000025ac78db800 JavaThread "Daemon Thread 3" [_thread_blocked, id=9608, stack(0x0000006654900000,0x0000006654a00000)]
  0x0000025ac78dd000 JavaThread "Handler for socket connection from /127.0.0.1:57784 to /127.0.0.1:62856" [_thread_in_native, id=19672, stack(0x0000006654a00000,0x0000006654b00000)]
  0x0000025ac78dc000 JavaThread "Cancel handler" [_thread_blocked, id=6344, stack(0x0000006654d00000,0x0000006654e00000)]
  0x0000025ac78e2000 JavaThread "Daemon worker Thread 3" [_thread_blocked, id=20968, stack(0x0000006654e00000,0x0000006654f00000)]
  0x0000025ac78e2800 JavaThread "Asynchronous log dispatcher for DefaultDaemonConnection: socket connection from /127.0.0.1:57784 to /127.0.0.1:62856" [_thread_blocked, id=5576, stack(0x0000006654f00000,0x0000006655000000)]
  0x0000025ac78dd800 JavaThread "Stdin handler" [_thread_blocked, id=3768, stack(0x0000006655000000,0x0000006655100000)]
  0x0000025ac78e3800 JavaThread "Thread-250" [_thread_blocked, id=9256, stack(0x0000006655100000,0x0000006655200000)]
  0x0000025ac78de800 JavaThread "Cache worker for file hash cache (C:\Users\mjazi\GharbarMobileApp1\android\.gradle\6.7.1\fileHashes)" [_thread_blocked, id=19548, stack(0x0000006655200000,0x0000006655300000)]
  0x0000025ac78df800 JavaThread "Cache worker for checksums cache (C:\Users\mjazi\GharbarMobileApp1\android\.gradle\checksums)" [_thread_blocked, id=20644, stack(0x0000006655300000,0x0000006655400000)]
  0x0000025ac78e0000 JavaThread "Cache worker for cache directory md-supplier (C:\Users\mjazi\.gradle\caches\6.7.1\md-supplier)" [_thread_blocked, id=20292, stack(0x0000006655700000,0x0000006655800000)]
  0x0000025ac78ea000 JavaThread "Cache worker for cache directory md-rule (C:\Users\mjazi\.gradle\caches\6.7.1\md-rule)" [_thread_blocked, id=820, stack(0x0000006655800000,0x0000006655900000)]
  0x0000025ac78e4800 JavaThread "Cache worker for Build Output Cleanup Cache (C:\Users\mjazi\GharbarMobileApp1\android\.gradle\buildOutputCleanup)" [_thread_blocked, id=17388, stack(0x0000006655a00000,0x0000006655b00000)]
  0x0000025ac78e6000 JavaThread "Build operations" [_thread_blocked, id=19208, stack(0x0000006655c00000,0x0000006655d00000)]
  0x0000025ac78e9000 JavaThread "Build operations Thread 2" [_thread_blocked, id=3844, stack(0x0000006655e00000,0x0000006655f00000)]
  0x0000025ac78e5000 JavaThread "Build operations Thread 3" [_thread_blocked, id=15616, stack(0x0000006655f00000,0x0000006656000000)]
  0x0000025ac78e6800 JavaThread "Build operations Thread 4" [_thread_blocked, id=14940, stack(0x0000006656000000,0x0000006656100000)]
  0x0000025acf973000 JavaThread "build event listener" [_thread_blocked, id=19104, stack(0x0000006655900000,0x0000006655a00000)]
  0x0000025acf970000 JavaThread "Execution worker for ':'" [_thread_blocked, id=21980, stack(0x000000665c200000,0x000000665c300000)]
  0x0000025acf974000 JavaThread "Execution worker for ':' Thread 2" [_thread_blocked, id=11008, stack(0x000000665c400000,0x000000665c500000)]
  0x0000025acbb6c000 JavaThread "Execution worker for ':' Thread 3" [_thread_blocked, id=14396, stack(0x000000665c500000,0x000000665c600000)]
  0x0000025acbb6a000 JavaThread "Cache worker for execution history cache (C:\Users\mjazi\GharbarMobileApp1\android\.gradle\6.7.1\executionHistory)" [_thread_blocked, id=3300, stack(0x000000665c600000,0x000000665c700000)]
  0x0000025acbb69800 JavaThread "WorkerExecutor Queue" [_thread_blocked, id=7720, stack(0x000000665c700000,0x000000665c800000)]
  0x0000025acbb6b000 JavaThread "WorkerExecutor Queue Thread 2" [_thread_blocked, id=16672, stack(0x000000665ca00000,0x000000665cb00000)]
  0x0000025acbb6c800 JavaThread "WorkerExecutor Queue Thread 3" [_thread_blocked, id=2740, stack(0x000000665cb00000,0x000000665cc00000)]
  0x0000025acbb6d800 JavaThread "WorkerExecutor Queue Thread 4" [_thread_blocked, id=264, stack(0x000000665cc00000,0x000000665cd00000)]
  0x0000025acd948800 JavaThread "Exec process" [_thread_in_native, id=15256, stack(0x0000006656100000,0x0000006656200000)]
  0x0000025acd94f000 JavaThread "Exec process Thread 2" [_thread_in_native, id=14744, stack(0x0000006656200000,0x0000006656300000)]
  0x0000025acd949800 JavaThread "Exec process Thread 3" [_thread_in_native, id=10468, stack(0x0000006656300000,0x0000006656400000)]

Other Threads:
  0x0000025ac4566000 VMThread "VM Thread" [stack: 0x0000006653a00000,0x0000006653b00000] [id=20408]
  0x0000025ac50a0800 WatcherThread [stack: 0x0000006654400000,0x0000006654500000] [id=3380]
  0x0000025aa98de000 GCTaskThread "GC Thread#0" [stack: 0x0000006653500000,0x0000006653600000] [id=10696]
  0x0000025ac5552000 GCTaskThread "GC Thread#1" [stack: 0x0000006654500000,0x0000006654600000] [id=9152]
  0x0000025ac5552800 GCTaskThread "GC Thread#2" [stack: 0x0000006654600000,0x0000006654700000] [id=17424]
  0x0000025ac5553000 GCTaskThread "GC Thread#3" [stack: 0x0000006654700000,0x0000006654800000] [id=7668]
  0x0000025aa98ed800 ConcurrentGCThread "G1 Main Marker" [stack: 0x0000006653600000,0x0000006653700000] [id=12016]
  0x0000025aa98ef000 ConcurrentGCThread "G1 Conc#0" [stack: 0x0000006653700000,0x0000006653800000] [id=14572]
  0x0000025ac43fe800 ConcurrentGCThread "G1 Refine#0" [stack: 0x0000006653800000,0x0000006653900000] [id=3196]
  0x0000025acff06800 ConcurrentGCThread "G1 Refine#1" [stack: 0x000000665c800000,0x000000665c900000] [id=19976]
  0x0000025ac43ff800 ConcurrentGCThread "G1 Young RemSet Sampling" [stack: 0x0000006653900000,0x0000006653a00000] [id=12720]

Threads with active compile tasks:
C2 CompilerThread01940807 18001       4       org.gradle.internal.logging.sink.OutputEventTransformer::onOutput (399 bytes)

VM state:not at safepoint (normal execution)

VM Mutex/Monitor currently owned by a thread: None

Heap address: 0x00000000e0000000, size: 512 MB, Compressed Oops mode: 32-bit
Narrow klass base: 0x0000000000000000, Narrow klass shift: 3
Compressed class space size: 260046848 Address: 0x0000000100000000

Heap:
 garbage-first heap   total 262144K, used 204942K [0x00000000e0000000, 0x0000000100000000)
  region size 1024K, 48 young (49152K), 2 survivors (2048K)
 Metaspace       used 95621K, capacity 99331K, committed 99712K, reserved 342016K
  class space    used 11937K, capacity 13355K, committed 13440K, reserved 253952K
Heap Regions: E=young(eden), S=young(survivor), O=old, HS=humongous(starts), HC=humongous(continues), CS=collection set, F=free, A=archive, TAMS=top-at-mark-start (previous, next)
|   0|0x00000000e0000000, 0x00000000e0100000, 0x00000000e0100000|100%| O|  |TAMS 0x00000000e0100000, 0x00000000e0000000| Untracked 
|   1|0x00000000e0100000, 0x00000000e0200000, 0x00000000e0200000|100%| O|  |TAMS 0x00000000e0200000, 0x00000000e0100000| Untracked 
|   2|0x00000000e0200000, 0x00000000e0300000, 0x00000000e0300000|100%| O|  |TAMS 0x00000000e0300000, 0x00000000e0200000| Untracked 
|   3|0x00000000e0300000, 0x00000000e0400000, 0x00000000e0400000|100%|HS|  |TAMS 0x00000000e0400000, 0x00000000e0300000| Complete 
|   4|0x00000000e0400000, 0x00000000e0500000, 0x00000000e0500000|100%|HC|  |TAMS 0x00000000e0500000, 0x00000000e0400000| Complete 
|   5|0x00000000e0500000, 0x00000000e0600000, 0x00000000e0600000|100%|HC|  |TAMS 0x00000000e0600000, 0x00000000e0500000| Complete 
|   6|0x00000000e0600000, 0x00000000e0700000, 0x00000000e0700000|100%| O|  |TAMS 0x00000000e0700000, 0x00000000e0600000| Untracked 
|   7|0x00000000e0700000, 0x00000000e0800000, 0x00000000e0800000|100%| O|  |TAMS 0x00000000e0800000, 0x00000000e0700000| Untracked 
|   8|0x00000000e0800000, 0x00000000e0900000, 0x00000000e0900000|100%| O|  |TAMS 0x00000000e0900000, 0x00000000e0800000| Untracked 
|   9|0x00000000e0900000, 0x00000000e0a00000, 0x00000000e0a00000|100%| O|  |TAMS 0x00000000e0a00000, 0x00000000e0900000| Untracked 
|  10|0x00000000e0a00000, 0x00000000e0b00000, 0x00000000e0b00000|100%| O|  |TAMS 0x00000000e0b00000, 0x00000000e0a00000| Untracked 
|  11|0x00000000e0b00000, 0x00000000e0c00000, 0x00000000e0c00000|100%| O|  |TAMS 0x00000000e0c00000, 0x00000000e0b00000| Untracked 
|  12|0x00000000e0c00000, 0x00000000e0d00000, 0x00000000e0d00000|100%| O|  |TAMS 0x00000000e0d00000, 0x00000000e0c00000| Untracked 
|  13|0x00000000e0d00000, 0x00000000e0e00000, 0x00000000e0e00000|100%|HS|  |TAMS 0x00000000e0e00000, 0x00000000e0d00000| Complete 
|  14|0x00000000e0e00000, 0x00000000e0f00000, 0x00000000e0f00000|100%|HS|  |TAMS 0x00000000e0f00000, 0x00000000e0e00000| Complete 
|  15|0x00000000e0f00000, 0x00000000e1000000, 0x00000000e1000000|100%|HC|  |TAMS 0x00000000e1000000, 0x00000000e0f00000| Complete 
|  16|0x00000000e1000000, 0x00000000e1100000, 0x00000000e1100000|100%| O|  |TAMS 0x00000000e1100000, 0x00000000e1000000| Untracked 
|  17|0x00000000e1100000, 0x00000000e1200000, 0x00000000e1200000|100%| O|  |TAMS 0x00000000e1200000, 0x00000000e1100000| Untracked 
|  18|0x00000000e1200000, 0x00000000e1300000, 0x00000000e1300000|100%| O|  |TAMS 0x00000000e1300000, 0x00000000e1200000| Untracked 
|  19|0x00000000e1300000, 0x00000000e1400000, 0x00000000e1400000|100%| O|  |TAMS 0x00000000e1400000, 0x00000000e1300000| Untracked 
|  20|0x00000000e1400000, 0x00000000e1500000, 0x00000000e1500000|100%| O|  |TAMS 0x00000000e1500000, 0x00000000e1400000| Untracked 
|  21|0x00000000e1500000, 0x00000000e1600000, 0x00000000e1600000|100%| O|  |TAMS 0x00000000e1600000, 0x00000000e1500000| Untracked 
|  22|0x00000000e1600000, 0x00000000e1700000, 0x00000000e1700000|100%| O|  |TAMS 0x00000000e1700000, 0x00000000e1600000| Untracked 
|  23|0x00000000e1700000, 0x00000000e1800000, 0x00000000e1800000|100%| O|  |TAMS 0x00000000e1800000, 0x00000000e1700000| Untracked 
|  24|0x00000000e1800000, 0x00000000e1900000, 0x00000000e1900000|100%| O|  |TAMS 0x00000000e1900000, 0x00000000e1800000| Untracked 
|  25|0x00000000e1900000, 0x00000000e1a00000, 0x00000000e1a00000|100%| O|  |TAMS 0x00000000e1a00000, 0x00000000e1900000| Untracked 
|  26|0x00000000e1a00000, 0x00000000e1b00000, 0x00000000e1b00000|100%| O|  |TAMS 0x00000000e1b00000, 0x00000000e1a00000| Untracked 
|  27|0x00000000e1b00000, 0x00000000e1c00000, 0x00000000e1c00000|100%|HS|  |TAMS 0x00000000e1b00000, 0x00000000e1b00000| Complete 
|  28|0x00000000e1c00000, 0x00000000e1d00000, 0x00000000e1d00000|100%| O|  |TAMS 0x00000000e1d00000, 0x00000000e1c00000| Untracked 
|  29|0x00000000e1d00000, 0x00000000e1e00000, 0x00000000e1e00000|100%| O|  |TAMS 0x00000000e1e00000, 0x00000000e1d00000| Untracked 
|  30|0x00000000e1e00000, 0x00000000e1f00000, 0x00000000e1f00000|100%| O|  |TAMS 0x00000000e1f00000, 0x00000000e1e00000| Untracked 
|  31|0x00000000e1f00000, 0x00000000e2000000, 0x00000000e2000000|100%| O|  |TAMS 0x00000000e2000000, 0x00000000e1f00000| Untracked 
|  32|0x00000000e2000000, 0x00000000e2100000, 0x00000000e2100000|100%| O|  |TAMS 0x00000000e2100000, 0x00000000e2000000| Untracked 
|  33|0x00000000e2100000, 0x00000000e2200000, 0x00000000e2200000|100%| O|  |TAMS 0x00000000e2200000, 0x00000000e2100000| Untracked 
|  34|0x00000000e2200000, 0x00000000e2300000, 0x00000000e2300000|100%| O|  |TAMS 0x00000000e2300000, 0x00000000e2200000| Untracked 
|  35|0x00000000e2300000, 0x00000000e2400000, 0x00000000e2400000|100%| O|  |TAMS 0x00000000e2400000, 0x00000000e2300000| Untracked 
|  36|0x00000000e2400000, 0x00000000e2500000, 0x00000000e2500000|100%| O|  |TAMS 0x00000000e2500000, 0x00000000e2400000| Untracked 
|  37|0x00000000e2500000, 0x00000000e2600000, 0x00000000e2600000|100%| O|  |TAMS 0x00000000e2600000, 0x00000000e2500000| Untracked 
|  38|0x00000000e2600000, 0x00000000e2700000, 0x00000000e2700000|100%| O|  |TAMS 0x00000000e2700000, 0x00000000e2600000| Untracked 
|  39|0x00000000e2700000, 0x00000000e2800000, 0x00000000e2800000|100%| O|  |TAMS 0x00000000e2800000, 0x00000000e2700000| Untracked 
|  40|0x00000000e2800000, 0x00000000e2900000, 0x00000000e2900000|100%| O|  |TAMS 0x00000000e2900000, 0x00000000e2800000| Untracked 
|  41|0x00000000e2900000, 0x00000000e2a00000, 0x00000000e2a00000|100%| O|  |TAMS 0x00000000e2a00000, 0x00000000e2900000| Untracked 
|  42|0x00000000e2a00000, 0x00000000e2b00000, 0x00000000e2b00000|100%| O|  |TAMS 0x00000000e2b00000, 0x00000000e2a00000| Untracked 
|  43|0x00000000e2b00000, 0x00000000e2c00000, 0x00000000e2c00000|100%| O|  |TAMS 0x00000000e2c00000, 0x00000000e2b00000| Untracked 
|  44|0x00000000e2c00000, 0x00000000e2d00000, 0x00000000e2d00000|100%| O|  |TAMS 0x00000000e2d00000, 0x00000000e2c00000| Untracked 
|  45|0x00000000e2d00000, 0x00000000e2e00000, 0x00000000e2e00000|100%| O|  |TAMS 0x00000000e2e00000, 0x00000000e2d00000| Untracked 
|  46|0x00000000e2e00000, 0x00000000e2f00000, 0x00000000e2f00000|100%| O|  |TAMS 0x00000000e2f00000, 0x00000000e2e00000| Untracked 
|  47|0x00000000e2f00000, 0x00000000e3000000, 0x00000000e3000000|100%| O|  |TAMS 0x00000000e3000000, 0x00000000e2f00000| Untracked 
|  48|0x00000000e3000000, 0x00000000e3100000, 0x00000000e3100000|100%| O|  |TAMS 0x00000000e3100000, 0x00000000e3000000| Untracked 
|  49|0x00000000e3100000, 0x00000000e3200000, 0x00000000e3200000|100%| O|  |TAMS 0x00000000e3200000, 0x00000000e3100000| Untracked 
|  50|0x00000000e3200000, 0x00000000e3300000, 0x00000000e3300000|100%| O|  |TAMS 0x00000000e3300000, 0x00000000e3200000| Untracked 
|  51|0x00000000e3300000, 0x00000000e3400000, 0x00000000e3400000|100%| O|  |TAMS 0x00000000e3400000, 0x00000000e3300000| Untracked 
|  52|0x00000000e3400000, 0x00000000e3500000, 0x00000000e3500000|100%| O|  |TAMS 0x00000000e3500000, 0x00000000e3400000| Untracked 
|  53|0x00000000e3500000, 0x00000000e3600000, 0x00000000e3600000|100%| O|  |TAMS 0x00000000e3600000, 0x00000000e3500000| Untracked 
|  54|0x00000000e3600000, 0x00000000e3700000, 0x00000000e3700000|100%| O|  |TAMS 0x00000000e3700000, 0x00000000e3600000| Untracked 
|  55|0x00000000e3700000, 0x00000000e3800000, 0x00000000e3800000|100%| O|  |TAMS 0x00000000e3800000, 0x00000000e3700000| Untracked 
|  56|0x00000000e3800000, 0x00000000e3900000, 0x00000000e3900000|100%|HS|  |TAMS 0x00000000e3800000, 0x00000000e3800000| Complete 
|  57|0x00000000e3900000, 0x00000000e3a00000, 0x00000000e3a00000|100%| O|  |TAMS 0x00000000e3a00000, 0x00000000e3900000| Untracked 
|  58|0x00000000e3a00000, 0x00000000e3b00000, 0x00000000e3b00000|100%| O|  |TAMS 0x00000000e3b00000, 0x00000000e3a00000| Untracked 
|  59|0x00000000e3b00000, 0x00000000e3c00000, 0x00000000e3c00000|100%| O|  |TAMS 0x00000000e3c00000, 0x00000000e3b00000| Untracked 
|  60|0x00000000e3c00000, 0x00000000e3d00000, 0x00000000e3d00000|100%| O|  |TAMS 0x00000000e3d00000, 0x00000000e3c00000| Untracked 
|  61|0x00000000e3d00000, 0x00000000e3e00000, 0x00000000e3e00000|100%| O|  |TAMS 0x00000000e3e00000, 0x00000000e3d00000| Untracked 
|  62|0x00000000e3e00000, 0x00000000e3f00000, 0x00000000e3f00000|100%| O|  |TAMS 0x00000000e3f00000, 0x00000000e3e00000| Untracked 
|  63|0x00000000e3f00000, 0x00000000e4000000, 0x00000000e4000000|100%| O|  |TAMS 0x00000000e4000000, 0x00000000e3f00000| Untracked 
|  64|0x00000000e4000000, 0x00000000e4100000, 0x00000000e4100000|100%| O|  |TAMS 0x00000000e4100000, 0x00000000e4000000| Untracked 
|  65|0x00000000e4100000, 0x00000000e4200000, 0x00000000e4200000|100%| O|  |TAMS 0x00000000e4200000, 0x00000000e4100000| Untracked 
|  66|0x00000000e4200000, 0x00000000e4300000, 0x00000000e4300000|100%| O|  |TAMS 0x00000000e4300000, 0x00000000e4200000| Untracked 
|  67|0x00000000e4300000, 0x00000000e4400000, 0x00000000e4400000|100%| O|  |TAMS 0x00000000e4400000, 0x00000000e4300000| Untracked 
|  68|0x00000000e4400000, 0x00000000e4500000, 0x00000000e4500000|100%| O|  |TAMS 0x00000000e4500000, 0x00000000e4400000| Untracked 
|  69|0x00000000e4500000, 0x00000000e4600000, 0x00000000e4600000|100%| O|  |TAMS 0x00000000e4600000, 0x00000000e4500000| Untracked 
|  70|0x00000000e4600000, 0x00000000e4700000, 0x00000000e4700000|100%|HS|  |TAMS 0x00000000e4600000, 0x00000000e4600000| Complete 
|  71|0x00000000e4700000, 0x00000000e4800000, 0x00000000e4800000|100%| O|  |TAMS 0x00000000e4800000, 0x00000000e4700000| Untracked 
|  72|0x00000000e4800000, 0x00000000e4900000, 0x00000000e4900000|100%| O|  |TAMS 0x00000000e4900000, 0x00000000e4800000| Untracked 
|  73|0x00000000e4900000, 0x00000000e4a00000, 0x00000000e4a00000|100%| O|  |TAMS 0x00000000e4a00000, 0x00000000e4900000| Untracked 
|  74|0x00000000e4a00000, 0x00000000e4b00000, 0x00000000e4b00000|100%| O|  |TAMS 0x00000000e4b00000, 0x00000000e4a00000| Untracked 
|  75|0x00000000e4b00000, 0x00000000e4c00000, 0x00000000e4c00000|100%| O|  |TAMS 0x00000000e4c00000, 0x00000000e4b00000| Untracked 
|  76|0x00000000e4c00000, 0x00000000e4d00000, 0x00000000e4d00000|100%| O|  |TAMS 0x00000000e4d00000, 0x00000000e4c00000| Untracked 
|  77|0x00000000e4d00000, 0x00000000e4e00000, 0x00000000e4e00000|100%| O|  |TAMS 0x00000000e4e00000, 0x00000000e4d00000| Untracked 
|  78|0x00000000e4e00000, 0x00000000e4f00000, 0x00000000e4f00000|100%| O|  |TAMS 0x00000000e4f00000, 0x00000000e4e00000| Untracked 
|  79|0x00000000e4f00000, 0x00000000e5000000, 0x00000000e5000000|100%| O|  |TAMS 0x00000000e5000000, 0x00000000e4f00000| Untracked 
|  80|0x00000000e5000000, 0x00000000e5100000, 0x00000000e5100000|100%| O|  |TAMS 0x00000000e5100000, 0x00000000e5000000| Untracked 
|  81|0x00000000e5100000, 0x00000000e5200000, 0x00000000e5200000|100%| O|  |TAMS 0x00000000e5200000, 0x00000000e5100000| Untracked 
|  82|0x00000000e5200000, 0x00000000e5300000, 0x00000000e5300000|100%| O|  |TAMS 0x00000000e5300000, 0x00000000e5200000| Untracked 
|  83|0x00000000e5300000, 0x00000000e5400000, 0x00000000e5400000|100%| O|  |TAMS 0x00000000e5400000, 0x00000000e5300000| Untracked 
|  84|0x00000000e5400000, 0x00000000e5400000, 0x00000000e5500000|  0%| F|  |TAMS 0x00000000e5400000, 0x00000000e5400000| Untracked 
|  85|0x00000000e5500000, 0x00000000e5500000, 0x00000000e5600000|  0%| F|  |TAMS 0x00000000e5500000, 0x00000000e5500000| Untracked 
|  86|0x00000000e5600000, 0x00000000e5700000, 0x00000000e5700000|100%| O|  |TAMS 0x00000000e5700000, 0x00000000e5600000| Untracked 
|  87|0x00000000e5700000, 0x00000000e5800000, 0x00000000e5800000|100%| O|  |TAMS 0x00000000e5800000, 0x00000000e5700000| Untracked 
|  88|0x00000000e5800000, 0x00000000e5900000, 0x00000000e5900000|100%| O|  |TAMS 0x00000000e5900000, 0x00000000e5800000| Untracked 
|  89|0x00000000e5900000, 0x00000000e5a00000, 0x00000000e5a00000|100%| O|  |TAMS 0x00000000e5a00000, 0x00000000e5900000| Untracked 
|  90|0x00000000e5a00000, 0x00000000e5b00000, 0x00000000e5b00000|100%| O|  |TAMS 0x00000000e5b00000, 0x00000000e5a00000| Untracked 
|  91|0x00000000e5b00000, 0x00000000e5b00000, 0x00000000e5c00000|  0%| F|  |TAMS 0x00000000e5b00000, 0x00000000e5b00000| Untracked 
|  92|0x00000000e5c00000, 0x00000000e5d00000, 0x00000000e5d00000|100%| O|  |TAMS 0x00000000e5d00000, 0x00000000e5c00000| Untracked 
|  93|0x00000000e5d00000, 0x00000000e5d00000, 0x00000000e5e00000|  0%| F|  |TAMS 0x00000000e5d00000, 0x00000000e5d00000| Untracked 
|  94|0x00000000e5e00000, 0x00000000e5f00000, 0x00000000e5f00000|100%| O|  |TAMS 0x00000000e5f00000, 0x00000000e5e00000| Untracked 
|  95|0x00000000e5f00000, 0x00000000e6000000, 0x00000000e6000000|100%| O|  |TAMS 0x00000000e6000000, 0x00000000e5f00000| Untracked 
|  96|0x00000000e6000000, 0x00000000e6100000, 0x00000000e6100000|100%| O|  |TAMS 0x00000000e6100000, 0x00000000e6000000| Untracked 
|  97|0x00000000e6100000, 0x00000000e6200000, 0x00000000e6200000|100%| O|  |TAMS 0x00000000e6200000, 0x00000000e6100000| Untracked 
|  98|0x00000000e6200000, 0x00000000e6200000, 0x00000000e6300000|  0%| F|  |TAMS 0x00000000e6200000, 0x00000000e6200000| Untracked 
|  99|0x00000000e6300000, 0x00000000e6400000, 0x00000000e6400000|100%| O|  |TAMS 0x00000000e6400000, 0x00000000e6300000| Untracked 
| 100|0x00000000e6400000, 0x00000000e6500000, 0x00000000e6500000|100%| O|  |TAMS 0x00000000e6500000, 0x00000000e6400000| Untracked 
| 101|0x00000000e6500000, 0x00000000e6600000, 0x00000000e6600000|100%| O|  |TAMS 0x00000000e6600000, 0x00000000e6500000| Untracked 
| 102|0x00000000e6600000, 0x00000000e6600000, 0x00000000e6700000|  0%| F|  |TAMS 0x00000000e6600000, 0x00000000e6600000| Untracked 
| 103|0x00000000e6700000, 0x00000000e6700000, 0x00000000e6800000|  0%| F|  |TAMS 0x00000000e6700000, 0x00000000e6700000| Untracked 
| 104|0x00000000e6800000, 0x00000000e6900000, 0x00000000e6900000|100%| O|  |TAMS 0x00000000e6900000, 0x00000000e6800000| Untracked 
| 105|0x00000000e6900000, 0x00000000e6a00000, 0x00000000e6a00000|100%| O|  |TAMS 0x00000000e6a00000, 0x00000000e6900000| Untracked 
| 106|0x00000000e6a00000, 0x00000000e6b00000, 0x00000000e6b00000|100%| O|  |TAMS 0x00000000e6b00000, 0x00000000e6a00000| Untracked 
| 107|0x00000000e6b00000, 0x00000000e6c00000, 0x00000000e6c00000|100%| O|  |TAMS 0x00000000e6c00000, 0x00000000e6b00000| Untracked 
| 108|0x00000000e6c00000, 0x00000000e6c00000, 0x00000000e6d00000|  0%| F|  |TAMS 0x00000000e6c00000, 0x00000000e6c00000| Untracked 
| 109|0x00000000e6d00000, 0x00000000e6e00000, 0x00000000e6e00000|100%| O|  |TAMS 0x00000000e6e00000, 0x00000000e6d00000| Untracked 
| 110|0x00000000e6e00000, 0x00000000e6f00000, 0x00000000e6f00000|100%| O|  |TAMS 0x00000000e6f00000, 0x00000000e6e00000| Untracked 
| 111|0x00000000e6f00000, 0x00000000e7000000, 0x00000000e7000000|100%| O|  |TAMS 0x00000000e7000000, 0x00000000e6f00000| Untracked 
| 112|0x00000000e7000000, 0x00000000e7000000, 0x00000000e7100000|  0%| F|  |TAMS 0x00000000e7000000, 0x00000000e7000000| Untracked 
| 113|0x00000000e7100000, 0x00000000e7200000, 0x00000000e7200000|100%| O|  |TAMS 0x00000000e7200000, 0x00000000e7100000| Untracked 
| 114|0x00000000e7200000, 0x00000000e7300000, 0x00000000e7300000|100%| O|  |TAMS 0x00000000e7300000, 0x00000000e7200000| Untracked 
| 115|0x00000000e7300000, 0x00000000e7400000, 0x00000000e7400000|100%| O|  |TAMS 0x00000000e7400000, 0x00000000e7300000| Untracked 
| 116|0x00000000e7400000, 0x00000000e7400000, 0x00000000e7500000|  0%| F|  |TAMS 0x00000000e7400000, 0x00000000e7400000| Untracked 
| 117|0x00000000e7500000, 0x00000000e7600000, 0x00000000e7600000|100%| O|  |TAMS 0x00000000e7600000, 0x00000000e7500000| Untracked 
| 118|0x00000000e7600000, 0x00000000e7700000, 0x00000000e7700000|100%| O|  |TAMS 0x00000000e7700000, 0x00000000e7600000| Untracked 
| 119|0x00000000e7700000, 0x00000000e7800000, 0x00000000e7800000|100%| O|  |TAMS 0x00000000e7800000, 0x00000000e7700000| Untracked 
| 120|0x00000000e7800000, 0x00000000e7800000, 0x00000000e7900000|  0%| F|  |TAMS 0x00000000e7800000, 0x00000000e7800000| Untracked 
| 121|0x00000000e7900000, 0x00000000e7900000, 0x00000000e7a00000|  0%| F|  |TAMS 0x00000000e7900000, 0x00000000e7900000| Untracked 
| 122|0x00000000e7a00000, 0x00000000e7b00000, 0x00000000e7b00000|100%| O|  |TAMS 0x00000000e7b00000, 0x00000000e7a00000| Untracked 
| 123|0x00000000e7b00000, 0x00000000e7c00000, 0x00000000e7c00000|100%| O|  |TAMS 0x00000000e7c00000, 0x00000000e7b00000| Untracked 
| 124|0x00000000e7c00000, 0x00000000e7d00000, 0x00000000e7d00000|100%| O|  |TAMS 0x00000000e7d00000, 0x00000000e7c00000| Untracked 
| 125|0x00000000e7d00000, 0x00000000e7e00000, 0x00000000e7e00000|100%| O|  |TAMS 0x00000000e7e00000, 0x00000000e7d00000| Untracked 
| 126|0x00000000e7e00000, 0x00000000e7f00000, 0x00000000e7f00000|100%| O|  |TAMS 0x00000000e7f00000, 0x00000000e7e00000| Untracked 
| 127|0x00000000e7f00000, 0x00000000e8000000, 0x00000000e8000000|100%| O|  |TAMS 0x00000000e8000000, 0x00000000e7f00000| Untracked 
| 128|0x00000000e8000000, 0x00000000e8100000, 0x00000000e8100000|100%| O|  |TAMS 0x00000000e8100000, 0x00000000e8000000| Untracked 
| 129|0x00000000e8100000, 0x00000000e8200000, 0x00000000e8200000|100%| O|  |TAMS 0x00000000e8200000, 0x00000000e8100000| Untracked 
| 130|0x00000000e8200000, 0x00000000e8300000, 0x00000000e8300000|100%| O|  |TAMS 0x00000000e8300000, 0x00000000e8200000| Untracked 
| 131|0x00000000e8300000, 0x00000000e8400000, 0x00000000e8400000|100%| O|  |TAMS 0x00000000e8400000, 0x00000000e8300000| Untracked 
| 132|0x00000000e8400000, 0x00000000e8400000, 0x00000000e8500000|  0%| F|  |TAMS 0x00000000e8400000, 0x00000000e8400000| Untracked 
| 133|0x00000000e8500000, 0x00000000e8500000, 0x00000000e8600000|  0%| F|  |TAMS 0x00000000e8500000, 0x00000000e8500000| Untracked 
| 134|0x00000000e8600000, 0x00000000e8700000, 0x00000000e8700000|100%| O|  |TAMS 0x00000000e8700000, 0x00000000e8600000| Untracked 
| 135|0x00000000e8700000, 0x00000000e8800000, 0x00000000e8800000|100%| O|  |TAMS 0x00000000e8800000, 0x00000000e8700000| Untracked 
| 136|0x00000000e8800000, 0x00000000e8900000, 0x00000000e8900000|100%| O|  |TAMS 0x00000000e8900000, 0x00000000e8800000| Untracked 
| 137|0x00000000e8900000, 0x00000000e8a00000, 0x00000000e8a00000|100%| O|  |TAMS 0x00000000e8a00000, 0x00000000e8900000| Untracked 
| 138|0x00000000e8a00000, 0x00000000e8b00000, 0x00000000e8b00000|100%| O|  |TAMS 0x00000000e8b00000, 0x00000000e8a00000| Untracked 
| 139|0x00000000e8b00000, 0x00000000e8c00000, 0x00000000e8c00000|100%| O|  |TAMS 0x00000000e8c00000, 0x00000000e8b00000| Untracked 
| 140|0x00000000e8c00000, 0x00000000e8c00000, 0x00000000e8d00000|  0%| F|  |TAMS 0x00000000e8c00000, 0x00000000e8c00000| Untracked 
| 141|0x00000000e8d00000, 0x00000000e8e00000, 0x00000000e8e00000|100%| O|  |TAMS 0x00000000e8e00000, 0x00000000e8d00000| Untracked 
| 142|0x00000000e8e00000, 0x00000000e8f00000, 0x00000000e8f00000|100%| O|  |TAMS 0x00000000e8f00000, 0x00000000e8e00000| Untracked 
| 143|0x00000000e8f00000, 0x00000000e9000000, 0x00000000e9000000|100%| O|  |TAMS 0x00000000e9000000, 0x00000000e8f00000| Untracked 
| 144|0x00000000e9000000, 0x00000000e9100000, 0x00000000e9100000|100%| O|  |TAMS 0x00000000e9100000, 0x00000000e9000000| Untracked 
| 145|0x00000000e9100000, 0x00000000e9200000, 0x00000000e9200000|100%| O|  |TAMS 0x00000000e9200000, 0x00000000e9100000| Untracked 
| 146|0x00000000e9200000, 0x00000000e9300000, 0x00000000e9300000|100%| O|  |TAMS 0x00000000e9300000, 0x00000000e9200000| Untracked 
| 147|0x00000000e9300000, 0x00000000e9400000, 0x00000000e9400000|100%| O|  |TAMS 0x00000000e9400000, 0x00000000e9300000| Untracked 
| 148|0x00000000e9400000, 0x00000000e9500000, 0x00000000e9500000|100%| O|  |TAMS 0x00000000e9500000, 0x00000000e9400000| Untracked 
| 149|0x00000000e9500000, 0x00000000e9600000, 0x00000000e9600000|100%| O|  |TAMS 0x00000000e9600000, 0x00000000e9500000| Untracked 
| 150|0x00000000e9600000, 0x00000000e9700000, 0x00000000e9700000|100%| O|  |TAMS 0x00000000e967fe00, 0x00000000e9600000| Untracked 
| 151|0x00000000e9700000, 0x00000000e9800000, 0x00000000e9800000|100%| O|  |TAMS 0x00000000e9700000, 0x00000000e9700000| Untracked 
| 152|0x00000000e9800000, 0x00000000e9900000, 0x00000000e9900000|100%| O|  |TAMS 0x00000000e9800000, 0x00000000e9800000| Untracked 
| 153|0x00000000e9900000, 0x00000000e9a00000, 0x00000000e9a00000|100%| O|  |TAMS 0x00000000e9900000, 0x00000000e9900000| Untracked 
| 154|0x00000000e9a00000, 0x00000000e9b00000, 0x00000000e9b00000|100%| O|  |TAMS 0x00000000e9a00000, 0x00000000e9a00000| Untracked 
| 155|0x00000000e9b00000, 0x00000000e9c00000, 0x00000000e9c00000|100%| O|  |TAMS 0x00000000e9b00000, 0x00000000e9b00000| Untracked 
| 156|0x00000000e9c00000, 0x00000000e9d00000, 0x00000000e9d00000|100%| O|  |TAMS 0x00000000e9c00000, 0x00000000e9c00000| Untracked 
| 157|0x00000000e9d00000, 0x00000000e9e00000, 0x00000000e9e00000|100%| O|  |TAMS 0x00000000e9d00000, 0x00000000e9d00000| Untracked 
| 158|0x00000000e9e00000, 0x00000000e9f00000, 0x00000000e9f00000|100%| O|  |TAMS 0x00000000e9e00000, 0x00000000e9e00000| Untracked 
| 159|0x00000000e9f00000, 0x00000000ea000000, 0x00000000ea000000|100%| O|  |TAMS 0x00000000e9f00000, 0x00000000e9f00000| Untracked 
| 160|0x00000000ea000000, 0x00000000ea100000, 0x00000000ea100000|100%| O|  |TAMS 0x00000000ea000000, 0x00000000ea000000| Untracked 
| 161|0x00000000ea100000, 0x00000000ea200000, 0x00000000ea200000|100%| O|  |TAMS 0x00000000ea100000, 0x00000000ea100000| Untracked 
| 162|0x00000000ea200000, 0x00000000ea300000, 0x00000000ea300000|100%| O|  |TAMS 0x00000000ea200000, 0x00000000ea200000| Untracked 
| 163|0x00000000ea300000, 0x00000000ea400000, 0x00000000ea400000|100%| O|  |TAMS 0x00000000ea300000, 0x00000000ea300000| Untracked 
| 164|0x00000000ea400000, 0x00000000ea500000, 0x00000000ea500000|100%| O|  |TAMS 0x00000000ea400000, 0x00000000ea400000| Untracked 
| 165|0x00000000ea500000, 0x00000000ea600000, 0x00000000ea600000|100%| O|  |TAMS 0x00000000ea500000, 0x00000000ea500000| Untracked 
| 166|0x00000000ea600000, 0x00000000ea700000, 0x00000000ea700000|100%| O|  |TAMS 0x00000000ea600000, 0x00000000ea600000| Untracked 
| 167|0x00000000ea700000, 0x00000000ea800000, 0x00000000ea800000|100%| O|  |TAMS 0x00000000ea700000, 0x00000000ea700000| Untracked 
| 168|0x00000000ea800000, 0x00000000ea823800, 0x00000000ea900000| 13%| O|  |TAMS 0x00000000ea800000, 0x00000000ea800000| Untracked 
| 169|0x00000000ea900000, 0x00000000ea900000, 0x00000000eaa00000|  0%| F|  |TAMS 0x00000000ea900000, 0x00000000ea900000| Untracked 
| 170|0x00000000eaa00000, 0x00000000eaa00000, 0x00000000eab00000|  0%| F|  |TAMS 0x00000000eaa00000, 0x00000000eaa00000| Untracked 
| 171|0x00000000eab00000, 0x00000000eab00000, 0x00000000eac00000|  0%| F|  |TAMS 0x00000000eab00000, 0x00000000eab00000| Untracked 
| 172|0x00000000eac00000, 0x00000000eac00000, 0x00000000ead00000|  0%| F|  |TAMS 0x00000000eac00000, 0x00000000eac00000| Untracked 
| 173|0x00000000ead00000, 0x00000000ead00000, 0x00000000eae00000|  0%| F|  |TAMS 0x00000000ead00000, 0x00000000ead00000| Untracked 
| 174|0x00000000eae00000, 0x00000000eae00000, 0x00000000eaf00000|  0%| F|  |TAMS 0x00000000eae00000, 0x00000000eae00000| Untracked 
| 175|0x00000000eaf00000, 0x00000000eaf00000, 0x00000000eb000000|  0%| F|  |TAMS 0x00000000eaf00000, 0x00000000eaf00000| Untracked 
| 176|0x00000000eb000000, 0x00000000eb000000, 0x00000000eb100000|  0%| F|  |TAMS 0x00000000eb000000, 0x00000000eb000000| Untracked 
| 177|0x00000000eb100000, 0x00000000eb100000, 0x00000000eb200000|  0%| F|  |TAMS 0x00000000eb100000, 0x00000000eb100000| Untracked 
| 178|0x00000000eb200000, 0x00000000eb200000, 0x00000000eb300000|  0%| F|  |TAMS 0x00000000eb200000, 0x00000000eb200000| Untracked 
| 179|0x00000000eb300000, 0x00000000eb300000, 0x00000000eb400000|  0%| F|  |TAMS 0x00000000eb300000, 0x00000000eb300000| Untracked 
| 180|0x00000000eb400000, 0x00000000eb400000, 0x00000000eb500000|  0%| F|  |TAMS 0x00000000eb400000, 0x00000000eb400000| Untracked 
| 181|0x00000000eb500000, 0x00000000eb500000, 0x00000000eb600000|  0%| F|  |TAMS 0x00000000eb500000, 0x00000000eb500000| Untracked 
| 182|0x00000000eb600000, 0x00000000eb600000, 0x00000000eb700000|  0%| F|  |TAMS 0x00000000eb600000, 0x00000000eb600000| Untracked 
| 183|0x00000000eb700000, 0x00000000eb700000, 0x00000000eb800000|  0%| F|  |TAMS 0x00000000eb700000, 0x00000000eb700000| Untracked 
| 184|0x00000000eb800000, 0x00000000eb800000, 0x00000000eb900000|  0%| F|  |TAMS 0x00000000eb800000, 0x00000000eb800000| Untracked 
| 185|0x00000000eb900000, 0x00000000eb900000, 0x00000000eba00000|  0%| F|  |TAMS 0x00000000eb900000, 0x00000000eb900000| Untracked 
| 186|0x00000000eba00000, 0x00000000eba00000, 0x00000000ebb00000|  0%| F|  |TAMS 0x00000000eba00000, 0x00000000eba00000| Untracked 
| 187|0x00000000ebb00000, 0x00000000ebb00000, 0x00000000ebc00000|  0%| F|  |TAMS 0x00000000ebb00000, 0x00000000ebb00000| Untracked 
| 188|0x00000000ebc00000, 0x00000000ebc00000, 0x00000000ebd00000|  0%| F|  |TAMS 0x00000000ebc00000, 0x00000000ebc00000| Untracked 
| 189|0x00000000ebd00000, 0x00000000ebd00000, 0x00000000ebe00000|  0%| F|  |TAMS 0x00000000ebd00000, 0x00000000ebd00000| Untracked 
| 190|0x00000000ebe00000, 0x00000000ebe00000, 0x00000000ebf00000|  0%| F|  |TAMS 0x00000000ebe00000, 0x00000000ebe00000| Untracked 
| 191|0x00000000ebf00000, 0x00000000ebf00000, 0x00000000ec000000|  0%| F|  |TAMS 0x00000000ebf00000, 0x00000000ebf00000| Untracked 
| 192|0x00000000ec000000, 0x00000000ec000000, 0x00000000ec100000|  0%| F|  |TAMS 0x00000000ec000000, 0x00000000ec000000| Untracked 
| 193|0x00000000ec100000, 0x00000000ec100000, 0x00000000ec200000|  0%| F|  |TAMS 0x00000000ec100000, 0x00000000ec100000| Untracked 
| 194|0x00000000ec200000, 0x00000000ec200000, 0x00000000ec300000|  0%| F|  |TAMS 0x00000000ec200000, 0x00000000ec200000| Untracked 
| 195|0x00000000ec300000, 0x00000000ec300000, 0x00000000ec400000|  0%| F|  |TAMS 0x00000000ec300000, 0x00000000ec300000| Untracked 
| 196|0x00000000ec400000, 0x00000000ec400000, 0x00000000ec500000|  0%| F|  |TAMS 0x00000000ec400000, 0x00000000ec400000| Untracked 
| 197|0x00000000ec500000, 0x00000000ec500000, 0x00000000ec600000|  0%| F|  |TAMS 0x00000000ec500000, 0x00000000ec500000| Untracked 
| 198|0x00000000ec600000, 0x00000000ec600000, 0x00000000ec700000|  0%| F|  |TAMS 0x00000000ec600000, 0x00000000ec600000| Untracked 
| 199|0x00000000ec700000, 0x00000000ec700000, 0x00000000ec800000|  0%| F|  |TAMS 0x00000000ec700000, 0x00000000ec700000| Untracked 
| 200|0x00000000ec800000, 0x00000000ec800000, 0x00000000ec900000|  0%| F|  |TAMS 0x00000000ec800000, 0x00000000ec800000| Untracked 
| 201|0x00000000ec900000, 0x00000000ec900000, 0x00000000eca00000|  0%| F|  |TAMS 0x00000000ec900000, 0x00000000ec900000| Untracked 
| 202|0x00000000eca00000, 0x00000000eca00000, 0x00000000ecb00000|  0%| F|  |TAMS 0x00000000eca00000, 0x00000000eca00000| Untracked 
| 203|0x00000000ecb00000, 0x00000000ecb00000, 0x00000000ecc00000|  0%| F|  |TAMS 0x00000000ecb00000, 0x00000000ecb00000| Untracked 
| 204|0x00000000ecc00000, 0x00000000ecc00000, 0x00000000ecd00000|  0%| F|  |TAMS 0x00000000ecc00000, 0x00000000ecc00000| Untracked 
| 205|0x00000000ecd00000, 0x00000000ecd00000, 0x00000000ece00000|  0%| F|  |TAMS 0x00000000ecd00000, 0x00000000ecd00000| Untracked 
| 206|0x00000000ece00000, 0x00000000ece00000, 0x00000000ecf00000|  0%| F|  |TAMS 0x00000000ece00000, 0x00000000ece00000| Untracked 
| 207|0x00000000ecf00000, 0x00000000ecf00000, 0x00000000ed000000|  0%| F|  |TAMS 0x00000000ecf00000, 0x00000000ecf00000| Untracked 
| 208|0x00000000ed000000, 0x00000000ed0d1508, 0x00000000ed100000| 81%| E|  |TAMS 0x00000000ed000000, 0x00000000ed000000| Complete 
| 209|0x00000000ed100000, 0x00000000ed200000, 0x00000000ed200000|100%| E|CS|TAMS 0x00000000ed100000, 0x00000000ed100000| Complete 
| 210|0x00000000ed200000, 0x00000000ed300000, 0x00000000ed300000|100%| E|CS|TAMS 0x00000000ed200000, 0x00000000ed200000| Complete 
| 211|0x00000000ed300000, 0x00000000ed400000, 0x00000000ed400000|100%| E|CS|TAMS 0x00000000ed300000, 0x00000000ed300000| Complete 
| 212|0x00000000ed400000, 0x00000000ed500000, 0x00000000ed500000|100%| E|CS|TAMS 0x00000000ed400000, 0x00000000ed400000| Complete 
| 213|0x00000000ed500000, 0x00000000ed600000, 0x00000000ed600000|100%| E|CS|TAMS 0x00000000ed500000, 0x00000000ed500000| Complete 
| 214|0x00000000ed600000, 0x00000000ed700000, 0x00000000ed700000|100%| E|CS|TAMS 0x00000000ed600000, 0x00000000ed600000| Complete 
| 215|0x00000000ed700000, 0x00000000ed800000, 0x00000000ed800000|100%| E|CS|TAMS 0x00000000ed700000, 0x00000000ed700000| Complete 
| 216|0x00000000ed800000, 0x00000000ed900000, 0x00000000ed900000|100%| E|CS|TAMS 0x00000000ed800000, 0x00000000ed800000| Complete 
| 217|0x00000000ed900000, 0x00000000eda00000, 0x00000000eda00000|100%| E|CS|TAMS 0x00000000ed900000, 0x00000000ed900000| Complete 
| 218|0x00000000eda00000, 0x00000000edb00000, 0x00000000edb00000|100%| E|CS|TAMS 0x00000000eda00000, 0x00000000eda00000| Complete 
| 219|0x00000000edb00000, 0x00000000edc00000, 0x00000000edc00000|100%| E|CS|TAMS 0x00000000edb00000, 0x00000000edb00000| Complete 
| 220|0x00000000edc00000, 0x00000000edd00000, 0x00000000edd00000|100%| E|CS|TAMS 0x00000000edc00000, 0x00000000edc00000| Complete 
| 221|0x00000000edd00000, 0x00000000ede00000, 0x00000000ede00000|100%| E|CS|TAMS 0x00000000edd00000, 0x00000000edd00000| Complete 
| 222|0x00000000ede00000, 0x00000000edf00000, 0x00000000edf00000|100%| E|CS|TAMS 0x00000000ede00000, 0x00000000ede00000| Complete 
| 223|0x00000000edf00000, 0x00000000ee000000, 0x00000000ee000000|100%| E|CS|TAMS 0x00000000edf00000, 0x00000000edf00000| Complete 
| 224|0x00000000ee000000, 0x00000000ee100000, 0x00000000ee100000|100%| E|CS|TAMS 0x00000000ee000000, 0x00000000ee000000| Complete 
| 225|0x00000000ee100000, 0x00000000ee200000, 0x00000000ee200000|100%| E|CS|TAMS 0x00000000ee100000, 0x00000000ee100000| Complete 
| 226|0x00000000ee200000, 0x00000000ee300000, 0x00000000ee300000|100%| E|CS|TAMS 0x00000000ee200000, 0x00000000ee200000| Complete 
| 227|0x00000000ee300000, 0x00000000ee400000, 0x00000000ee400000|100%| E|CS|TAMS 0x00000000ee300000, 0x00000000ee300000| Complete 
| 228|0x00000000ee400000, 0x00000000ee500000, 0x00000000ee500000|100%| E|CS|TAMS 0x00000000ee400000, 0x00000000ee400000| Complete 
| 229|0x00000000ee500000, 0x00000000ee600000, 0x00000000ee600000|100%| E|CS|TAMS 0x00000000ee500000, 0x00000000ee500000| Complete 
| 230|0x00000000ee600000, 0x00000000ee700000, 0x00000000ee700000|100%| E|CS|TAMS 0x00000000ee600000, 0x00000000ee600000| Complete 
| 231|0x00000000ee700000, 0x00000000ee800000, 0x00000000ee800000|100%| E|CS|TAMS 0x00000000ee700000, 0x00000000ee700000| Complete 
| 232|0x00000000ee800000, 0x00000000ee900000, 0x00000000ee900000|100%| E|CS|TAMS 0x00000000ee800000, 0x00000000ee800000| Complete 
| 233|0x00000000ee900000, 0x00000000eea00000, 0x00000000eea00000|100%| E|CS|TAMS 0x00000000ee900000, 0x00000000ee900000| Complete 
| 234|0x00000000eea00000, 0x00000000eeb00000, 0x00000000eeb00000|100%| E|CS|TAMS 0x00000000eea00000, 0x00000000eea00000| Complete 
| 235|0x00000000eeb00000, 0x00000000eec00000, 0x00000000eec00000|100%| E|CS|TAMS 0x00000000eeb00000, 0x00000000eeb00000| Complete 
| 236|0x00000000eec00000, 0x00000000eed00000, 0x00000000eed00000|100%| E|CS|TAMS 0x00000000eec00000, 0x00000000eec00000| Complete 
| 237|0x00000000eed00000, 0x00000000eee00000, 0x00000000eee00000|100%| E|CS|TAMS 0x00000000eed00000, 0x00000000eed00000| Complete 
| 238|0x00000000eee00000, 0x00000000eef00000, 0x00000000eef00000|100%| E|CS|TAMS 0x00000000eee00000, 0x00000000eee00000| Complete 
| 239|0x00000000eef00000, 0x00000000ef000000, 0x00000000ef000000|100%| E|CS|TAMS 0x00000000eef00000, 0x00000000eef00000| Complete 
| 240|0x00000000ef000000, 0x00000000ef100000, 0x00000000ef100000|100%| E|CS|TAMS 0x00000000ef000000, 0x00000000ef000000| Complete 
| 241|0x00000000ef100000, 0x00000000ef200000, 0x00000000ef200000|100%| E|CS|TAMS 0x00000000ef100000, 0x00000000ef100000| Complete 
| 242|0x00000000ef200000, 0x00000000ef300000, 0x00000000ef300000|100%| E|CS|TAMS 0x00000000ef200000, 0x00000000ef200000| Complete 
| 243|0x00000000ef300000, 0x00000000ef400000, 0x00000000ef400000|100%| E|CS|TAMS 0x00000000ef300000, 0x00000000ef300000| Complete 
| 244|0x00000000ef400000, 0x00000000ef500000, 0x00000000ef500000|100%| E|CS|TAMS 0x00000000ef400000, 0x00000000ef400000| Complete 
| 245|0x00000000ef500000, 0x00000000ef600000, 0x00000000ef600000|100%| E|CS|TAMS 0x00000000ef500000, 0x00000000ef500000| Complete 
| 246|0x00000000ef600000, 0x00000000ef700000, 0x00000000ef700000|100%| E|CS|TAMS 0x00000000ef600000, 0x00000000ef600000| Complete 
| 247|0x00000000ef700000, 0x00000000ef800000, 0x00000000ef800000|100%| E|CS|TAMS 0x00000000ef700000, 0x00000000ef700000| Complete 
| 248|0x00000000ef800000, 0x00000000ef900000, 0x00000000ef900000|100%| E|CS|TAMS 0x00000000ef800000, 0x00000000ef800000| Complete 
| 249|0x00000000ef900000, 0x00000000efa00000, 0x00000000efa00000|100%| S|CS|TAMS 0x00000000ef900000, 0x00000000ef900000| Complete 
| 250|0x00000000efa00000, 0x00000000efb00000, 0x00000000efb00000|100%| S|CS|TAMS 0x00000000efa00000, 0x00000000efa00000| Complete 
| 251|0x00000000efb00000, 0x00000000efc00000, 0x00000000efc00000|100%| E|CS|TAMS 0x00000000efb00000, 0x00000000efb00000| Complete 
| 252|0x00000000efc00000, 0x00000000efd00000, 0x00000000efd00000|100%| E|CS|TAMS 0x00000000efc00000, 0x00000000efc00000| Complete 
| 253|0x00000000efd00000, 0x00000000efe00000, 0x00000000efe00000|100%| E|CS|TAMS 0x00000000efd00000, 0x00000000efd00000| Complete 
| 254|0x00000000efe00000, 0x00000000eff00000, 0x00000000eff00000|100%| E|CS|TAMS 0x00000000efe00000, 0x00000000efe00000| Complete 
| 255|0x00000000eff00000, 0x00000000f0000000, 0x00000000f0000000|100%| E|CS|TAMS 0x00000000eff00000, 0x00000000eff00000| Complete 

Card table byte_map: [0x0000025ac0d80000,0x0000025ac0e80000] _byte_map_base: 0x0000025ac0680000

Marking Bits (Prev, Next): (CMBitMap*) 0x0000025aa98ea8a0, (CMBitMap*) 0x0000025aa98ea868
 Prev Bits: [0x0000025ac1780000, 0x0000025ac1f80000)
 Next Bits: [0x0000025ac0f80000, 0x0000025ac1780000)

Polling page: 0x0000025aa78c0000

Metaspace:

Usage:
  Non-class:     83.96 MB capacity,    81.72 MB ( 97%) used,     1.95 MB (  2%) free+waste,   296.75 KB ( <1%) overhead. 
      Class:     13.04 MB capacity,    11.66 MB ( 89%) used,     1.25 MB ( 10%) free+waste,   132.56 KB ( <1%) overhead. 
       Both:     97.00 MB capacity,    93.38 MB ( 96%) used,     3.20 MB (  3%) free+waste,   429.31 KB ( <1%) overhead. 

Virtual space:
  Non-class space:       86.00 MB reserved,      84.25 MB ( 98%) committed 
      Class space:      248.00 MB reserved,      13.13 MB (  5%) committed 
             Both:      334.00 MB reserved,      97.38 MB ( 29%) committed 

Chunk freelists:
   Non-Class:  21.00 KB
       Class:  6.63 KB
        Both:  27.63 KB

CodeHeap 'non-profiled nmethods': size=120064Kb used=11900Kb max_used=12017Kb free=108163Kb
 bounds [0x0000025ab9840000, 0x0000025aba410000, 0x0000025ac0d80000]
CodeHeap 'profiled nmethods': size=120000Kb used=31817Kb max_used=34474Kb free=88182Kb
 bounds [0x0000025ab2310000, 0x0000025ab44d0000, 0x0000025ab9840000]
CodeHeap 'non-nmethods': size=5696Kb used=2278Kb max_used=2343Kb free=3417Kb
 bounds [0x0000025ab1d80000, 0x0000025ab1ff0000, 0x0000025ab2310000]
 total_blobs=16738 nmethods=15866 adapters=782
 compilation: enabled
              stopped_count=0, restarted_count=0
 full_count=0

Compilation events (10 events):
Event: 1940.599 Thread 0x0000025ac45b2800 18005   !   3       java.nio.charset.CharsetDecoder::decode (287 bytes)
Event: 1940.602 Thread 0x0000025ac45b2800 nmethod 18005 0x0000025ab24a2210 code [0x0000025ab24a2540, 0x0000025ab24a3a58]
Event: 1940.602 Thread 0x0000025ac45b2800 18006       3       org.gradle.internal.io.LinePerThreadBufferingOutputStream::flush (14 bytes)
Event: 1940.602 Thread 0x0000025ac45b2800 nmethod 18006 0x0000025ab242bf10 code [0x0000025ab242c0e0, 0x0000025ab242c4d8]
Event: 1940.602 Thread 0x0000025ac45b2800 18007       3       org.gradle.internal.io.LinePerThreadBufferingOutputStream::maybeGetStream (11 bytes)
Event: 1940.603 Thread 0x0000025ac45b2800 nmethod 18007 0x0000025ab2441c90 code [0x0000025ab2441e40, 0x0000025ab24420e8]
Event: 1940.604 Thread 0x0000025ac45b2800 18010       3       org.gradle.internal.logging.events.StyledTextOutputEvent$Span::<init> (15 bytes)
Event: 1940.605 Thread 0x0000025ac45b2800 nmethod 18010 0x0000025ab244ef10 code [0x0000025ab244f0c0, 0x0000025ab244f2d8]
Event: 1940.607 Thread 0x0000025ac45b2800 18011       3       org.gradle.internal.serialize.BaseSerializerFactory$EnumSerializer::write (10 bytes)
Event: 1940.608 Thread 0x0000025ac45b2800 nmethod 18011 0x0000025ab2450210 code [0x0000025ab24503e0, 0x0000025ab2450728]

GC Heap History (10 events):
Event: 1886.745 GC heap before
{Heap before GC invocations=49 (full 0):
 garbage-first heap   total 262144K, used 217768K [0x00000000e0000000, 0x0000000100000000)
  region size 1024K, 74 young (75776K), 6 survivors (6144K)
 Metaspace       used 95485K, capacity 99235K, committed 99712K, reserved 342016K
  class space    used 11919K, capacity 13323K, committed 13440K, reserved 253952K
}
Event: 1886.767 GC heap after
{Heap after GC invocations=50 (full 0):
 garbage-first heap   total 262144K, used 152416K [0x00000000e0000000, 0x0000000100000000)
  region size 1024K, 10 young (10240K), 10 survivors (10240K)
 Metaspace       used 95485K, capacity 99235K, committed 99712K, reserved 342016K
  class space    used 11919K, capacity 13323K, committed 13440K, reserved 253952K
}
Event: 1894.019 GC heap before
{Heap before GC invocations=50 (full 0):
 garbage-first heap   total 262144K, used 218976K [0x00000000e0000000, 0x0000000100000000)
  region size 1024K, 75 young (76800K), 10 survivors (10240K)
 Metaspace       used 95485K, capacity 99235K, committed 99712K, reserved 342016K
  class space    used 11919K, capacity 13323K, committed 13440K, reserved 253952K
}
Event: 1894.059 GC heap after
{Heap after GC invocations=51 (full 0):
 garbage-first heap   total 262144K, used 156594K [0x00000000e0000000, 0x0000000100000000)
  region size 1024K, 7 young (7168K), 7 survivors (7168K)
 Metaspace       used 95485K, capacity 99235K, committed 99712K, reserved 342016K
  class space    used 11919K, capacity 13323K, committed 13440K, reserved 253952K
}
Event: 1898.723 GC heap before
{Heap before GC invocations=51 (full 0):
 garbage-first heap   total 262144K, used 219058K [0x00000000e0000000, 0x0000000100000000)
  region size 1024K, 68 young (69632K), 7 survivors (7168K)
 Metaspace       used 95487K, capacity 99235K, committed 99712K, reserved 342016K
  class space    used 11919K, capacity 13323K, committed 13440K, reserved 253952K
}
Event: 1898.757 GC heap after
{Heap after GC invocations=52 (full 0):
 garbage-first heap   total 262144K, used 159554K [0x00000000e0000000, 0x0000000100000000)
  region size 1024K, 6 young (6144K), 6 survivors (6144K)
 Metaspace       used 95487K, capacity 99235K, committed 99712K, reserved 342016K
  class space    used 11919K, capacity 13323K, committed 13440K, reserved 253952K
}
Event: 1904.258 GC heap before
{Heap before GC invocations=53 (full 0):
 garbage-first heap   total 262144K, used 219970K [0x00000000e0000000, 0x0000000100000000)
  region size 1024K, 65 young (66560K), 6 survivors (6144K)
 Metaspace       used 95487K, capacity 99235K, committed 99712K, reserved 342016K
  class space    used 11919K, capacity 13323K, committed 13440K, reserved 253952K
}
Event: 1904.289 GC heap after
{Heap after GC invocations=54 (full 0):
 garbage-first heap   total 262144K, used 163808K [0x00000000e0000000, 0x0000000100000000)
  region size 1024K, 7 young (7168K), 7 survivors (7168K)
 Metaspace       used 95487K, capacity 99235K, committed 99712K, reserved 342016K
  class space    used 11919K, capacity 13323K, committed 13440K, reserved 253952K
}
Event: 1904.687 GC heap before
{Heap before GC invocations=54 (full 0):
 garbage-first heap   total 262144K, used 168928K [0x00000000e0000000, 0x0000000100000000)
  region size 1024K, 12 young (12288K), 7 survivors (7168K)
 Metaspace       used 95487K, capacity 99235K, committed 99712K, reserved 342016K
  class space    used 11919K, capacity 13323K, committed 13440K, reserved 253952K
}
Event: 1904.735 GC heap after
{Heap after GC invocations=55 (full 0):
 garbage-first heap   total 262144K, used 155790K [0x00000000e0000000, 0x0000000100000000)
  region size 1024K, 2 young (2048K), 2 survivors (2048K)
 Metaspace       used 95487K, capacity 99235K, committed 99712K, reserved 342016K
  class space    used 11919K, capacity 13323K, committed 13440K, reserved 253952K
}

Deoptimization events (10 events):
Event: 1840.767 Thread 0x0000025acbb6c000 Uncommon trap: reason=unstable_if action=reinterpret pc=0x0000025ab9e38a08 method=java.util.concurrent.FutureTask.awaitDone(ZJ)I @ 23 c2
Event: 1845.242 Thread 0x0000025ac78de800 Uncommon trap: reason=unstable_if action=reinterpret pc=0x0000025ab9e4b244 method=org.gradle.internal.time.DefaultCountdownTimer.hasExpired()Z @ 6 c2
Event: 1908.556 Thread 0x0000025acd948800 Uncommon trap: reason=bimorphic_or_optimized_type_check action=maybe_recompile pc=0x0000025ab9ff7bc4 method=org.gradle.internal.event.ListenerBroadcast.dispatch(Lorg/gradle/internal/dispatch/MethodInvocation;)V @ 5 c2
Event: 1928.381 Thread 0x0000025acd949800 Uncommon trap: reason=class_check action=maybe_recompile pc=0x0000025ab9fe1fd0 method=java.io.PrintStream.flush()V @ 12 c2
Event: 1928.381 Thread 0x0000025acd949800 Uncommon trap: reason=unstable_if action=reinterpret pc=0x0000025aba2d70e8 method=java.nio.charset.CharsetDecoder.decode(Ljava/nio/ByteBuffer;Ljava/nio/CharBuffer;Z)Ljava/nio/charset/CoderResult; @ 1 c2
Event: 1928.381 Thread 0x0000025acd949800 Uncommon trap: reason=class_check action=maybe_recompile pc=0x0000025aba0b37b0 method=org.gradle.internal.logging.sink.OutputEventTransformer.onOutput(Lorg/gradle/internal/logging/events/OutputEvent;)V @ 371 c2
Event: 1928.383 Thread 0x0000025acd949800 Uncommon trap: reason=class_check action=maybe_recompile pc=0x0000025aba0b37b0 method=org.gradle.internal.logging.sink.OutputEventTransformer.onOutput(Lorg/gradle/internal/logging/events/OutputEvent;)V @ 371 c2
Event: 1928.383 Thread 0x0000025acd949800 Uncommon trap: reason=class_check action=maybe_recompile pc=0x0000025ab9fe1fd0 method=java.io.PrintStream.flush()V @ 12 c2
Event: 1928.445 Thread 0x0000025acd949800 Uncommon trap: reason=class_check action=maybe_recompile pc=0x0000025ab9fe1fd0 method=java.io.PrintStream.flush()V @ 12 c2
Event: 1928.445 Thread 0x0000025acd949800 Uncommon trap: reason=class_check action=maybe_recompile pc=0x0000025ab9fe1fd0 method=java.io.PrintStream.flush()V @ 12 c2

Classes redefined (0 events):
No events

Internal exceptions (10 events):
Event: 1758.617 Thread 0x0000025acf970000 Exception <a 'sun/nio/fs/WindowsException'{0x00000000edf25038}> (0x00000000edf25038) thrown at [./open/src/hotspot/share/prims/jni.cpp, line 611]
Event: 1758.617 Thread 0x0000025acf970000 Exception <a 'sun/nio/fs/WindowsException'{0x00000000edf25c78}> (0x00000000edf25c78) thrown at [./open/src/hotspot/share/prims/jni.cpp, line 611]
Event: 1758.622 Thread 0x0000025acf974000 Exception <a 'sun/nio/fs/WindowsException'{0x00000000edf36e38}> (0x00000000edf36e38) thrown at [./open/src/hotspot/share/prims/jni.cpp, line 611]
Event: 1758.622 Thread 0x0000025acf974000 Exception <a 'sun/nio/fs/WindowsException'{0x00000000edf37a60}> (0x00000000edf37a60) thrown at [./open/src/hotspot/share/prims/jni.cpp, line 611]
Event: 1758.633 Thread 0x0000025ac78e2000 Exception <a 'sun/nio/fs/WindowsException'{0x00000000ee05bd68}> (0x00000000ee05bd68) thrown at [./open/src/hotspot/share/prims/jni.cpp, line 611]
Event: 1758.633 Thread 0x0000025ac78e2000 Exception <a 'sun/nio/fs/WindowsException'{0x00000000ee05d198}> (0x00000000ee05d198) thrown at [./open/src/hotspot/share/prims/jni.cpp, line 611]
Event: 1758.639 Thread 0x0000025acf970000 Exception <a 'sun/nio/fs/WindowsException'{0x00000000edf5ecd0}> (0x00000000edf5ecd0) thrown at [./open/src/hotspot/share/prims/jni.cpp, line 611]
Event: 1758.639 Thread 0x0000025acf970000 Exception <a 'sun/nio/fs/WindowsException'{0x00000000edf5f8f0}> (0x00000000edf5f8f0) thrown at [./open/src/hotspot/share/prims/jni.cpp, line 611]
Event: 1758.653 Thread 0x0000025acf974000 Exception <a 'sun/nio/fs/WindowsException'{0x00000000edf87ce8}> (0x00000000edf87ce8) thrown at [./open/src/hotspot/share/prims/jni.cpp, line 611]
Event: 1758.653 Thread 0x0000025acf974000 Exception <a 'sun/nio/fs/WindowsException'{0x00000000edf88918}> (0x00000000edf88918) thrown at [./open/src/hotspot/share/prims/jni.cpp, line 611]

Events (10 events):
Event: 1928.383 Thread 0x0000025acd949800 DEOPT UNPACKING pc=0x0000025ab1da662f sp=0x00000066563febd0 mode 2
Event: 1928.383 Thread 0x0000025acd949800 Uncommon trap: trap_request=0xffffffde fr.pc=0x0000025ab9fe1fd0 relative=0x0000000000000290
Event: 1928.383 Thread 0x0000025acd949800 DEOPT PACKING pc=0x0000025ab9fe1fd0 sp=0x00000066563ff040
Event: 1928.383 Thread 0x0000025acd949800 DEOPT UNPACKING pc=0x0000025ab1da662f sp=0x00000066563fefe8 mode 2
Event: 1928.445 Thread 0x0000025acd949800 Uncommon trap: trap_request=0xffffffde fr.pc=0x0000025ab9fe1fd0 relative=0x0000000000000290
Event: 1928.445 Thread 0x0000025acd949800 DEOPT PACKING pc=0x0000025ab9fe1fd0 sp=0x00000066563ff040
Event: 1928.445 Thread 0x0000025acd949800 DEOPT UNPACKING pc=0x0000025ab1da662f sp=0x00000066563fefe8 mode 2
Event: 1928.445 Thread 0x0000025acd949800 Uncommon trap: trap_request=0xffffffde fr.pc=0x0000025ab9fe1fd0 relative=0x0000000000000290
Event: 1928.445 Thread 0x0000025acd949800 DEOPT PACKING pc=0x0000025ab9fe1fd0 sp=0x00000066563ff040
Event: 1928.445 Thread 0x0000025acd949800 DEOPT UNPACKING pc=0x0000025ab1da662f sp=0x00000066563fefe8 mode 2


Dynamic libraries:
0x00007ff74ada0000 - 0x00007ff74adaf000 	C:\Program Files\Java\jdk-11.0.12\bin\java.exe
0x00007ffd3daf0000 - 0x00007ffd3dce5000 	C:\Windows\SYSTEM32\ntdll.dll
0x00007ffd3bcc0000 - 0x00007ffd3bd7e000 	C:\Windows\System32\KERNEL32.DLL
0x00007ffd3b6f0000 - 0x00007ffd3b9b8000 	C:\Windows\System32\KERNELBASE.dll
0x00007ffd38570000 - 0x00007ffd38600000 	C:\Windows\SYSTEM32\apphelp.dll
0x00007ffd3b3a0000 - 0x00007ffd3b4a0000 	C:\Windows\System32\ucrtbase.dll
0x00007ffd35b10000 - 0x00007ffd35b28000 	C:\Program Files\Java\jdk-11.0.12\bin\jli.dll
0x00007ffd3bb90000 - 0x00007ffd3bc3e000 	C:\Windows\System32\ADVAPI32.dll
0x00007ffd3cb80000 - 0x00007ffd3cc1e000 	C:\Windows\System32\msvcrt.dll
0x00007ffd3bd80000 - 0x00007ffd3be1c000 	C:\Windows\System32\sechost.dll
0x00007ffd3bed0000 - 0x00007ffd3bff5000 	C:\Windows\System32\RPCRT4.dll
0x00007ffd35ce0000 - 0x00007ffd35cf5000 	C:\Program Files\Java\jdk-11.0.12\bin\VCRUNTIME140.dll
0x00007ffd3d8f0000 - 0x00007ffd3da91000 	C:\Windows\System32\USER32.dll
0x00007ffd2b6d0000 - 0x00007ffd2b96a000 	C:\Windows\WinSxS\amd64_microsoft.windows.common-controls_6595b64144ccf1df_6.0.19041.1110_none_60b5254171f9507e\COMCTL32.dll
0x00007ffd3bb00000 - 0x00007ffd3bb22000 	C:\Windows\System32\win32u.dll
0x00007ffd3c0e0000 - 0x00007ffd3c10b000 	C:\Windows\System32\GDI32.dll
0x00007ffd3b200000 - 0x00007ffd3b30d000 	C:\Windows\System32\gdi32full.dll
0x00007ffd3b600000 - 0x00007ffd3b69d000 	C:\Windows\System32\msvcp_win.dll
0x00007ffd354e0000 - 0x00007ffd354ea000 	C:\Windows\SYSTEM32\VERSION.dll
0x00007ffd3c3f0000 - 0x00007ffd3c420000 	C:\Windows\System32\IMM32.DLL
0x00007ffcfce00000 - 0x00007ffcfce9b000 	C:\Program Files\Java\jdk-11.0.12\bin\msvcp140.dll
0x00007ffcdd8b0000 - 0x00007ffcde3af000 	C:\Program Files\Java\jdk-11.0.12\bin\server\jvm.dll
0x00007ffd3d880000 - 0x00007ffd3d888000 	C:\Windows\System32\PSAPI.DLL
0x00007ffd26760000 - 0x00007ffd26769000 	C:\Windows\SYSTEM32\WSOCK32.dll
0x00007ffd3d810000 - 0x00007ffd3d87b000 	C:\Windows\System32\WS2_32.dll
0x00007ffd2f030000 - 0x00007ffd2f057000 	C:\Windows\SYSTEM32\WINMM.dll
0x00007ffd39a90000 - 0x00007ffd39aa2000 	C:\Windows\SYSTEM32\kernel.appcore.dll
0x00007ffd35800000 - 0x00007ffd35810000 	C:\Program Files\Java\jdk-11.0.12\bin\verify.dll
0x00007ffd39740000 - 0x00007ffd39924000 	C:\Windows\SYSTEM32\DBGHELP.DLL
0x00007ffd329c0000 - 0x00007ffd329ec000 	C:\Windows\SYSTEM32\dbgcore.DLL
0x00007ffd3b310000 - 0x00007ffd3b392000 	C:\Windows\System32\bcryptPrimitives.dll
0x00007ffd25df0000 - 0x00007ffd25e18000 	C:\Program Files\Java\jdk-11.0.12\bin\java.dll
0x00007ffd357c0000 - 0x00007ffd357ca000 	C:\Program Files\Java\jdk-11.0.12\bin\jimage.dll
0x00007ffd25dd0000 - 0x00007ffd25de6000 	C:\Program Files\Java\jdk-11.0.12\bin\zip.dll
0x00007ffd3cc30000 - 0x00007ffd3d374000 	C:\Windows\System32\SHELL32.dll
0x00007ffd38fa0000 - 0x00007ffd39735000 	C:\Windows\SYSTEM32\windows.storage.dll
0x00007ffd3d4b0000 - 0x00007ffd3d805000 	C:\Windows\System32\combase.dll
0x00007ffd3aaa0000 - 0x00007ffd3aace000 	C:\Windows\SYSTEM32\Wldp.dll
0x00007ffd3d380000 - 0x00007ffd3d42d000 	C:\Windows\System32\SHCORE.dll
0x00007ffd3bb30000 - 0x00007ffd3bb85000 	C:\Windows\System32\shlwapi.dll
0x00007ffd3b140000 - 0x00007ffd3b15f000 	C:\Windows\SYSTEM32\profapi.dll
0x00007ffd25be0000 - 0x00007ffd25bf9000 	C:\Program Files\Java\jdk-11.0.12\bin\net.dll
0x00007ffd2b270000 - 0x00007ffd2b37c000 	C:\Windows\SYSTEM32\WINHTTP.dll
0x00007ffd3a880000 - 0x00007ffd3a8ea000 	C:\Windows\system32\mswsock.dll
0x00007ffd25bc0000 - 0x00007ffd25bd2000 	C:\Program Files\Java\jdk-11.0.12\bin\nio.dll
0x00007ffd25b90000 - 0x00007ffd25bb7000 	C:\Users\mjazi\.gradle\native\fdc75f09e3144964f2cf3f50f0aa648679c211496f362492102eb8c894070792\windows-amd64\native-platform.dll
0x00007ffcf5430000 - 0x00007ffcf55c6000 	C:\Users\mjazi\.gradle\native\12488b8bf47d2d4c9fbf2f6322a914ad602e24e48041cd04a747c6da556b65c4\windows-amd64\native-platform-file-events.dll
0x00007ffd33c20000 - 0x00007ffd33c29000 	C:\Program Files\Java\jdk-11.0.12\bin\management.dll
0x00007ffd33670000 - 0x00007ffd3367b000 	C:\Program Files\Java\jdk-11.0.12\bin\management_ext.dll
0x00007ffd3ade0000 - 0x00007ffd3adf8000 	C:\Windows\SYSTEM32\CRYPTSP.dll
0x00007ffd3a220000 - 0x00007ffd3a254000 	C:\Windows\system32\rsaenh.dll
0x00007ffd3ba20000 - 0x00007ffd3ba47000 	C:\Windows\System32\bcrypt.dll
0x00007ffd3b0c0000 - 0x00007ffd3b0ee000 	C:\Windows\SYSTEM32\USERENV.dll
0x00007ffd3aa10000 - 0x00007ffd3aa1c000 	C:\Windows\SYSTEM32\CRYPTBASE.dll
0x00007ffd3a590000 - 0x00007ffd3a5cb000 	C:\Windows\SYSTEM32\IPHLPAPI.DLL
0x00007ffd3daa0000 - 0x00007ffd3daa8000 	C:\Windows\System32\NSI.dll
0x00007ffd32890000 - 0x00007ffd328a7000 	C:\Windows\SYSTEM32\dhcpcsvc6.DLL
0x00007ffd32980000 - 0x00007ffd3299d000 	C:\Windows\SYSTEM32\dhcpcsvc.DLL
0x00007ffd3a5d0000 - 0x00007ffd3a69b000 	C:\Windows\SYSTEM32\DNSAPI.dll
0x00007ffd33b20000 - 0x00007ffd33b2b000 	C:\Windows\SYSTEM32\WINNSI.DLL
0x00007ffd2a3f0000 - 0x00007ffd2a3fa000 	C:\Windows\System32\rasadhlp.dll
0x00007ffd2ae20000 - 0x00007ffd2ae9f000 	C:\Windows\System32\fwpuclnt.dll

dbghelp: loaded successfully - version: 4.0.5 - missing functions: none
symbol engine: initialized successfully - sym options: 0x614 - pdb path: .;C:\Program Files\Java\jdk-11.0.12\bin;C:\Windows\SYSTEM32;C:\Windows\WinSxS\amd64_microsoft.windows.common-controls_6595b64144ccf1df_6.0.19041.1110_none_60b5254171f9507e;C:\Program Files\Java\jdk-11.0.12\bin\server;C:\Users\mjazi\.gradle\native\fdc75f09e3144964f2cf3f50f0aa648679c211496f362492102eb8c894070792\windows-amd64;C:\Users\mjazi\.gradle\native\12488b8bf47d2d4c9fbf2f6322a914ad602e24e48041cd04a747c6da556b65c4\windows-amd64

VM Arguments:
jvm_args: --add-opens=java.base/java.util=ALL-UNNAMED --add-opens=java.base/java.lang=ALL-UNNAMED --add-opens=java.base/java.lang.invoke=ALL-UNNAMED --add-opens=java.prefs/java.util.prefs=ALL-UNNAMED -XX:MaxMetaspaceSize=256m -XX:+HeapDumpOnOutOfMemoryError -Xms256m -Xmx512m -Dfile.encoding=windows-1252 -Duser.country=US -Duser.language=en -Duser.variant 
java_command: org.gradle.launcher.daemon.bootstrap.GradleDaemon 6.7.1
java_class_path (initial): C:\Users\mjazi\.gradle\wrapper\dists\gradle-6.7.1-bin\bwlcbys1h7rz3272sye1xwiv6\gradle-6.7.1\lib\gradle-launcher-6.7.1.jar
Launcher Type: SUN_STANDARD

[Global flags]
     intx CICompilerCount                          = 3                                         {product} {ergonomic}
   size_t CompressedClassSpaceSize                 = 260046848                                 {product} {ergonomic}
     uint ConcGCThreads                            = 1                                         {product} {ergonomic}
     uint G1ConcRefinementThreads                  = 4                                         {product} {ergonomic}
   size_t G1HeapRegionSize                         = 1048576                                   {product} {ergonomic}
    uintx GCDrainStackTargetSize                   = 64                                        {product} {ergonomic}
     bool HeapDumpOnOutOfMemoryError               = true                                   {manageable} {command line}
   size_t InitialHeapSize                          = 268435456                                 {product} {command line}
   size_t MarkStackSize                            = 4194304                                   {product} {ergonomic}
   size_t MaxHeapSize                              = 536870912                                 {product} {command line}
   size_t MaxMetaspaceSize                         = 268435456                                 {product} {command line}
   size_t MaxNewSize                               = 321912832                                 {product} {ergonomic}
   size_t MinHeapDeltaBytes                        = 1048576                                   {product} {ergonomic}
    uintx NonNMethodCodeHeapSize                   = 5830732                                {pd product} {ergonomic}
    uintx NonProfiledCodeHeapSize                  = 122913754                              {pd product} {ergonomic}
    uintx ProfiledCodeHeapSize                     = 122913754                              {pd product} {ergonomic}
    uintx ReservedCodeCacheSize                    = 251658240                              {pd product} {ergonomic}
     bool SegmentedCodeCache                       = true                                      {product} {ergonomic}
     bool UseCompressedClassPointers               = true                                 {lp64_product} {ergonomic}
     bool UseCompressedOops                        = true                                 {lp64_product} {ergonomic}
     bool UseG1GC                                  = true                                      {product} {ergonomic}
     bool UseLargePagesIndividualAllocation        = false                                  {pd product} {ergonomic}

Logging:
Log output configuration:
 #0: stdout all=warning uptime,level,tags
 #1: stderr all=off uptime,level,tags

Environment Variables:
JAVA_HOME=C:\Program Files\Java\jdk-11.0.12
CLASSPATH=C:\Users\mjazi\GharbarMobileApp1\android\\gradle\wrapper\gradle-wrapper.jar
PATH=C:\Users\mjazi\GharbarMobileApp1\android\node_modules\.bin;C:\Users\mjazi\GharbarMobileApp1\node_modules\.bin;C:\Users\mjazi\node_modules\.bin;C:\Users\node_modules\.bin;C:\node_modules\.bin;C:\Program Files\nodejs;C:\Users\mjazi\GharbarMobileApp1\node_modules\.bin;C:\Program Files\Git\mingw64\bin;C:\Program Files\Git\usr\bin;C:\Users\mjazi\bin;C:\Python39\Scripts;C:\Python39;C:\Program Files\Common Files\Oracle\Java\javapath;C:\Windows\system32;C:\Windows;C:\Windows\System32\Wbem;C:\Windows\System32\WindowsPowerShell\v1.0;C:\Windows\System32\OpenSSH;C:\Program Files\nodejs;C:\ProgramData\chocolatey\bin;C:\Program Files\Java\jdk-11.0.12\bin;C:\Users\mjazi\AppData\Local\Android\Sdk\platform-tools;C:\Program Files (x86)\dotnet;C:\Program Files\Git\cmd;C:\Users\mjazi\AppData\Local\Microsoft\WindowsApps;D:\Microsoft VS Code\bin;C:\Users\mjazi\AppData\Roaming\npm;C:\Users\mjazi\AppData\Local\GitHubDesktop\bin
USERNAME=jazib
OS=Windows_NT
PROCESSOR_IDENTIFIER=Intel64 Family 6 Model 78 Stepping 3, GenuineIntel



---------------  S Y S T E M  ---------------

OS: Windows 10 , 64 bit Build 19041 (10.0.19041.1466)
Hyper-V role detected

CPU:total 4 (initial active 4) (2 cores per cpu, 2 threads per core) family 6 model 78 stepping 3 microcode 0xe2, cmov, cx8, fxsr, mmx, sse, sse2, sse3, ssse3, sse4.1, sse4.2, popcnt, avx, avx2, aes, clmul, erms, rtm, 3dnowpref, lzcnt, ht, tsc, tscinvbit, bmi1, bmi2, adx, fma

Memory: 4k page, system-wide physical 8013M (329M free)
TotalPageFile size 26038M (AvailPageFile size 0M)
current process WorkingSet (physical memory assigned to process): 408M, peak: 465M
current process commit charge ("private bytes"): 564M, peak: 588M

vm_info: Java HotSpot(TM) 64-Bit Server VM (11.0.12+8-LTS-237) for windows-amd64 JRE (11.0.12+8-LTS-237), built on Jun  8 2021 11:25:59 by "mach5one" with MS VC++ 15.9 (VS2017)

END.
